info|2021-01-28 23:00:00.571201|[g:1][CONSENSUS][SEALER]++++++++++++++++ Generating seal on,blkNum=25,tx=0,nodeIdx=3,hash=eb73bdaa...
info|2021-01-28 23:00:00.580507|[g:1][CONSENSUS][PBFT]checkTimeout Succ,view=1115,toView=1116,nodeIdx=3,changeCycle=1,myNode=cef50e6d...,timecost=0.177
info|2021-01-28 23:00:00.581464|[g:1][CONSENSUS][PBFT]checkAndChangeView: Reach consensus,org_view=1115,cur_changeCycle=1,curView=1115,view=1116
info|2021-01-28 23:00:01.581830|[g:1][CONSENSUS]addRawPrepare,height=25,reqIdx=0,hash=59ee2e51...,time=0
info|2021-01-28 23:00:01.582326|[g:1][CONSENSUS][PBFT]checkTimeout Succ,view=1116,toView=1117,nodeIdx=3,changeCycle=1,myNode=cef50e6d...,timecost=0.47
info|2021-01-28 23:00:01.586499|[g:1][CONSENSUS][PBFT]checkAndChangeView: Reach consensus,org_view=1116,cur_changeCycle=1,curView=1116,view=1117
info|2021-01-28 23:00:02.590281|[g:1][CONSENSUS]addRawPrepare,height=25,reqIdx=1,hash=d9db3100...,time=0
info|2021-01-28 23:00:02.590716|[g:1][CONSENSUS][PBFT]checkTimeout Succ,view=1117,toView=1118,nodeIdx=3,changeCycle=1,myNode=cef50e6d...,timecost=0.164
info|2021-01-28 23:00:02.594575|[g:1][CONSENSUS][PBFT]checkAndChangeView: Reach consensus,org_view=1117,cur_changeCycle=1,curView=1117,view=1118
info|2021-01-28 23:00:03.596069|[g:1][CONSENSUS]addRawPrepare,height=25,reqIdx=2,hash=12a64ff5...,time=0
info|2021-01-28 23:00:03.596258|[g:1][CONSENSUS][PBFT]checkTimeout Succ,view=1118,toView=1119,nodeIdx=3,changeCycle=1,myNode=cef50e6d...,timecost=0.163
info|2021-01-28 23:00:03.598247|[g:1][CONSENSUS][PBFT]checkAndChangeView: Reach consensus,org_view=1118,cur_changeCycle=1,curView=1118,view=1119
info|2021-01-28 23:00:04.603354|[g:1][CONSENSUS][SEALER]++++++++++++++++ Generating seal on,blkNum=25,tx=0,nodeIdx=3,hash=a451567a...
info|2021-01-28 23:00:04.623806|[g:1][CONSENSUS][PBFT]checkTimeout Succ,view=1119,toView=1120,nodeIdx=3,changeCycle=1,myNode=cef50e6d...,timecost=0.233
info|2021-01-28 23:00:04.625351|[g:1][CONSENSUS][PBFT]checkAndChangeView: Reach consensus,org_view=1119,cur_changeCycle=1,curView=1119,view=1120
info|2021-01-28 23:00:04.991827|[P2P][Service] heartBeat,connected count=3
info|2021-01-28 23:00:05.624771|[g:1][CONSENSUS]addRawPrepare,height=25,reqIdx=0,hash=ff1a8920...,time=4
info|2021-01-28 23:00:05.629119|[g:1][CONSENSUS][PBFT]checkTimeout Succ,view=1120,toView=1121,nodeIdx=3,changeCycle=1,myNode=cef50e6d...,timecost=0.168
info|2021-01-28 23:00:05.630959|[g:1][CONSENSUS][PBFT]checkAndChangeView: Reach consensus,org_view=1120,cur_changeCycle=1,curView=1120,view=1121
info|2021-01-28 23:00:06.633191|[g:1][CONSENSUS]addRawPrepare,height=25,reqIdx=1,hash=cafea72f...,time=0
info|2021-01-28 23:00:06.633411|[g:1][CONSENSUS][PBFT]checkTimeout Succ,view=1121,toView=1122,nodeIdx=3,changeCycle=1,myNode=cef50e6d...,timecost=0.19
info|2021-01-28 23:00:06.638256|[g:1][CONSENSUS][PBFT]checkAndChangeView: Reach consensus,org_view=1121,cur_changeCycle=1,curView=1121,view=1122
info|2021-01-28 23:00:07.645268|[g:1][CONSENSUS]addRawPrepare,height=25,reqIdx=2,hash=b97b7042...,time=0
info|2021-01-28 23:00:07.645462|[g:1][CONSENSUS][PBFT]checkTimeout Succ,view=1122,toView=1123,nodeIdx=3,changeCycle=1,myNode=cef50e6d...,timecost=0.166
info|2021-01-28 23:00:07.651616|[g:1][CONSENSUS][PBFT]checkAndChangeView: Reach consensus,org_view=1122,cur_changeCycle=1,curView=1122,view=1123
info|2021-01-28 23:00:08.661722|[g:1][CONSENSUS][SEALER]++++++++++++++++ Generating seal on,blkNum=25,tx=0,nodeIdx=3,hash=563e97f7...
info|2021-01-28 23:00:08.679498|[g:1][CONSENSUS][PBFT]checkTimeout Succ,view=1123,toView=1124,nodeIdx=3,changeCycle=1,myNode=cef50e6d...,timecost=0.189
info|2021-01-28 23:00:08.682996|[g:1][CONSENSUS][PBFT]checkAndChangeView: Reach consensus,org_view=1123,cur_changeCycle=1,curView=1123,view=1124
info|2021-01-28 23:00:09.682186|[g:1][CONSENSUS]addRawPrepare,height=25,reqIdx=0,hash=bc271b89...,time=0
info|2021-01-28 23:00:09.682396|[g:1][CONSENSUS][PBFT]checkTimeout Succ,view=1124,toView=1125,nodeIdx=3,changeCycle=1,myNode=cef50e6d...,timecost=0.179
info|2021-01-28 23:00:09.687279|[g:1][CONSENSUS][PBFT]checkAndChangeView: Reach consensus,org_view=1124,cur_changeCycle=1,curView=1124,view=1125
info|2021-01-28 23:00:10.688452|[g:1][CONSENSUS]addRawPrepare,height=25,reqIdx=1,hash=0ecb6cdb...,time=0
info|2021-01-28 23:00:10.688668|[g:1][CONSENSUS][PBFT]checkTimeout Succ,view=1125,toView=1126,nodeIdx=3,changeCycle=1,myNode=cef50e6d...,timecost=0.19
info|2021-01-28 23:00:10.691498|[g:1][CONSENSUS][PBFT]checkAndChangeView: Reach consensus,org_view=1125,cur_changeCycle=1,curView=1125,view=1126
info|2021-01-28 23:00:11.696493|[g:1][CONSENSUS]addRawPrepare,height=25,reqIdx=2,hash=fd451938...,time=0
info|2021-01-28 23:00:11.696695|[g:1][CONSENSUS][PBFT]checkTimeout Succ,view=1126,toView=1127,nodeIdx=3,changeCycle=1,myNode=cef50e6d...,timecost=0.161
info|2021-01-28 23:00:11.698785|[g:1][CONSENSUS][PBFT]checkAndChangeView: Reach consensus,org_view=1126,cur_changeCycle=1,curView=1126,view=1127
info|2021-01-28 23:00:12.705921|[g:1][CONSENSUS][SEALER]++++++++++++++++ Generating seal on,blkNum=25,tx=0,nodeIdx=3,hash=03d9e505...
info|2021-01-28 23:00:12.712385|[g:1][CONSENSUS][PBFT]checkTimeout Succ,view=1127,toView=1128,nodeIdx=3,changeCycle=1,myNode=cef50e6d...,timecost=0.172
info|2021-01-28 23:00:12.713556|[g:1][CONSENSUS][PBFT]checkAndChangeView: Reach consensus,org_view=1127,cur_changeCycle=1,curView=1127,view=1128
info|2021-01-28 23:00:13.712599|[g:1][CONSENSUS]addRawPrepare,height=25,reqIdx=0,hash=6f1e0544...,time=0
info|2021-01-28 23:00:13.712805|[g:1][CONSENSUS][PBFT]checkTimeout Succ,view=1128,toView=1129,nodeIdx=3,changeCycle=1,myNode=cef50e6d...,timecost=0.168
info|2021-01-28 23:00:13.721352|[g:1][CONSENSUS][PBFT]checkAndChangeView: Reach consensus,org_view=1128,cur_changeCycle=1,curView=1128,view=1129
info|2021-01-28 23:00:14.724064|[g:1][CONSENSUS]addRawPrepare,height=25,reqIdx=1,hash=315fb9d1...,time=0
info|2021-01-28 23:00:14.724266|[g:1][CONSENSUS][PBFT]checkTimeout Succ,view=1129,toView=1130,nodeIdx=3,changeCycle=1,myNode=cef50e6d...,timecost=0.175
info|2021-01-28 23:00:14.732459|[g:1][CONSENSUS][PBFT]checkAndChangeView: Reach consensus,org_view=1129,cur_changeCycle=1,curView=1129,view=1130
info|2021-01-28 23:00:14.991965|[P2P][Service] heartBeat,connected count=3
info|2021-01-28 23:00:15.741674|[g:1][CONSENSUS]addRawPrepare,height=25,reqIdx=2,hash=a68cbd5f...,time=0
info|2021-01-28 23:00:15.742096|[g:1][CONSENSUS][PBFT]checkTimeout Succ,view=1130,toView=1131,nodeIdx=3,changeCycle=1,myNode=cef50e6d...,timecost=0.4
info|2021-01-28 23:00:15.745143|[g:1][CONSENSUS][PBFT]checkAndChangeView: Reach consensus,org_view=1130,cur_changeCycle=1,curView=1130,view=1131
info|2021-01-28 23:00:16.744951|[g:1][CONSENSUS][SEALER]++++++++++++++++ Generating seal on,blkNum=25,tx=0,nodeIdx=3,hash=e00770e1...
info|2021-01-28 23:00:16.751425|[g:1][CONSENSUS][PBFT]checkTimeout Succ,view=1131,toView=1132,nodeIdx=3,changeCycle=1,myNode=cef50e6d...,timecost=0.168
info|2021-01-28 23:00:16.752500|[g:1][CONSENSUS][PBFT]checkAndChangeView: Reach consensus,org_view=1131,cur_changeCycle=1,curView=1131,view=1132
info|2021-01-28 23:00:17.753530|[g:1][CONSENSUS]addRawPrepare,height=25,reqIdx=0,hash=acf3f61e...,time=0
info|2021-01-28 23:00:17.753730|[g:1][CONSENSUS][PBFT]checkTimeout Succ,view=1132,toView=1133,nodeIdx=3,changeCycle=1,myNode=cef50e6d...,timecost=0.169
info|2021-01-28 23:00:17.759621|[g:1][CONSENSUS][PBFT]checkAndChangeView: Reach consensus,org_view=1132,cur_changeCycle=1,curView=1132,view=1133
info|2021-01-28 23:00:18.759066|[g:1][CONSENSUS]addRawPrepare,height=25,reqIdx=1,hash=04cb69f9...,time=0
info|2021-01-28 23:00:18.759257|[g:1][CONSENSUS][PBFT]checkTimeout Succ,view=1133,toView=1134,nodeIdx=3,changeCycle=1,myNode=cef50e6d...,timecost=0.165
info|2021-01-28 23:00:18.761406|[g:1][CONSENSUS][PBFT]checkAndChangeView: Reach consensus,org_view=1133,cur_changeCycle=1,curView=1133,view=1134
info|2021-01-28 23:00:19.764257|[g:1][CONSENSUS]addRawPrepare,height=25,reqIdx=2,hash=1c120aec...,time=0
info|2021-01-28 23:00:19.764453|[g:1][CONSENSUS][PBFT]checkTimeout Succ,view=1134,toView=1135,nodeIdx=3,changeCycle=1,myNode=cef50e6d...,timecost=0.172
info|2021-01-28 23:00:19.766466|[g:1][CONSENSUS][PBFT]checkAndChangeView: Reach consensus,org_view=1134,cur_changeCycle=1,curView=1134,view=1135
info|2021-01-28 23:00:20.766162|[g:1][CONSENSUS][SEALER]++++++++++++++++ Generating seal on,blkNum=25,tx=0,nodeIdx=3,hash=d4242d3c...
info|2021-01-28 23:00:20.772500|[g:1][CONSENSUS][PBFT]checkTimeout Succ,view=1135,toView=1136,nodeIdx=3,changeCycle=1,myNode=cef50e6d...,timecost=0.169
info|2021-01-28 23:00:20.773500|[g:1][CONSENSUS][PBFT]checkAndChangeView: Reach consensus,org_view=1135,cur_changeCycle=1,curView=1135,view=1136
info|2021-01-28 23:00:21.773090|[g:1][CONSENSUS]addRawPrepare,height=25,reqIdx=0,hash=b9f81830...,time=0
info|2021-01-28 23:00:21.773322|[g:1][CONSENSUS][PBFT]checkTimeout Succ,view=1136,toView=1137,nodeIdx=3,changeCycle=1,myNode=cef50e6d...,timecost=0.204
info|2021-01-28 23:00:21.776990|[g:1][CONSENSUS][PBFT]checkAndChangeView: Reach consensus,org_view=1136,cur_changeCycle=1,curView=1136,view=1137
info|2021-01-28 23:00:22.783158|[g:1][CONSENSUS]addRawPrepare,height=25,reqIdx=1,hash=f4ea942a...,time=0
info|2021-01-28 23:00:22.783350|[g:1][CONSENSUS][PBFT]checkTimeout Succ,view=1137,toView=1138,nodeIdx=3,changeCycle=1,myNode=cef50e6d...,timecost=0.166
info|2021-01-28 23:00:22.785162|[g:1][CONSENSUS][PBFT]checkAndChangeView: Reach consensus,org_view=1137,cur_changeCycle=1,curView=1137,view=1138
info|2021-01-28 23:00:23.789664|[g:1][CONSENSUS]addRawPrepare,height=25,reqIdx=2,hash=a8366dcb...,time=0
info|2021-01-28 23:00:23.789848|[g:1][CONSENSUS][PBFT]checkTimeout Succ,view=1138,toView=1139,nodeIdx=3,changeCycle=1,myNode=cef50e6d...,timecost=0.161
info|2021-01-28 23:00:23.791837|[g:1][CONSENSUS][PBFT]checkAndChangeView: Reach consensus,org_view=1138,cur_changeCycle=1,curView=1138,view=1139
info|2021-01-28 23:00:24.792287|[g:1][CONSENSUS][SEALER]++++++++++++++++ Generating seal on,blkNum=25,tx=0,nodeIdx=3,hash=3ffd12d6...
info|2021-01-28 23:00:24.799300|[g:1][CONSENSUS][PBFT]checkTimeout Succ,view=1139,toView=1140,nodeIdx=3,changeCycle=1,myNode=cef50e6d...,timecost=0.176
info|2021-01-28 23:00:24.800640|[g:1][CONSENSUS][PBFT]checkAndChangeView: Reach consensus,org_view=1139,cur_changeCycle=1,curView=1139,view=1140
info|2021-01-28 23:00:24.992186|[P2P][Service] heartBeat,connected count=3
info|2021-01-28 23:00:25.797220|[g:1][CONSENSUS]addRawPrepare,height=25,reqIdx=0,hash=0f2f32a1...,time=0
info|2021-01-28 23:00:25.797434|[g:1][CONSENSUS][PBFT]checkTimeout Succ,view=1140,toView=1141,nodeIdx=3,changeCycle=1,myNode=cef50e6d...,timecost=0.184
info|2021-01-28 23:00:25.801169|[g:1][CONSENSUS][PBFT]checkAndChangeView: Reach consensus,org_view=1140,cur_changeCycle=1,curView=1140,view=1141
info|2021-01-28 23:00:26.801793|[g:1][CONSENSUS]addRawPrepare,height=25,reqIdx=1,hash=e3baa4ed...,time=0
info|2021-01-28 23:00:26.802226|[g:1][CONSENSUS][PBFT]checkTimeout Succ,view=1141,toView=1142,nodeIdx=3,changeCycle=1,myNode=cef50e6d...,timecost=0.168
info|2021-01-28 23:00:26.805145|[g:1][CONSENSUS][PBFT]checkAndChangeView: Reach consensus,org_view=1141,cur_changeCycle=1,curView=1141,view=1142
info|2021-01-28 23:00:27.808166|[g:1][CONSENSUS]addRawPrepare,height=25,reqIdx=2,hash=95d29f25...,time=0
info|2021-01-28 23:00:27.808354|[g:1][CONSENSUS][PBFT]checkTimeout Succ,view=1142,toView=1143,nodeIdx=3,changeCycle=1,myNode=cef50e6d...,timecost=0.163
info|2021-01-28 23:00:27.810198|[g:1][CONSENSUS][PBFT]checkAndChangeView: Reach consensus,org_view=1142,cur_changeCycle=1,curView=1142,view=1143
