info|2021-01-28 13:00:00.537649|[g:1][CONSENSUS]addRawPrepare,height=6,reqIdx=1,hash=906a965a...,time=0
info|2021-01-28 13:00:00.537991|[g:1][CONSENSUS][PBFT]checkTimeout Succ,view=2164,toView=2165,nodeIdx=3,changeCycle=1,myNode=cef50e6d...,timecost=0.308
info|2021-01-28 13:00:00.541863|[g:1][CONSENSUS][PBFT]checkAndChangeView: Reach consensus,org_view=2164,cur_changeCycle=1,curView=2164,view=2165
info|2021-01-28 13:00:01.543382|[g:1][CONSENSUS]addRawPrepare,height=6,reqIdx=2,hash=cb92db6b...,time=0
info|2021-01-28 13:00:01.543578|[g:1][CONSENSUS][PBFT]checkTimeout Succ,view=2165,toView=2166,nodeIdx=3,changeCycle=1,myNode=cef50e6d...,timecost=0.169
info|2021-01-28 13:00:01.547662|[g:1][CONSENSUS][PBFT]checkAndChangeView: Reach consensus,org_view=2165,cur_changeCycle=1,curView=2165,view=2166
info|2021-01-28 13:00:02.549461|[g:1][CONSENSUS][SEALER]++++++++++++++++ Generating seal on,blkNum=6,tx=0,nodeIdx=3,hash=f9160c7e...
info|2021-01-28 13:00:02.555623|[g:1][CONSENSUS][PBFT]checkTimeout Succ,view=2166,toView=2167,nodeIdx=3,changeCycle=1,myNode=cef50e6d...,timecost=0.168
info|2021-01-28 13:00:02.556736|[g:1][CONSENSUS][PBFT]checkAndChangeView: Reach consensus,org_view=2166,cur_changeCycle=1,curView=2166,view=2167
info|2021-01-28 13:00:03.556966|[g:1][CONSENSUS]addRawPrepare,height=6,reqIdx=0,hash=6ed1cfb0...,time=0
info|2021-01-28 13:00:03.557156|[g:1][CONSENSUS][PBFT]checkTimeout Succ,view=2167,toView=2168,nodeIdx=3,changeCycle=1,myNode=cef50e6d...,timecost=0.164
info|2021-01-28 13:00:03.560339|[g:1][CONSENSUS][PBFT]checkAndChangeView: Reach consensus,org_view=2167,cur_changeCycle=1,curView=2167,view=2168
info|2021-01-28 13:00:04.563011|[g:1][CONSENSUS]addRawPrepare,height=6,reqIdx=1,hash=3032ad4e...,time=0
info|2021-01-28 13:00:04.563308|[g:1][CONSENSUS][PBFT]checkTimeout Succ,view=2168,toView=2169,nodeIdx=3,changeCycle=1,myNode=cef50e6d...,timecost=0.173
info|2021-01-28 13:00:04.567394|[g:1][CONSENSUS][PBFT]checkAndChangeView: Reach consensus,org_view=2168,cur_changeCycle=1,curView=2168,view=2169
info|2021-01-28 13:00:05.570113|[g:1][CONSENSUS]addRawPrepare,height=6,reqIdx=2,hash=96a79150...,time=0
info|2021-01-28 13:00:05.570305|[g:1][CONSENSUS][PBFT]checkTimeout Succ,view=2169,toView=2170,nodeIdx=3,changeCycle=1,myNode=cef50e6d...,timecost=0.166
info|2021-01-28 13:00:05.582160|[g:1][CONSENSUS][PBFT]checkAndChangeView: Reach consensus,org_view=2169,cur_changeCycle=1,curView=2169,view=2170
info|2021-01-28 13:00:05.748124|[P2P][Service] heartBeat,connected count=3
info|2021-01-28 13:00:06.583208|[g:1][CONSENSUS][SEALER]++++++++++++++++ Generating seal on,blkNum=6,tx=0,nodeIdx=3,hash=2f6b5177...
info|2021-01-28 13:00:06.591003|[g:1][CONSENSUS][PBFT]checkTimeout Succ,view=2170,toView=2171,nodeIdx=3,changeCycle=1,myNode=cef50e6d...,timecost=0.32
info|2021-01-28 13:00:06.592519|[g:1][CONSENSUS][PBFT]checkAndChangeView: Reach consensus,org_view=2170,cur_changeCycle=1,curView=2170,view=2171
info|2021-01-28 13:00:07.618020|[g:1][CONSENSUS]addRawPrepare,height=6,reqIdx=0,hash=721ef683...,time=0
info|2021-01-28 13:00:07.618354|[g:1][CONSENSUS][PBFT]checkTimeout Succ,view=2171,toView=2172,nodeIdx=3,changeCycle=1,myNode=cef50e6d...,timecost=0.308
info|2021-01-28 13:00:07.621274|[g:1][CONSENSUS][PBFT]checkAndChangeView: Reach consensus,org_view=2171,cur_changeCycle=1,curView=2171,view=2172
info|2021-01-28 13:00:08.625053|[g:1][CONSENSUS]addRawPrepare,height=6,reqIdx=1,hash=85c39118...,time=0
info|2021-01-28 13:00:08.625305|[g:1][CONSENSUS][PBFT]checkTimeout Succ,view=2172,toView=2173,nodeIdx=3,changeCycle=1,myNode=cef50e6d...,timecost=0.18
info|2021-01-28 13:00:08.629440|[g:1][CONSENSUS][PBFT]checkAndChangeView: Reach consensus,org_view=2172,cur_changeCycle=1,curView=2172,view=2173
info|2021-01-28 13:00:09.629646|[g:1][CONSENSUS]addRawPrepare,height=6,reqIdx=2,hash=ed4aa4ea...,time=0
info|2021-01-28 13:00:09.629841|[g:1][CONSENSUS][PBFT]checkTimeout Succ,view=2173,toView=2174,nodeIdx=3,changeCycle=1,myNode=cef50e6d...,timecost=0.169
info|2021-01-28 13:00:09.634070|[g:1][CONSENSUS][PBFT]checkAndChangeView: Reach consensus,org_view=2173,cur_changeCycle=1,curView=2173,view=2174
info|2021-01-28 13:00:10.633931|[g:1][CONSENSUS][SEALER]++++++++++++++++ Generating seal on,blkNum=6,tx=0,nodeIdx=3,hash=e42b1ef8...
info|2021-01-28 13:00:10.640277|[g:1][CONSENSUS][PBFT]checkTimeout Succ,view=2174,toView=2175,nodeIdx=3,changeCycle=1,myNode=cef50e6d...,timecost=0.487
info|2021-01-28 13:00:10.641333|[g:1][CONSENSUS][PBFT]checkAndChangeView: Reach consensus,org_view=2174,cur_changeCycle=1,curView=2174,view=2175
info|2021-01-28 13:00:11.641957|[g:1][CONSENSUS]addRawPrepare,height=6,reqIdx=0,hash=8bedac72...,time=2
info|2021-01-28 13:00:11.642151|[g:1][CONSENSUS][PBFT]checkTimeout Succ,view=2175,toView=2176,nodeIdx=3,changeCycle=1,myNode=cef50e6d...,timecost=0.167
info|2021-01-28 13:00:11.642790|[g:1][CONSENSUS][PBFT]checkAndChangeView: Reach consensus,org_view=2175,cur_changeCycle=1,curView=2175,view=2176
info|2021-01-28 13:00:12.645647|[g:1][CONSENSUS]addRawPrepare,height=6,reqIdx=1,hash=bef67ab2...,time=0
info|2021-01-28 13:00:12.645990|[g:1][CONSENSUS][PBFT]checkTimeout Succ,view=2176,toView=2177,nodeIdx=3,changeCycle=1,myNode=cef50e6d...,timecost=0.302
info|2021-01-28 13:00:12.649300|[g:1][CONSENSUS][PBFT]checkAndChangeView: Reach consensus,org_view=2176,cur_changeCycle=1,curView=2176,view=2177
info|2021-01-28 13:00:13.652588|[g:1][CONSENSUS]addRawPrepare,height=6,reqIdx=2,hash=444827b6...,time=0
info|2021-01-28 13:00:13.652787|[g:1][CONSENSUS][PBFT]checkTimeout Succ,view=2177,toView=2178,nodeIdx=3,changeCycle=1,myNode=cef50e6d...,timecost=0.173
info|2021-01-28 13:00:13.657283|[g:1][CONSENSUS][PBFT]checkAndChangeView: Reach consensus,org_view=2177,cur_changeCycle=1,curView=2177,view=2178
info|2021-01-28 13:00:14.657512|[g:1][CONSENSUS][SEALER]++++++++++++++++ Generating seal on,blkNum=6,tx=0,nodeIdx=3,hash=0e9b84fc...
info|2021-01-28 13:00:14.664672|[g:1][CONSENSUS][PBFT]checkTimeout Succ,view=2178,toView=2179,nodeIdx=3,changeCycle=1,myNode=cef50e6d...,timecost=0.166
info|2021-01-28 13:00:14.665692|[g:1][CONSENSUS][PBFT]checkAndChangeView: Reach consensus,org_view=2178,cur_changeCycle=1,curView=2178,view=2179
info|2021-01-28 13:00:15.665839|[g:1][CONSENSUS]addRawPrepare,height=6,reqIdx=0,hash=83e017d5...,time=0
info|2021-01-28 13:00:15.666026|[g:1][CONSENSUS][PBFT]checkTimeout Succ,view=2179,toView=2180,nodeIdx=3,changeCycle=1,myNode=cef50e6d...,timecost=0.161
info|2021-01-28 13:00:15.668585|[g:1][CONSENSUS][PBFT]checkAndChangeView: Reach consensus,org_view=2179,cur_changeCycle=1,curView=2179,view=2180
info|2021-01-28 13:00:15.748262|[P2P][Service] heartBeat,connected count=3
info|2021-01-28 13:00:16.670281|[g:1][CONSENSUS]addRawPrepare,height=6,reqIdx=1,hash=c41860b1...,time=0
info|2021-01-28 13:00:16.670622|[g:1][CONSENSUS][PBFT]checkTimeout Succ,view=2180,toView=2181,nodeIdx=3,changeCycle=1,myNode=cef50e6d...,timecost=0.306
info|2021-01-28 13:00:16.674572|[g:1][CONSENSUS][PBFT]checkAndChangeView: Reach consensus,org_view=2180,cur_changeCycle=1,curView=2180,view=2181
info|2021-01-28 13:00:17.674893|[g:1][CONSENSUS]addRawPrepare,height=6,reqIdx=2,hash=a6c0e3e3...,time=0
info|2021-01-28 13:00:17.675087|[g:1][CONSENSUS][PBFT]checkTimeout Succ,view=2181,toView=2182,nodeIdx=3,changeCycle=1,myNode=cef50e6d...,timecost=0.168
info|2021-01-28 13:00:17.678436|[g:1][CONSENSUS][PBFT]checkAndChangeView: Reach consensus,org_view=2181,cur_changeCycle=1,curView=2181,view=2182
info|2021-01-28 13:00:18.680230|[g:1][CONSENSUS][SEALER]++++++++++++++++ Generating seal on,blkNum=6,tx=0,nodeIdx=3,hash=67866b8c...
info|2021-01-28 13:00:18.688927|[g:1][CONSENSUS][PBFT]checkTimeout Succ,view=2182,toView=2183,nodeIdx=3,changeCycle=1,myNode=cef50e6d...,timecost=0.166
info|2021-01-28 13:00:18.690032|[g:1][CONSENSUS][PBFT]checkAndChangeView: Reach consensus,org_view=2182,cur_changeCycle=1,curView=2182,view=2183
info|2021-01-28 13:00:19.688875|[g:1][CONSENSUS]addRawPrepare,height=6,reqIdx=0,hash=ae924765...,time=0
info|2021-01-28 13:00:19.689078|[g:1][CONSENSUS][PBFT]checkTimeout Succ,view=2183,toView=2184,nodeIdx=3,changeCycle=1,myNode=cef50e6d...,timecost=0.172
info|2021-01-28 13:00:19.693149|[g:1][CONSENSUS][PBFT]checkAndChangeView: Reach consensus,org_view=2183,cur_changeCycle=1,curView=2183,view=2184
info|2021-01-28 13:00:20.695032|[g:1][CONSENSUS]addRawPrepare,height=6,reqIdx=1,hash=7ad823a8...,time=0
info|2021-01-28 13:00:20.695225|[g:1][CONSENSUS][PBFT]checkTimeout Succ,view=2184,toView=2185,nodeIdx=3,changeCycle=1,myNode=cef50e6d...,timecost=0.165
info|2021-01-28 13:00:20.698288|[g:1][CONSENSUS][PBFT]checkAndChangeView: Reach consensus,org_view=2184,cur_changeCycle=1,curView=2184,view=2185
info|2021-01-28 13:00:21.700450|[g:1][CONSENSUS]addRawPrepare,height=6,reqIdx=2,hash=0b5c5ec9...,time=0
info|2021-01-28 13:00:21.700650|[g:1][CONSENSUS][PBFT]checkTimeout Succ,view=2185,toView=2186,nodeIdx=3,changeCycle=1,myNode=cef50e6d...,timecost=0.174
info|2021-01-28 13:00:21.703956|[g:1][CONSENSUS][PBFT]checkAndChangeView: Reach consensus,org_view=2185,cur_changeCycle=1,curView=2185,view=2186
info|2021-01-28 13:00:22.705933|[g:1][CONSENSUS][SEALER]++++++++++++++++ Generating seal on,blkNum=6,tx=0,nodeIdx=3,hash=a32bb07a...
info|2021-01-28 13:00:22.713292|[g:1][CONSENSUS][PBFT]checkTimeout Succ,view=2186,toView=2187,nodeIdx=3,changeCycle=1,myNode=cef50e6d...,timecost=0.332
info|2021-01-28 13:00:22.714400|[g:1][CONSENSUS][PBFT]checkAndChangeView: Reach consensus,org_view=2186,cur_changeCycle=1,curView=2186,view=2187
info|2021-01-28 13:00:23.714933|[g:1][CONSENSUS]addRawPrepare,height=6,reqIdx=0,hash=61ed19ef...,time=0
info|2021-01-28 13:00:23.715121|[g:1][CONSENSUS][PBFT]checkTimeout Succ,view=2187,toView=2188,nodeIdx=3,changeCycle=1,myNode=cef50e6d...,timecost=0.165
info|2021-01-28 13:00:23.718516|[g:1][CONSENSUS][PBFT]checkAndChangeView: Reach consensus,org_view=2187,cur_changeCycle=1,curView=2187,view=2188
info|2021-01-28 13:00:24.718304|[g:1][CONSENSUS]addRawPrepare,height=6,reqIdx=1,hash=6b85817b...,time=0
info|2021-01-28 13:00:24.718595|[g:1][CONSENSUS][PBFT]checkTimeout Succ,view=2188,toView=2189,nodeIdx=3,changeCycle=1,myNode=cef50e6d...,timecost=0.266
info|2021-01-28 13:00:24.722964|[g:1][CONSENSUS][PBFT]checkAndChangeView: Reach consensus,org_view=2188,cur_changeCycle=1,curView=2188,view=2189
info|2021-01-28 13:00:25.724602|[g:1][CONSENSUS]addRawPrepare,height=6,reqIdx=2,hash=aad37bee...,time=0
info|2021-01-28 13:00:25.724904|[g:1][CONSENSUS][PBFT]checkTimeout Succ,view=2189,toView=2190,nodeIdx=3,changeCycle=1,myNode=cef50e6d...,timecost=0.178
info|2021-01-28 13:00:25.728631|[g:1][CONSENSUS][PBFT]checkAndChangeView: Reach consensus,org_view=2189,cur_changeCycle=1,curView=2189,view=2190
info|2021-01-28 13:00:25.748400|[P2P][Service] heartBeat,connected count=3
info|2021-01-28 13:00:26.729502|[g:1][CONSENSUS][SEALER]++++++++++++++++ Generating seal on,blkNum=6,tx=0,nodeIdx=3,hash=0c1ff7e1...
info|2021-01-28 13:00:26.737075|[g:1][CONSENSUS][PBFT]checkTimeout Succ,view=2190,toView=2191,nodeIdx=3,changeCycle=1,myNode=cef50e6d...,timecost=0.323
info|2021-01-28 13:00:26.738350|[g:1][CONSENSUS][PBFT]checkAndChangeView: Reach consensus,org_view=2190,cur_changeCycle=1,curView=2190,view=2191
info|2021-01-28 13:00:27.736599|[g:1][CONSENSUS]addRawPrepare,height=6,reqIdx=0,hash=f63257ee...,time=0
info|2021-01-28 13:00:27.736794|[g:1][CONSENSUS][PBFT]checkTimeout Succ,view=2191,toView=2192,nodeIdx=3,changeCycle=1,myNode=cef50e6d...,timecost=0.169
info|2021-01-28 13:00:27.740019|[g:1][CONSENSUS][PBFT]checkAndChangeView: Reach consensus,org_view=2191,cur_changeCycle=1,curView=2191,view=2192
info|2021-01-28 13:00:28.743181|[g:1][CONSENSUS]addRawPrepare,height=6,reqIdx=1,hash=ae5429ad...,time=0
info|2021-01-28 13:00:28.743400|[g:1][CONSENSUS][PBFT]checkTimeout Succ,view=2192,toView=2193,nodeIdx=3,changeCycle=1,myNode=cef50e6d...,timecost=0.176
info|2021-01-28 13:00:28.746894|[g:1][CONSENSUS][PBFT]checkAndChangeView: Reach consensus,org_view=2192,cur_changeCycle=1,curView=2192,view=2193
info|2021-01-28 13:00:29.749322|[g:1][CONSENSUS]addRawPrepare,height=6,reqIdx=2,hash=638e0c02...,time=0
info|2021-01-28 13:00:29.749518|[g:1][CONSENSUS][PBFT]checkTimeout Succ,view=2193,toView=2194,nodeIdx=3,changeCycle=1,myNode=cef50e6d...,timecost=0.168
info|2021-01-28 13:00:29.755516|[g:1][CONSENSUS][PBFT]checkAndChangeView: Reach consensus,org_view=2193,cur_changeCycle=1,curView=2193,view=2194
info|2021-01-28 13:00:30.760353|[g:1][CONSENSUS][SEALER]++++++++++++++++ Generating seal on,blkNum=6,tx=0,nodeIdx=3,hash=c49d7bc0...
info|2021-01-28 13:00:30.771196|[g:1][CONSENSUS][PBFT]checkTimeout Succ,view=2194,toView=2195,nodeIdx=3,changeCycle=1,myNode=cef50e6d...,timecost=0.171
info|2021-01-28 13:00:30.774343|[g:1][CONSENSUS][PBFT]checkAndChangeView: Reach consensus,org_view=2194,cur_changeCycle=1,curView=2194,view=2195
info|2021-01-28 13:00:31.773252|[g:1][CONSENSUS]addRawPrepare,height=6,reqIdx=0,hash=9ba9d939...,time=0
info|2021-01-28 13:00:31.773635|[g:1][CONSENSUS][PBFT]checkTimeout Succ,view=2195,toView=2196,nodeIdx=3,changeCycle=1,myNode=cef50e6d...,timecost=0.359
info|2021-01-28 13:00:31.783690|[g:1][CONSENSUS][PBFT]checkAndChangeView: Reach consensus,org_view=2195,cur_changeCycle=1,curView=2195,view=2196
info|2021-01-28 13:00:32.785293|[g:1][CONSENSUS]addRawPrepare,height=6,reqIdx=1,hash=53d17202...,time=0
info|2021-01-28 13:00:32.785496|[g:1][CONSENSUS][PBFT]checkTimeout Succ,view=2196,toView=2197,nodeIdx=3,changeCycle=1,myNode=cef50e6d...,timecost=0.167
info|2021-01-28 13:00:32.792599|[g:1][CONSENSUS][PBFT]checkAndChangeView: Reach consensus,org_view=2196,cur_changeCycle=1,curView=2196,view=2197
info|2021-01-28 13:00:33.714072|[CHANNEL]channel new connect, host=127.0.0.1:58522
info|2021-01-28 13:00:33.714125|[CHANNEL]start receive
info|2021-01-28 13:00:33.714140|[CHANNEL][SESSION]setRemotePublicKey: set sdk public key,sdkPublicKey=b4976d88...
info|2021-01-28 13:00:33.794772|[g:1][CONSENSUS]addRawPrepare,height=6,reqIdx=2,hash=2dc02791...,time=0
info|2021-01-28 13:00:33.795050|[g:1][CONSENSUS][PBFT]checkTimeout Succ,view=2197,toView=2198,nodeIdx=3,changeCycle=1,myNode=cef50e6d...,timecost=0.247
info|2021-01-28 13:00:33.802924|[g:1][CONSENSUS][PBFT]checkAndChangeView: Reach consensus,org_view=2197,cur_changeCycle=1,curView=2197,view=2198
info|2021-01-28 13:00:33.890083|[RPC][getClientVersion]request
info|2021-01-28 13:00:33.984518|[CHANNEL]onClientHandshake,ProtocolVersion=3,clientType=java-sdk,endpoint=127.0.0.1:58522
info|2021-01-28 13:00:34.062574|[RPC][getGroupList]request
info|2021-01-28 13:00:34.106503|[RPC][getClientVersion]request
info|2021-01-28 13:00:34.128750|[RPC][getGroupList]request
info|2021-01-28 13:00:34.319681|[RPC][getGroupList]request
info|2021-01-28 13:00:34.330575|[RPC][getClientVersion]request
info|2021-01-28 13:00:34.385451|[RPC][getGroupList]request
info|2021-01-28 13:00:34.575924|[g:1][CONSENSUS][SEALER]++++++++++++++++ Generating seal on,blkNum=6,tx=1,nodeIdx=3,hash=912787e5...
info|2021-01-28 13:00:34.588135|[g:1][CONSENSUS]addRawPrepare,height=6,reqIdx=3,hash=912787e5...,time=0
info|2021-01-28 13:00:34.588373|[g:1][BLOCKVERIFIER][executeBlock]Executing block,txNum=1,num=6,parentHash=4acfc4bd4bcc5cd1554e97aa8fe39aee59a6c9066250a11a030d73269479bdc0,parentNum=5,parentStateRoot=f08b67a1e10e89b9276c6c3881fe47872b56423ad86cef85809adc1f3b85a109
info|2021-01-28 13:00:34.596925|[g:1][STORAGE][MemoryTableFactory2]createTable,table name=c_cebe2eeea9960f6dd7a21d4cbbfca5501ace29ee,keyField=key,valueField=value
info|2021-01-28 13:00:34.597071|[g:1][STORAGE][MemoryTableFactory2]createTable,table name=c_17aadceb6e98c876778aeed9f80d059cffc95e5a,keyField=key,valueField=value
warning|2021-01-28 13:00:34.597739|[g:1][STORAGE][MemoryTableFactory2]table already exist in _sys_tables_,table name=u_t_asset
warning|2021-01-28 13:00:34.597799|[g:1][STORAGE][MemoryTableFactory2]table already exist in _sys_tables_,table name=u_t_transaction
info|2021-01-28 13:00:34.598112|[g:1][CONSENSUS][PBFT]execBlock,blkNum=6,reqIdx=3,hash=9cc7d0dc...,nodeIdx=3,myNode=cef50e6d...,decodeCost=0,checkCost=0,notifyCost=0,noteSealingCost=0,currentCycle=1,verifyAndSetSenderCost=0,execCost=10,execPerTx=10,totalCost=10
info|2021-01-28 13:00:34.640594|[g:1][CONSENSUS][PBFT]handlePrepareMsg Succ,Timecost=52.433,INFO=handlePrepareMsg,reqIdx=3,view=2198,reqNum=6,curNum=5,consNum=6,curView=2198,fromIp=self,hash=912787e5...,nodeIdx=3,myNode=cef50e6d...,curChangeCycle=1
info|2021-01-28 13:00:34.640639|[g:1][CONSENSUS][PBFT]generateLocalPrepare,hash=912787e5...,H=6,nodeIdx=3,myNode=cef50e6d...
info|2021-01-28 13:00:34.640871|[g:1][CONSENSUS][PBFT]handleSignMsg Succ,Timecost=0.213,INFO=handleSignMsg,num=6,curNum=5,GenIdx=1,Sview=2198,view=2198,fromIdx=1,fromNode=8767659a...,fromIp=127.0.0.1:45666,hash=9cc7d0dc...,nodeIdx=3,myNode=cef50e6d...
info|2021-01-28 13:00:34.641085|[g:1][CONSENSUS][PBFT]checkAndCommit: backup/updateCommittedPrepare,reqNum=6,hash=912787e5...,nodeIdx=3,myNode=cef50e6d...
info|2021-01-28 13:00:34.641596|[g:1][CONSENSUS][PBFT]handleSignMsg Succ,Timecost=0.716,INFO=handleSignMsg,num=6,curNum=5,GenIdx=0,Sview=2198,view=2198,fromIdx=0,fromNode=3c5c0edb...,fromIp=127.0.0.1:30302,hash=9cc7d0dc...,nodeIdx=3,myNode=cef50e6d...
info|2021-01-28 13:00:34.641811|[g:1][CONSENSUS][PBFT]handleSignMsg Succ,Timecost=0.205,INFO=handleSignMsg,num=6,curNum=5,GenIdx=2,Sview=2198,view=2198,fromIdx=2,fromNode=ad4aaee5...,fromIp=127.0.0.1:30303,hash=9cc7d0dc...,nodeIdx=3,myNode=cef50e6d...
info|2021-01-28 13:00:34.642068|[g:1][CONSENSUS][PBFT]handleCommitMsg Succ,INFO=handleCommitMsg,reqNum=6,curNum=5,GenIdx=0,Cview=2198,view=2198,fromIdx=0,fromNode=3c5c0edb...,fromIp=127.0.0.1:30302,hash=9cc7d0dc...,nodeIdx=3,myNode=cef50e6d...,Timecost=0.251
info|2021-01-28 13:00:34.642271|[g:1][CONSENSUS][PBFT]checkAndSave: CommitReq enough,prepareHeight=6,commitSize=3,hash=9cc7d0dc...,nodeIdx=3,myNode=cef50e6d...
info|2021-01-28 13:00:34.646080|[g:1][g:1][STORAGE][CachedStorage]CachedStorage commit: 9 num: 6
info|2021-01-28 13:00:34.646571|[g:1][STORAGE]Start commit block: 6 to backend storage
info|2021-01-28 13:00:34.646977|[g:1][STORAGE][g:1]
---------------------------------------------------------------------
Commit block: 6 to backend storage finished, current cached block: 6
Flush elapsed time: 0.0004s
---------------------------------------------------------------------

info|2021-01-28 13:00:34.647018|[g:1][STORAGE]Submited block task: 6, current syncd block: 6
info|2021-01-28 13:00:34.647080|[g:1]Push block notify: 1-6
info|2021-01-28 13:00:34.648752|[g:1][CHANNEL]Push channel message success,topic=_block_notify_1,seq=00000000,session=127.0.0.1:58522
info|2021-01-28 13:00:34.649593|[g:1][CONSENSUS][PBFT]CommitBlock Succ,prepareHeight=6,reqIdx=3,hash=9cc7d0dc...,nodeIdx=3,myNode=cef50e6d...,genSigTimeCost=0,commitBlockTimeCost=7,dropTxsTimeCost=0,noteSealingTimeCost=0,totalTimeCost=7
info|2021-01-28 13:00:34.649637|[g:1][CONSENSUS][PBFT]handleCommitMsg Succ,INFO=handleCommitMsg,reqNum=6,curNum=5,GenIdx=1,Cview=2198,view=2198,fromIdx=1,fromNode=8767659a...,fromIp=127.0.0.1:45666,hash=9cc7d0dc...,nodeIdx=3,myNode=cef50e6d...,Timecost=7.564
info|2021-01-28 13:00:34.649669|[g:1][CONSENSUS][PBFT]checkReq: Recv future request,prepHash=00000000...,INFO=handleCommitMsg,reqNum=6,curNum=5,GenIdx=2,Cview=2198,view=2198,fromIdx=2,fromNode=ad4aaee5...,fromIp=127.0.0.1:30303,hash=9cc7d0dc...,nodeIdx=3,myNode=cef50e6d...
info|2021-01-28 13:00:34.649856|[g:1][CONSENSUS][PBFT]^^^^^^^^Report,num=6,sealerIdx=3,hash=9cc7d0dc...,next=7,tx=1,nodeIdx=3
warning|2021-01-28 13:00:35.046634|[CHANNEL][SESSION]onRead failed,value=335544539,message=short read
warning|2021-01-28 13:00:35.046649|[CHANNEL]onClientRequest,errorCode=-1,what=Read failed, disconnect
warning|2021-01-28 13:00:35.046682|async_shutdown,message=short read
info|2021-01-28 13:00:35.625381|[g:1][CONSENSUS]addRawPrepare,height=7,reqIdx=2,hash=ce6707bb...,time=0
info|2021-01-28 13:00:35.625585|[g:1][CONSENSUS][PBFT]checkTimeout Succ,view=0,toView=1,nodeIdx=3,changeCycle=1,myNode=cef50e6d...,timecost=0.168
info|2021-01-28 13:00:35.629104|[g:1][CONSENSUS][PBFT]checkAndChangeView: Reach consensus,org_view=0,cur_changeCycle=1,curView=0,view=1
info|2021-01-28 13:00:35.748555|[P2P][Service] heartBeat,connected count=3
info|2021-01-28 13:00:35.865738|[NETWORK][Session]Received topic: [8] from 8767659a776ee7c3e1a6c16748d3c05dcbdfd27a8eab5e03f37b3bf71adb920180cd09718971e5f1598b59a2c8ff57a2a4fc05a91d9b0a55abdcca27375da9a5
info|2021-01-28 13:00:36.631165|[g:1][CONSENSUS][SEALER]++++++++++++++++ Generating seal on,blkNum=7,tx=0,nodeIdx=3,hash=79d22d43...
info|2021-01-28 13:00:36.637196|[g:1][CONSENSUS][PBFT]checkTimeout Succ,view=1,toView=2,nodeIdx=3,changeCycle=1,myNode=cef50e6d...,timecost=0.167
info|2021-01-28 13:00:36.638254|[g:1][CONSENSUS][PBFT]checkAndChangeView: Reach consensus,org_view=1,cur_changeCycle=1,curView=1,view=2
info|2021-01-28 13:00:37.638868|[g:1][CONSENSUS]addRawPrepare,height=7,reqIdx=0,hash=6dfdd8ad...,time=0
info|2021-01-28 13:00:37.639052|[g:1][CONSENSUS][PBFT]checkTimeout Succ,view=2,toView=3,nodeIdx=3,changeCycle=1,myNode=cef50e6d...,timecost=0.161
info|2021-01-28 13:00:37.641478|[g:1][CONSENSUS][PBFT]checkAndChangeView: Reach consensus,org_view=2,cur_changeCycle=1,curView=2,view=3
info|2021-01-28 13:00:38.643284|[g:1][CONSENSUS]addRawPrepare,height=7,reqIdx=1,hash=b6321639...,time=0
info|2021-01-28 13:00:38.643485|[g:1][CONSENSUS][PBFT]checkTimeout Succ,view=3,toView=4,nodeIdx=3,changeCycle=1,myNode=cef50e6d...,timecost=0.163
info|2021-01-28 13:00:38.646777|[g:1][CONSENSUS][PBFT]checkAndChangeView: Reach consensus,org_view=3,cur_changeCycle=1,curView=3,view=4
info|2021-01-28 13:00:39.650270|[g:1][CONSENSUS]addRawPrepare,height=7,reqIdx=2,hash=fd57cbc1...,time=0
info|2021-01-28 13:00:39.650483|[g:1][CONSENSUS][PBFT]checkTimeout Succ,view=4,toView=5,nodeIdx=3,changeCycle=1,myNode=cef50e6d...,timecost=0.185
info|2021-01-28 13:00:39.656786|[g:1][CONSENSUS][PBFT]checkAndChangeView: Reach consensus,org_view=4,cur_changeCycle=1,curView=4,view=5
info|2021-01-28 13:00:40.657629|[g:1][CONSENSUS][SEALER]++++++++++++++++ Generating seal on,blkNum=7,tx=0,nodeIdx=3,hash=0dbd3f95...
info|2021-01-28 13:00:40.663481|[g:1][CONSENSUS][PBFT]checkTimeout Succ,view=5,toView=6,nodeIdx=3,changeCycle=1,myNode=cef50e6d...,timecost=0.434
info|2021-01-28 13:00:40.664512|[g:1][CONSENSUS][PBFT]checkAndChangeView: Reach consensus,org_view=5,cur_changeCycle=1,curView=5,view=6
info|2021-01-28 13:00:41.664171|[g:1][CONSENSUS]addRawPrepare,height=7,reqIdx=0,hash=0a90e4e5...,time=0
info|2021-01-28 13:00:41.664496|[g:1][CONSENSUS][PBFT]checkTimeout Succ,view=6,toView=7,nodeIdx=3,changeCycle=1,myNode=cef50e6d...,timecost=0.165
info|2021-01-28 13:00:41.666975|[g:1][CONSENSUS][PBFT]checkAndChangeView: Reach consensus,org_view=6,cur_changeCycle=1,curView=6,view=7
info|2021-01-28 13:00:42.669164|[g:1][CONSENSUS]addRawPrepare,height=7,reqIdx=1,hash=e5e576df...,time=0
info|2021-01-28 13:00:42.669365|[g:1][CONSENSUS][PBFT]checkTimeout Succ,view=7,toView=8,nodeIdx=3,changeCycle=1,myNode=cef50e6d...,timecost=0.173
info|2021-01-28 13:00:42.674036|[g:1][CONSENSUS][PBFT]checkAndChangeView: Reach consensus,org_view=7,cur_changeCycle=1,curView=7,view=8
info|2021-01-28 13:00:43.675157|[g:1][CONSENSUS]addRawPrepare,height=7,reqIdx=2,hash=c27e65f0...,time=0
info|2021-01-28 13:00:43.675640|[g:1][CONSENSUS][PBFT]checkTimeout Succ,view=8,toView=9,nodeIdx=3,changeCycle=1,myNode=cef50e6d...,timecost=0.168
info|2021-01-28 13:00:43.679781|[g:1][CONSENSUS][PBFT]checkAndChangeView: Reach consensus,org_view=8,cur_changeCycle=1,curView=8,view=9
info|2021-01-28 13:00:44.681192|[g:1][CONSENSUS][SEALER]++++++++++++++++ Generating seal on,blkNum=7,tx=0,nodeIdx=3,hash=9c81d70c...
info|2021-01-28 13:00:44.689111|[g:1][CONSENSUS][PBFT]checkTimeout Succ,view=9,toView=10,nodeIdx=3,changeCycle=1,myNode=cef50e6d...,timecost=0.18
info|2021-01-28 13:00:44.690136|[g:1][CONSENSUS][PBFT]checkAndChangeView: Reach consensus,org_view=9,cur_changeCycle=1,curView=9,view=10
info|2021-01-28 13:00:45.689909|[g:1][CONSENSUS]addRawPrepare,height=7,reqIdx=0,hash=f9e55f2b...,time=0
info|2021-01-28 13:00:45.690106|[g:1][CONSENSUS][PBFT]checkTimeout Succ,view=10,toView=11,nodeIdx=3,changeCycle=1,myNode=cef50e6d...,timecost=0.173
info|2021-01-28 13:00:45.692784|[g:1][CONSENSUS][PBFT]checkAndChangeView: Reach consensus,org_view=10,cur_changeCycle=1,curView=10,view=11
info|2021-01-28 13:00:45.748694|[P2P][Service] heartBeat,connected count=3
info|2021-01-28 13:00:46.694922|[g:1][CONSENSUS]addRawPrepare,height=7,reqIdx=1,hash=c4f3d118...,time=0
info|2021-01-28 13:00:46.695119|[g:1][CONSENSUS][PBFT]checkTimeout Succ,view=11,toView=12,nodeIdx=3,changeCycle=1,myNode=cef50e6d...,timecost=0.17
info|2021-01-28 13:00:46.699589|[g:1][CONSENSUS][PBFT]checkAndChangeView: Reach consensus,org_view=11,cur_changeCycle=1,curView=11,view=12
info|2021-01-28 13:00:47.700292|[g:1][CONSENSUS]addRawPrepare,height=7,reqIdx=2,hash=80b6ce17...,time=0
info|2021-01-28 13:00:47.700489|[g:1][CONSENSUS][PBFT]checkTimeout Succ,view=12,toView=13,nodeIdx=3,changeCycle=1,myNode=cef50e6d...,timecost=0.168
info|2021-01-28 13:00:47.705032|[g:1][CONSENSUS][PBFT]checkAndChangeView: Reach consensus,org_view=12,cur_changeCycle=1,curView=12,view=13
info|2021-01-28 13:00:48.705245|[g:1][CONSENSUS][SEALER]++++++++++++++++ Generating seal on,blkNum=7,tx=0,nodeIdx=3,hash=ed12c0ed...
info|2021-01-28 13:00:48.711129|[g:1][CONSENSUS][PBFT]checkTimeout Succ,view=13,toView=14,nodeIdx=3,changeCycle=1,myNode=cef50e6d...,timecost=0.166
info|2021-01-28 13:00:48.712441|[g:1][CONSENSUS][PBFT]checkAndChangeView: Reach consensus,org_view=13,cur_changeCycle=1,curView=13,view=14
info|2021-01-28 13:00:49.714467|[g:1][CONSENSUS]addRawPrepare,height=7,reqIdx=0,hash=60273ccc...,time=0
info|2021-01-28 13:00:49.714781|[g:1][CONSENSUS][PBFT]checkTimeout Succ,view=14,toView=15,nodeIdx=3,changeCycle=1,myNode=cef50e6d...,timecost=0.293
info|2021-01-28 13:00:49.717309|[g:1][CONSENSUS][PBFT]checkAndChangeView: Reach consensus,org_view=14,cur_changeCycle=1,curView=14,view=15
info|2021-01-28 13:00:50.722382|[g:1][CONSENSUS]addRawPrepare,height=7,reqIdx=1,hash=85b87213...,time=0
info|2021-01-28 13:00:50.722566|[g:1][CONSENSUS][PBFT]checkTimeout Succ,view=15,toView=16,nodeIdx=3,changeCycle=1,myNode=cef50e6d...,timecost=0.161
info|2021-01-28 13:00:50.724220|[g:1][CONSENSUS][PBFT]checkAndChangeView: Reach consensus,org_view=15,cur_changeCycle=1,curView=15,view=16
info|2021-01-28 13:00:51.727007|[g:1][CONSENSUS]addRawPrepare,height=7,reqIdx=2,hash=8125562f...,time=0
info|2021-01-28 13:00:51.727201|[g:1][CONSENSUS][PBFT]checkTimeout Succ,view=16,toView=17,nodeIdx=3,changeCycle=1,myNode=cef50e6d...,timecost=0.165
info|2021-01-28 13:00:51.730832|[g:1][CONSENSUS][PBFT]checkAndChangeView: Reach consensus,org_view=16,cur_changeCycle=1,curView=16,view=17
info|2021-01-28 13:00:52.731769|[g:1][CONSENSUS][SEALER]++++++++++++++++ Generating seal on,blkNum=7,tx=0,nodeIdx=3,hash=7e2d9f40...
info|2021-01-28 13:00:52.738124|[g:1][CONSENSUS][PBFT]checkTimeout Succ,view=17,toView=18,nodeIdx=3,changeCycle=1,myNode=cef50e6d...,timecost=0.264
info|2021-01-28 13:00:52.739229|[g:1][CONSENSUS][PBFT]checkAndChangeView: Reach consensus,org_view=17,cur_changeCycle=1,curView=17,view=18
info|2021-01-28 13:00:53.739575|[g:1][CONSENSUS]addRawPrepare,height=7,reqIdx=0,hash=840e41f0...,time=0
info|2021-01-28 13:00:53.739764|[g:1][CONSENSUS][PBFT]checkTimeout Succ,view=18,toView=19,nodeIdx=3,changeCycle=1,myNode=cef50e6d...,timecost=0.163
info|2021-01-28 13:00:53.743093|[g:1][CONSENSUS][PBFT]checkAndChangeView: Reach consensus,org_view=18,cur_changeCycle=1,curView=18,view=19
info|2021-01-28 13:00:54.745338|[g:1][CONSENSUS]addRawPrepare,height=7,reqIdx=1,hash=7d1c1b8e...,time=0
info|2021-01-28 13:00:54.745542|[g:1][CONSENSUS][PBFT]checkTimeout Succ,view=19,toView=20,nodeIdx=3,changeCycle=1,myNode=cef50e6d...,timecost=0.195
info|2021-01-28 13:00:54.750380|[g:1][CONSENSUS][PBFT]checkAndChangeView: Reach consensus,org_view=19,cur_changeCycle=1,curView=19,view=20
info|2021-01-28 13:00:55.748831|[P2P][Service] heartBeat,connected count=3
info|2021-01-28 13:00:55.792926|[g:1][CONSENSUS]addRawPrepare,height=7,reqIdx=2,hash=2fb4a251...,time=0
info|2021-01-28 13:00:55.793271|[g:1][CONSENSUS][PBFT]checkTimeout Succ,view=20,toView=21,nodeIdx=3,changeCycle=1,myNode=cef50e6d...,timecost=0.169
info|2021-01-28 13:00:55.797183|[g:1][CONSENSUS][PBFT]checkAndChangeView: Reach consensus,org_view=20,cur_changeCycle=1,curView=20,view=21
info|2021-01-28 13:00:56.798405|[g:1][CONSENSUS][SEALER]++++++++++++++++ Generating seal on,blkNum=7,tx=0,nodeIdx=3,hash=bef9d9de...
info|2021-01-28 13:00:56.804822|[g:1][CONSENSUS][PBFT]checkTimeout Succ,view=21,toView=22,nodeIdx=3,changeCycle=1,myNode=cef50e6d...,timecost=0.165
info|2021-01-28 13:00:56.805869|[g:1][CONSENSUS][PBFT]checkAndChangeView: Reach consensus,org_view=21,cur_changeCycle=1,curView=21,view=22
info|2021-01-28 13:00:57.806913|[g:1][CONSENSUS]addRawPrepare,height=7,reqIdx=0,hash=5b27fedf...,time=0
info|2021-01-28 13:00:57.807102|[g:1][CONSENSUS][PBFT]checkTimeout Succ,view=22,toView=23,nodeIdx=3,changeCycle=1,myNode=cef50e6d...,timecost=0.165
info|2021-01-28 13:00:57.809582|[g:1][CONSENSUS][PBFT]checkAndChangeView: Reach consensus,org_view=22,cur_changeCycle=1,curView=22,view=23
info|2021-01-28 13:00:58.811652|[g:1][CONSENSUS]addRawPrepare,height=7,reqIdx=1,hash=ea9aa666...,time=0
info|2021-01-28 13:00:58.812118|[g:1][CONSENSUS][PBFT]checkTimeout Succ,view=23,toView=24,nodeIdx=3,changeCycle=1,myNode=cef50e6d...,timecost=0.437
info|2021-01-28 13:00:58.815380|[g:1][CONSENSUS][PBFT]checkAndChangeView: Reach consensus,org_view=23,cur_changeCycle=1,curView=23,view=24
info|2021-01-28 13:00:59.817974|[g:1][CONSENSUS]addRawPrepare,height=7,reqIdx=2,hash=72d02961...,time=0
info|2021-01-28 13:00:59.818422|[g:1][CONSENSUS][PBFT]checkTimeout Succ,view=24,toView=25,nodeIdx=3,changeCycle=1,myNode=cef50e6d...,timecost=0.415
info|2021-01-28 13:00:59.823345|[g:1][CONSENSUS][PBFT]checkAndChangeView: Reach consensus,org_view=24,cur_changeCycle=1,curView=24,view=25
info|2021-01-28 13:01:00.824415|[g:1][CONSENSUS][SEALER]++++++++++++++++ Generating seal on,blkNum=7,tx=0,nodeIdx=3,hash=87b38162...
info|2021-01-28 13:01:00.830143|[g:1][CONSENSUS][PBFT]checkTimeout Succ,view=25,toView=26,nodeIdx=3,changeCycle=1,myNode=cef50e6d...,timecost=0.301
info|2021-01-28 13:01:00.831563|[g:1][CONSENSUS][PBFT]checkAndChangeView: Reach consensus,org_view=25,cur_changeCycle=1,curView=25,view=26
info|2021-01-28 13:01:01.831434|[g:1][CONSENSUS]addRawPrepare,height=7,reqIdx=0,hash=f7a7eb41...,time=0
info|2021-01-28 13:01:01.831796|[g:1][CONSENSUS][PBFT]checkTimeout Succ,view=26,toView=27,nodeIdx=3,changeCycle=1,myNode=cef50e6d...,timecost=0.337
info|2021-01-28 13:01:01.835575|[g:1][CONSENSUS][PBFT]checkAndChangeView: Reach consensus,org_view=26,cur_changeCycle=1,curView=26,view=27
info|2021-01-28 13:01:02.834650|[g:1][CONSENSUS]addRawPrepare,height=7,reqIdx=1,hash=b5a451b5...,time=0
info|2021-01-28 13:01:02.835018|[g:1][CONSENSUS][PBFT]checkTimeout Succ,view=27,toView=28,nodeIdx=3,changeCycle=1,myNode=cef50e6d...,timecost=0.343
info|2021-01-28 13:01:02.838565|[g:1][CONSENSUS][PBFT]checkAndChangeView: Reach consensus,org_view=27,cur_changeCycle=1,curView=27,view=28
info|2021-01-28 13:01:03.839601|[g:1][CONSENSUS]addRawPrepare,height=7,reqIdx=2,hash=f0ea3b91...,time=0
info|2021-01-28 13:01:03.839796|[g:1][CONSENSUS][PBFT]checkTimeout Succ,view=28,toView=29,nodeIdx=3,changeCycle=1,myNode=cef50e6d...,timecost=0.166
info|2021-01-28 13:01:03.844349|[g:1][CONSENSUS][PBFT]checkAndChangeView: Reach consensus,org_view=28,cur_changeCycle=1,curView=28,view=29
info|2021-01-28 13:01:04.845032|[g:1][CONSENSUS][SEALER]++++++++++++++++ Generating seal on,blkNum=7,tx=0,nodeIdx=3,hash=1c060c77...
info|2021-01-28 13:01:04.852662|[g:1][CONSENSUS][PBFT]checkTimeout Succ,view=29,toView=30,nodeIdx=3,changeCycle=1,myNode=cef50e6d...,timecost=0.167
info|2021-01-28 13:01:04.853676|[g:1][CONSENSUS][PBFT]checkAndChangeView: Reach consensus,org_view=29,cur_changeCycle=1,curView=29,view=30
info|2021-01-28 13:01:05.748965|[P2P][Service] heartBeat,connected count=3
info|2021-01-28 13:01:05.854312|[g:1][CONSENSUS]addRawPrepare,height=7,reqIdx=0,hash=3b23c512...,time=0
info|2021-01-28 13:01:05.854506|[g:1][CONSENSUS][PBFT]checkTimeout Succ,view=30,toView=31,nodeIdx=3,changeCycle=1,myNode=cef50e6d...,timecost=0.169
info|2021-01-28 13:01:05.856206|[g:1][CONSENSUS][PBFT]checkAndChangeView: Reach consensus,org_view=30,cur_changeCycle=1,curView=30,view=31
info|2021-01-28 13:01:06.860325|[g:1][CONSENSUS]addRawPrepare,height=7,reqIdx=1,hash=9f0418ff...,time=0
info|2021-01-28 13:01:06.860526|[g:1][CONSENSUS][PBFT]checkTimeout Succ,view=31,toView=32,nodeIdx=3,changeCycle=1,myNode=cef50e6d...,timecost=0.17
info|2021-01-28 13:01:06.863254|[g:1][CONSENSUS][PBFT]checkAndChangeView: Reach consensus,org_view=31,cur_changeCycle=1,curView=31,view=32
info|2021-01-28 13:01:07.864374|[g:1][CONSENSUS]addRawPrepare,height=7,reqIdx=2,hash=f51cf1fb...,time=0
info|2021-01-28 13:01:07.864573|[g:1][CONSENSUS][PBFT]checkTimeout Succ,view=32,toView=33,nodeIdx=3,changeCycle=1,myNode=cef50e6d...,timecost=0.17
info|2021-01-28 13:01:07.870431|[g:1][CONSENSUS][PBFT]checkAndChangeView: Reach consensus,org_view=32,cur_changeCycle=1,curView=32,view=33
info|2021-01-28 13:01:08.872230|[g:1][CONSENSUS][SEALER]++++++++++++++++ Generating seal on,blkNum=7,tx=0,nodeIdx=3,hash=0f64a22a...
info|2021-01-28 13:01:08.878109|[g:1][CONSENSUS][PBFT]checkTimeout Succ,view=33,toView=34,nodeIdx=3,changeCycle=1,myNode=cef50e6d...,timecost=0.178
info|2021-01-28 13:01:08.879179|[g:1][CONSENSUS][PBFT]checkAndChangeView: Reach consensus,org_view=33,cur_changeCycle=1,curView=33,view=34
info|2021-01-28 13:01:09.879451|[g:1][CONSENSUS]addRawPrepare,height=7,reqIdx=0,hash=52be1ed7...,time=0
info|2021-01-28 13:01:09.882991|[g:1][CONSENSUS][PBFT]checkTimeout Succ,view=34,toView=35,nodeIdx=3,changeCycle=1,myNode=cef50e6d...,timecost=3.508
info|2021-01-28 13:01:09.883869|[g:1][CONSENSUS][PBFT]checkAndChangeView: Reach consensus,org_view=34,cur_changeCycle=1,curView=34,view=35
info|2021-01-28 13:01:10.908283|[g:1][CONSENSUS]addRawPrepare,height=7,reqIdx=1,hash=72dd7d56...,time=0
info|2021-01-28 13:01:10.908630|[g:1][CONSENSUS][PBFT]checkTimeout Succ,view=35,toView=36,nodeIdx=3,changeCycle=1,myNode=cef50e6d...,timecost=0.169
info|2021-01-28 13:01:10.912926|[g:1][CONSENSUS][PBFT]checkAndChangeView: Reach consensus,org_view=35,cur_changeCycle=1,curView=35,view=36
info|2021-01-28 13:01:11.912246|[g:1][CONSENSUS]addRawPrepare,height=7,reqIdx=2,hash=e645cc2f...,time=0
info|2021-01-28 13:01:11.912583|[g:1][CONSENSUS][PBFT]checkTimeout Succ,view=36,toView=37,nodeIdx=3,changeCycle=1,myNode=cef50e6d...,timecost=0.311
info|2021-01-28 13:01:11.917043|[g:1][CONSENSUS][PBFT]checkAndChangeView: Reach consensus,org_view=36,cur_changeCycle=1,curView=36,view=37
info|2021-01-28 13:01:12.918383|[g:1][CONSENSUS][SEALER]++++++++++++++++ Generating seal on,blkNum=7,tx=0,nodeIdx=3,hash=d572d221...
info|2021-01-28 13:01:12.924856|[g:1][CONSENSUS][PBFT]checkTimeout Succ,view=37,toView=38,nodeIdx=3,changeCycle=1,myNode=cef50e6d...,timecost=0.295
info|2021-01-28 13:01:12.926059|[g:1][CONSENSUS][PBFT]checkAndChangeView: Reach consensus,org_view=37,cur_changeCycle=1,curView=37,view=38
info|2021-01-28 13:01:13.923859|[g:1][CONSENSUS]addRawPrepare,height=7,reqIdx=0,hash=5441bf3c...,time=0
info|2021-01-28 13:01:13.924347|[g:1][CONSENSUS][PBFT]checkTimeout Succ,view=38,toView=39,nodeIdx=3,changeCycle=1,myNode=cef50e6d...,timecost=0.461
info|2021-01-28 13:01:13.928775|[g:1][CONSENSUS][PBFT]checkAndChangeView: Reach consensus,org_view=38,cur_changeCycle=1,curView=38,view=39
info|2021-01-28 13:01:14.932253|[g:1][CONSENSUS]addRawPrepare,height=7,reqIdx=1,hash=301e0c75...,time=0
info|2021-01-28 13:01:14.932573|[g:1][CONSENSUS][PBFT]checkTimeout Succ,view=39,toView=40,nodeIdx=3,changeCycle=1,myNode=cef50e6d...,timecost=0.296
info|2021-01-28 13:01:14.935685|[g:1][CONSENSUS][PBFT]checkAndChangeView: Reach consensus,org_view=39,cur_changeCycle=1,curView=39,view=40
info|2021-01-28 13:01:15.749100|[P2P][Service] heartBeat,connected count=3
info|2021-01-28 13:01:15.937264|[g:1][CONSENSUS]addRawPrepare,height=7,reqIdx=2,hash=7ec7a983...,time=0
info|2021-01-28 13:01:15.937466|[g:1][CONSENSUS][PBFT]checkTimeout Succ,view=40,toView=41,nodeIdx=3,changeCycle=1,myNode=cef50e6d...,timecost=0.166
info|2021-01-28 13:01:15.940775|[g:1][CONSENSUS][PBFT]checkAndChangeView: Reach consensus,org_view=40,cur_changeCycle=1,curView=40,view=41
info|2021-01-28 13:01:16.942377|[g:1][CONSENSUS][SEALER]++++++++++++++++ Generating seal on,blkNum=7,tx=0,nodeIdx=3,hash=5f5558fe...
info|2021-01-28 13:01:16.948736|[g:1][CONSENSUS][PBFT]checkTimeout Succ,view=41,toView=42,nodeIdx=3,changeCycle=1,myNode=cef50e6d...,timecost=0.168
info|2021-01-28 13:01:16.949951|[g:1][CONSENSUS][PBFT]checkAndChangeView: Reach consensus,org_view=41,cur_changeCycle=1,curView=41,view=42
info|2021-01-28 13:01:17.949860|[g:1][CONSENSUS]addRawPrepare,height=7,reqIdx=0,hash=c46efa22...,time=0
info|2021-01-28 13:01:17.950047|[g:1][CONSENSUS][PBFT]checkTimeout Succ,view=42,toView=43,nodeIdx=3,changeCycle=1,myNode=cef50e6d...,timecost=0.163
info|2021-01-28 13:01:17.952767|[g:1][CONSENSUS][PBFT]checkAndChangeView: Reach consensus,org_view=42,cur_changeCycle=1,curView=42,view=43
info|2021-01-28 13:01:18.955720|[g:1][CONSENSUS]addRawPrepare,height=7,reqIdx=1,hash=e3c6a24c...,time=0
info|2021-01-28 13:01:18.955924|[g:1][CONSENSUS][PBFT]checkTimeout Succ,view=43,toView=44,nodeIdx=3,changeCycle=1,myNode=cef50e6d...,timecost=0.176
info|2021-01-28 13:01:18.960089|[g:1][CONSENSUS][PBFT]checkAndChangeView: Reach consensus,org_view=43,cur_changeCycle=1,curView=43,view=44
info|2021-01-28 13:01:19.964352|[g:1][CONSENSUS]addRawPrepare,height=7,reqIdx=2,hash=9de45700...,time=0
info|2021-01-28 13:01:19.964540|[g:1][CONSENSUS][PBFT]checkTimeout Succ,view=44,toView=45,nodeIdx=3,changeCycle=1,myNode=cef50e6d...,timecost=0.163
info|2021-01-28 13:01:19.967078|[g:1][CONSENSUS][PBFT]checkAndChangeView: Reach consensus,org_view=44,cur_changeCycle=1,curView=44,view=45
info|2021-01-28 13:01:20.966452|[g:1][CONSENSUS][SEALER]++++++++++++++++ Generating seal on,blkNum=7,tx=0,nodeIdx=3,hash=a378341c...
info|2021-01-28 13:01:20.972483|[g:1][CONSENSUS][PBFT]checkTimeout Succ,view=45,toView=46,nodeIdx=3,changeCycle=1,myNode=cef50e6d...,timecost=0.177
info|2021-01-28 13:01:20.973470|[g:1][CONSENSUS][PBFT]checkAndChangeView: Reach consensus,org_view=45,cur_changeCycle=1,curView=45,view=46
info|2021-01-28 13:01:21.975548|[g:1][CONSENSUS]addRawPrepare,height=7,reqIdx=0,hash=803bb9fb...,time=0
info|2021-01-28 13:01:21.975741|[g:1][CONSENSUS][PBFT]checkTimeout Succ,view=46,toView=47,nodeIdx=3,changeCycle=1,myNode=cef50e6d...,timecost=0.166
info|2021-01-28 13:01:21.978580|[g:1][CONSENSUS][PBFT]checkAndChangeView: Reach consensus,org_view=46,cur_changeCycle=1,curView=46,view=47
info|2021-01-28 13:01:22.980344|[g:1][CONSENSUS]addRawPrepare,height=7,reqIdx=1,hash=abc36a0a...,time=0
info|2021-01-28 13:01:22.980779|[g:1][CONSENSUS][PBFT]checkTimeout Succ,view=47,toView=48,nodeIdx=3,changeCycle=1,myNode=cef50e6d...,timecost=0.409
info|2021-01-28 13:01:22.985118|[g:1][CONSENSUS][PBFT]checkAndChangeView: Reach consensus,org_view=47,cur_changeCycle=1,curView=47,view=48
info|2021-01-28 13:01:23.987038|[g:1][CONSENSUS]addRawPrepare,height=7,reqIdx=2,hash=aef65a61...,time=0
info|2021-01-28 13:01:23.987399|[g:1][CONSENSUS][PBFT]checkTimeout Succ,view=48,toView=49,nodeIdx=3,changeCycle=1,myNode=cef50e6d...,timecost=0.328
info|2021-01-28 13:01:23.990959|[g:1][CONSENSUS][PBFT]checkAndChangeView: Reach consensus,org_view=48,cur_changeCycle=1,curView=48,view=49
info|2021-01-28 13:01:24.992566|[g:1][CONSENSUS][SEALER]++++++++++++++++ Generating seal on,blkNum=7,tx=0,nodeIdx=3,hash=a87f0db4...
info|2021-01-28 13:01:25.000494|[g:1][CONSENSUS][PBFT]checkTimeout Succ,view=49,toView=50,nodeIdx=3,changeCycle=1,myNode=cef50e6d...,timecost=0.336
info|2021-01-28 13:01:25.001522|[g:1][CONSENSUS][PBFT]checkAndChangeView: Reach consensus,org_view=49,cur_changeCycle=1,curView=49,view=50
info|2021-01-28 13:01:25.749228|[P2P][Service] heartBeat,connected count=3
info|2021-01-28 13:01:26.000555|[g:1][CONSENSUS]addRawPrepare,height=7,reqIdx=0,hash=9216f8b7...,time=0
info|2021-01-28 13:01:26.000954|[g:1][CONSENSUS][PBFT]checkTimeout Succ,view=50,toView=51,nodeIdx=3,changeCycle=1,myNode=cef50e6d...,timecost=0.167
info|2021-01-28 13:01:26.004654|[g:1][CONSENSUS][PBFT]checkAndChangeView: Reach consensus,org_view=50,cur_changeCycle=1,curView=50,view=51
info|2021-01-28 13:01:27.006175|[g:1][CONSENSUS]addRawPrepare,height=7,reqIdx=1,hash=0dd1ae30...,time=0
info|2021-01-28 13:01:27.006375|[g:1][CONSENSUS][PBFT]checkTimeout Succ,view=51,toView=52,nodeIdx=3,changeCycle=1,myNode=cef50e6d...,timecost=0.172
info|2021-01-28 13:01:27.010305|[g:1][CONSENSUS][PBFT]checkAndChangeView: Reach consensus,org_view=51,cur_changeCycle=1,curView=51,view=52
info|2021-01-28 13:01:28.012392|[g:1][CONSENSUS]addRawPrepare,height=7,reqIdx=2,hash=e73e375b...,time=0
info|2021-01-28 13:01:28.012594|[g:1][CONSENSUS][PBFT]checkTimeout Succ,view=52,toView=53,nodeIdx=3,changeCycle=1,myNode=cef50e6d...,timecost=0.173
info|2021-01-28 13:01:28.016430|[g:1][CONSENSUS][PBFT]checkAndChangeView: Reach consensus,org_view=52,cur_changeCycle=1,curView=52,view=53
info|2021-01-28 13:01:29.017516|[g:1][CONSENSUS][SEALER]++++++++++++++++ Generating seal on,blkNum=7,tx=0,nodeIdx=3,hash=3bc48f32...
info|2021-01-28 13:01:29.023644|[g:1][CONSENSUS][PBFT]checkTimeout Succ,view=53,toView=54,nodeIdx=3,changeCycle=1,myNode=cef50e6d...,timecost=0.397
info|2021-01-28 13:01:29.024829|[g:1][CONSENSUS][PBFT]checkAndChangeView: Reach consensus,org_view=53,cur_changeCycle=1,curView=53,view=54
info|2021-01-28 13:01:30.027237|[g:1][CONSENSUS]addRawPrepare,height=7,reqIdx=0,hash=0f8404a0...,time=0
info|2021-01-28 13:01:30.027424|[g:1][CONSENSUS][PBFT]checkTimeout Succ,view=54,toView=55,nodeIdx=3,changeCycle=1,myNode=cef50e6d...,timecost=0.161
info|2021-01-28 13:01:30.029819|[g:1][CONSENSUS][PBFT]checkAndChangeView: Reach consensus,org_view=54,cur_changeCycle=1,curView=54,view=55
info|2021-01-28 13:01:31.034061|[g:1][CONSENSUS]addRawPrepare,height=7,reqIdx=1,hash=90e761a4...,time=0
info|2021-01-28 13:01:31.034417|[g:1][CONSENSUS][PBFT]checkTimeout Succ,view=55,toView=56,nodeIdx=3,changeCycle=1,myNode=cef50e6d...,timecost=0.332
info|2021-01-28 13:01:31.034905|[g:1][CONSENSUS][PBFT]checkAndChangeView: Reach consensus,org_view=55,cur_changeCycle=1,curView=55,view=56
info|2021-01-28 13:01:32.037797|[g:1][CONSENSUS]addRawPrepare,height=7,reqIdx=2,hash=f967c047...,time=0
info|2021-01-28 13:01:32.037992|[g:1][CONSENSUS][PBFT]checkTimeout Succ,view=56,toView=57,nodeIdx=3,changeCycle=1,myNode=cef50e6d...,timecost=0.166
info|2021-01-28 13:01:32.041193|[g:1][CONSENSUS][PBFT]checkAndChangeView: Reach consensus,org_view=56,cur_changeCycle=1,curView=56,view=57
info|2021-01-28 13:01:33.041350|[g:1][CONSENSUS][SEALER]++++++++++++++++ Generating seal on,blkNum=7,tx=0,nodeIdx=3,hash=252e71a3...
info|2021-01-28 13:01:33.047330|[g:1][CONSENSUS][PBFT]checkTimeout Succ,view=57,toView=58,nodeIdx=3,changeCycle=1,myNode=cef50e6d...,timecost=0.166
info|2021-01-28 13:01:33.048658|[g:1][CONSENSUS][PBFT]checkAndChangeView: Reach consensus,org_view=57,cur_changeCycle=1,curView=57,view=58
info|2021-01-28 13:01:34.047599|[g:1][CONSENSUS]addRawPrepare,height=7,reqIdx=0,hash=0d4d0359...,time=0
info|2021-01-28 13:01:34.047796|[g:1][CONSENSUS][PBFT]checkTimeout Succ,view=58,toView=59,nodeIdx=3,changeCycle=1,myNode=cef50e6d...,timecost=0.169
info|2021-01-28 13:01:34.052549|[g:1][CONSENSUS][PBFT]checkAndChangeView: Reach consensus,org_view=58,cur_changeCycle=1,curView=58,view=59
info|2021-01-28 13:01:35.054451|[g:1][CONSENSUS]addRawPrepare,height=7,reqIdx=1,hash=18de3240...,time=0
info|2021-01-28 13:01:35.054741|[g:1][CONSENSUS][PBFT]checkTimeout Succ,view=59,toView=60,nodeIdx=3,changeCycle=1,myNode=cef50e6d...,timecost=0.262
info|2021-01-28 13:01:35.059279|[g:1][CONSENSUS][PBFT]checkAndChangeView: Reach consensus,org_view=59,cur_changeCycle=1,curView=59,view=60
info|2021-01-28 13:01:35.749421|[P2P][Service] heartBeat,connected count=3
info|2021-01-28 13:01:36.060537|[g:1][CONSENSUS]addRawPrepare,height=7,reqIdx=2,hash=fd6b57a0...,time=0
info|2021-01-28 13:01:36.060737|[g:1][CONSENSUS][PBFT]checkTimeout Succ,view=60,toView=61,nodeIdx=3,changeCycle=1,myNode=cef50e6d...,timecost=0.174
info|2021-01-28 13:01:36.064508|[g:1][CONSENSUS][PBFT]checkAndChangeView: Reach consensus,org_view=60,cur_changeCycle=1,curView=60,view=61
info|2021-01-28 13:01:37.065043|[g:1][CONSENSUS][SEALER]++++++++++++++++ Generating seal on,blkNum=7,tx=0,nodeIdx=3,hash=d4cfea43...
info|2021-01-28 13:01:37.071629|[g:1][CONSENSUS][PBFT]checkTimeout Succ,view=61,toView=62,nodeIdx=3,changeCycle=1,myNode=cef50e6d...,timecost=0.172
info|2021-01-28 13:01:37.072897|[g:1][CONSENSUS][PBFT]checkAndChangeView: Reach consensus,org_view=61,cur_changeCycle=1,curView=61,view=62
info|2021-01-28 13:01:38.084884|[g:1][CONSENSUS]addRawPrepare,height=7,reqIdx=0,hash=b8faefdc...,time=0
info|2021-01-28 13:01:38.097977|[g:1][CONSENSUS][PBFT]checkTimeout Succ,view=62,toView=63,nodeIdx=3,changeCycle=1,myNode=cef50e6d...,timecost=13.008
info|2021-01-28 13:01:38.104182|[g:1][CONSENSUS][PBFT]checkAndChangeView: Reach consensus,org_view=62,cur_changeCycle=1,curView=62,view=63
info|2021-01-28 13:01:39.115868|[g:1][CONSENSUS]addRawPrepare,height=7,reqIdx=1,hash=c6072405...,time=0
info|2021-01-28 13:01:39.116119|[g:1][CONSENSUS][PBFT]checkTimeout Succ,view=63,toView=64,nodeIdx=3,changeCycle=1,myNode=cef50e6d...,timecost=0.216
info|2021-01-28 13:01:39.123646|[g:1][CONSENSUS][PBFT]checkAndChangeView: Reach consensus,org_view=63,cur_changeCycle=1,curView=63,view=64
info|2021-01-28 13:01:40.122861|[g:1][CONSENSUS]addRawPrepare,height=7,reqIdx=2,hash=edf1302b...,time=0
info|2021-01-28 13:01:40.123254|[g:1][CONSENSUS][PBFT]checkTimeout Succ,view=64,toView=65,nodeIdx=3,changeCycle=1,myNode=cef50e6d...,timecost=0.367
info|2021-01-28 13:01:40.127770|[g:1][CONSENSUS][PBFT]checkAndChangeView: Reach consensus,org_view=64,cur_changeCycle=1,curView=64,view=65
info|2021-01-28 13:01:41.129485|[g:1][CONSENSUS][SEALER]++++++++++++++++ Generating seal on,blkNum=7,tx=0,nodeIdx=3,hash=550178a1...
info|2021-01-28 13:01:41.140477|[g:1][CONSENSUS][PBFT]checkTimeout Succ,view=65,toView=66,nodeIdx=3,changeCycle=1,myNode=cef50e6d...,timecost=1.087
info|2021-01-28 13:01:41.143118|[g:1][CONSENSUS][PBFT]checkAndChangeView: Reach consensus,org_view=65,cur_changeCycle=1,curView=65,view=66
info|2021-01-28 13:01:42.150772|[g:1][CONSENSUS]addRawPrepare,height=7,reqIdx=0,hash=86c5522d...,time=0
info|2021-01-28 13:01:42.150999|[g:1][CONSENSUS][PBFT]checkTimeout Succ,view=66,toView=67,nodeIdx=3,changeCycle=1,myNode=cef50e6d...,timecost=0.197
info|2021-01-28 13:01:42.153808|[g:1][CONSENSUS][PBFT]checkAndChangeView: Reach consensus,org_view=66,cur_changeCycle=1,curView=66,view=67
info|2021-01-28 13:01:43.157501|[g:1][CONSENSUS]addRawPrepare,height=7,reqIdx=1,hash=2399a04f...,time=0
info|2021-01-28 13:01:43.157696|[g:1][CONSENSUS][PBFT]checkTimeout Succ,view=67,toView=68,nodeIdx=3,changeCycle=1,myNode=cef50e6d...,timecost=0.167
info|2021-01-28 13:01:43.161867|[g:1][CONSENSUS][PBFT]checkAndChangeView: Reach consensus,org_view=67,cur_changeCycle=1,curView=67,view=68
info|2021-01-28 13:01:44.162431|[g:1][CONSENSUS]addRawPrepare,height=7,reqIdx=2,hash=5fe9fa70...,time=0
info|2021-01-28 13:01:44.162631|[g:1][CONSENSUS][PBFT]checkTimeout Succ,view=68,toView=69,nodeIdx=3,changeCycle=1,myNode=cef50e6d...,timecost=0.174
info|2021-01-28 13:01:44.166988|[g:1][CONSENSUS][PBFT]checkAndChangeView: Reach consensus,org_view=68,cur_changeCycle=1,curView=68,view=69
info|2021-01-28 13:01:45.167632|[g:1][CONSENSUS][SEALER]++++++++++++++++ Generating seal on,blkNum=7,tx=0,nodeIdx=3,hash=e6cda016...
info|2021-01-28 13:01:45.175143|[g:1][CONSENSUS][PBFT]checkTimeout Succ,view=69,toView=70,nodeIdx=3,changeCycle=1,myNode=cef50e6d...,timecost=0.169
info|2021-01-28 13:01:45.176778|[g:1][CONSENSUS][PBFT]checkAndChangeView: Reach consensus,org_view=69,cur_changeCycle=1,curView=69,view=70
info|2021-01-28 13:01:45.749611|[P2P][Service] heartBeat,connected count=3
info|2021-01-28 13:01:46.177116|[g:1][CONSENSUS][PBFT]Trigger fast-viewchange,view=70,toView=70,minView=71,INFO=,reqNum=6,curNum=6,GenIdx=2,Cview=71,view=70,fromIdx=2,fromNode=ad4aaee5...,fromIp=127.0.0.1:30303,hash=9cc7d0dc...,nodeIdx=3,myNode=cef50e6d...
info|2021-01-28 13:01:46.177292|[g:1][CONSENSUS][PBFT]checkAndChangeView: Reach consensus,org_view=70,cur_changeCycle=2,curView=70,view=71
info|2021-01-28 13:01:46.177300|[g:1][CONSENSUS][PBFT]checkTimeout Succ,view=71,toView=71,nodeIdx=3,changeCycle=2,myNode=cef50e6d...,timecost=0.176
info|2021-01-28 13:01:47.180472|[g:1][CONSENSUS]addRawPrepare,height=7,reqIdx=1,hash=2179a6e4...,time=0
info|2021-01-28 13:01:47.180670|[g:1][CONSENSUS][PBFT]checkTimeout Succ,view=71,toView=72,nodeIdx=3,changeCycle=1,myNode=cef50e6d...,timecost=0.173
info|2021-01-28 13:01:47.184332|[g:1][CONSENSUS][PBFT]checkAndChangeView: Reach consensus,org_view=71,cur_changeCycle=1,curView=71,view=72
info|2021-01-28 13:01:48.186485|[g:1][CONSENSUS]addRawPrepare,height=7,reqIdx=2,hash=d1a558ac...,time=0
info|2021-01-28 13:01:48.191182|[g:1][CONSENSUS][PBFT]checkTimeout Succ,view=72,toView=73,nodeIdx=3,changeCycle=1,myNode=cef50e6d...,timecost=4.656
info|2021-01-28 13:01:48.193482|[g:1][CONSENSUS][PBFT]checkAndChangeView: Reach consensus,org_view=72,cur_changeCycle=1,curView=72,view=73
info|2021-01-28 13:01:49.193396|[g:1][CONSENSUS][SEALER]++++++++++++++++ Generating seal on,blkNum=7,tx=0,nodeIdx=3,hash=143b56a8...
info|2021-01-28 13:01:49.200148|[g:1][CONSENSUS][PBFT]checkTimeout Succ,view=73,toView=74,nodeIdx=3,changeCycle=1,myNode=cef50e6d...,timecost=0.168
info|2021-01-28 13:01:49.201291|[g:1][CONSENSUS][PBFT]checkAndChangeView: Reach consensus,org_view=73,cur_changeCycle=1,curView=73,view=74
info|2021-01-28 13:01:50.207885|[g:1][CONSENSUS][PBFT]Trigger fast-viewchange,view=74,toView=74,minView=75,INFO=,reqNum=6,curNum=6,GenIdx=2,Cview=75,view=74,fromIdx=2,fromNode=ad4aaee5...,fromIp=127.0.0.1:30303,hash=9cc7d0dc...,nodeIdx=3,myNode=cef50e6d...
info|2021-01-28 13:01:50.208072|[g:1][CONSENSUS][PBFT]checkAndChangeView: Reach consensus,org_view=74,cur_changeCycle=2,curView=74,view=75
info|2021-01-28 13:01:50.208081|[g:1][CONSENSUS][PBFT]checkTimeout Succ,view=75,toView=75,nodeIdx=3,changeCycle=2,myNode=cef50e6d...,timecost=0.186
info|2021-01-28 13:01:51.212776|[g:1][CONSENSUS]addRawPrepare,height=7,reqIdx=1,hash=efea1719...,time=0
info|2021-01-28 13:01:51.212970|[g:1][CONSENSUS][PBFT]checkTimeout Succ,view=75,toView=76,nodeIdx=3,changeCycle=1,myNode=cef50e6d...,timecost=0.168
info|2021-01-28 13:01:51.216594|[g:1][CONSENSUS][PBFT]checkAndChangeView: Reach consensus,org_view=75,cur_changeCycle=1,curView=75,view=76
info|2021-01-28 13:01:52.218478|[g:1][CONSENSUS]addRawPrepare,height=7,reqIdx=2,hash=b9ffbb35...,time=0
info|2021-01-28 13:01:52.218681|[g:1][CONSENSUS][PBFT]checkTimeout Succ,view=76,toView=77,nodeIdx=3,changeCycle=1,myNode=cef50e6d...,timecost=0.173
info|2021-01-28 13:01:52.222037|[g:1][CONSENSUS][PBFT]checkAndChangeView: Reach consensus,org_view=76,cur_changeCycle=1,curView=76,view=77
info|2021-01-28 13:01:53.223834|[g:1][CONSENSUS][SEALER]++++++++++++++++ Generating seal on,blkNum=7,tx=0,nodeIdx=3,hash=32c06628...
info|2021-01-28 13:01:53.230311|[g:1][CONSENSUS][PBFT]checkTimeout Succ,view=77,toView=78,nodeIdx=3,changeCycle=1,myNode=cef50e6d...,timecost=0.266
info|2021-01-28 13:01:53.231776|[g:1][CONSENSUS][PBFT]checkAndChangeView: Reach consensus,org_view=77,cur_changeCycle=1,curView=77,view=78
info|2021-01-28 13:01:54.231572|[g:1][CONSENSUS]addRawPrepare,height=7,reqIdx=0,hash=d140b9ac...,time=0
info|2021-01-28 13:01:54.231759|[g:1][CONSENSUS][PBFT]checkTimeout Succ,view=78,toView=79,nodeIdx=3,changeCycle=1,myNode=cef50e6d...,timecost=0.163
info|2021-01-28 13:01:54.234833|[g:1][CONSENSUS][PBFT]checkAndChangeView: Reach consensus,org_view=78,cur_changeCycle=1,curView=78,view=79
info|2021-01-28 13:01:55.239348|[g:1][CONSENSUS]addRawPrepare,height=7,reqIdx=1,hash=94060df9...,time=0
info|2021-01-28 13:01:55.239546|[g:1][CONSENSUS][PBFT]checkTimeout Succ,view=79,toView=80,nodeIdx=3,changeCycle=1,myNode=cef50e6d...,timecost=0.167
info|2021-01-28 13:01:55.244176|[g:1][CONSENSUS][PBFT]checkAndChangeView: Reach consensus,org_view=79,cur_changeCycle=1,curView=79,view=80
info|2021-01-28 13:01:55.749787|[P2P][Service] heartBeat,connected count=3
info|2021-01-28 13:01:56.247015|[g:1][CONSENSUS]addRawPrepare,height=7,reqIdx=2,hash=2c0ca9fb...,time=0
info|2021-01-28 13:01:56.247486|[g:1][CONSENSUS][PBFT]checkTimeout Succ,view=80,toView=81,nodeIdx=3,changeCycle=1,myNode=cef50e6d...,timecost=0.437
info|2021-01-28 13:01:56.251469|[g:1][CONSENSUS][PBFT]checkAndChangeView: Reach consensus,org_view=80,cur_changeCycle=1,curView=80,view=81
info|2021-01-28 13:01:57.251575|[g:1][CONSENSUS][SEALER]++++++++++++++++ Generating seal on,blkNum=7,tx=0,nodeIdx=3,hash=db9338f6...
info|2021-01-28 13:01:57.258032|[g:1][CONSENSUS][PBFT]checkTimeout Succ,view=81,toView=82,nodeIdx=3,changeCycle=1,myNode=cef50e6d...,timecost=0.173
info|2021-01-28 13:01:57.259094|[g:1][CONSENSUS][PBFT]checkAndChangeView: Reach consensus,org_view=81,cur_changeCycle=1,curView=81,view=82
info|2021-01-28 13:01:58.259153|[g:1][CONSENSUS]addRawPrepare,height=7,reqIdx=0,hash=75d14844...,time=0
info|2021-01-28 13:01:58.259359|[g:1][CONSENSUS][PBFT]checkTimeout Succ,view=82,toView=83,nodeIdx=3,changeCycle=1,myNode=cef50e6d...,timecost=0.179
info|2021-01-28 13:01:58.261896|[g:1][CONSENSUS][PBFT]checkAndChangeView: Reach consensus,org_view=82,cur_changeCycle=1,curView=82,view=83
info|2021-01-28 13:01:59.265155|[g:1][CONSENSUS]addRawPrepare,height=7,reqIdx=1,hash=60629a26...,time=0
info|2021-01-28 13:01:59.265499|[g:1][CONSENSUS][PBFT]checkTimeout Succ,view=83,toView=84,nodeIdx=3,changeCycle=1,myNode=cef50e6d...,timecost=0.3
info|2021-01-28 13:01:59.272296|[g:1][CONSENSUS][PBFT]checkAndChangeView: Reach consensus,org_view=83,cur_changeCycle=1,curView=83,view=84
info|2021-01-28 13:02:00.272960|[g:1][CONSENSUS]addRawPrepare,height=7,reqIdx=2,hash=10d49efe...,time=0
info|2021-01-28 13:02:00.273158|[g:1][CONSENSUS][PBFT]checkTimeout Succ,view=84,toView=85,nodeIdx=3,changeCycle=1,myNode=cef50e6d...,timecost=0.172
info|2021-01-28 13:02:00.277735|[g:1][CONSENSUS][PBFT]checkAndChangeView: Reach consensus,org_view=84,cur_changeCycle=1,curView=84,view=85
info|2021-01-28 13:02:01.278496|[g:1][CONSENSUS][SEALER]++++++++++++++++ Generating seal on,blkNum=7,tx=0,nodeIdx=3,hash=5f8d459a...
info|2021-01-28 13:02:01.288045|[g:1][CONSENSUS][PBFT]checkTimeout Succ,view=85,toView=86,nodeIdx=3,changeCycle=1,myNode=cef50e6d...,timecost=0.188
info|2021-01-28 13:02:01.289361|[g:1][CONSENSUS][PBFT]checkAndChangeView: Reach consensus,org_view=85,cur_changeCycle=1,curView=85,view=86
info|2021-01-28 13:02:02.289426|[g:1][CONSENSUS]addRawPrepare,height=7,reqIdx=0,hash=efe1773c...,time=0
info|2021-01-28 13:02:02.289762|[g:1][CONSENSUS][PBFT]checkTimeout Succ,view=86,toView=87,nodeIdx=3,changeCycle=1,myNode=cef50e6d...,timecost=0.313
info|2021-01-28 13:02:02.292849|[g:1][CONSENSUS][PBFT]checkAndChangeView: Reach consensus,org_view=86,cur_changeCycle=1,curView=86,view=87
info|2021-01-28 13:02:03.296481|[g:1][CONSENSUS]addRawPrepare,height=7,reqIdx=1,hash=cb2e3c0a...,time=0
info|2021-01-28 13:02:03.296667|[g:1][CONSENSUS][PBFT]checkTimeout Succ,view=87,toView=88,nodeIdx=3,changeCycle=1,myNode=cef50e6d...,timecost=0.162
info|2021-01-28 13:02:03.298081|[g:1][CONSENSUS][PBFT]checkAndChangeView: Reach consensus,org_view=87,cur_changeCycle=1,curView=87,view=88
info|2021-01-28 13:02:04.386423|[g:1][CONSENSUS]addRawPrepare,height=7,reqIdx=2,hash=aba9d069...,time=0
info|2021-01-28 13:02:04.387559|[g:1][CONSENSUS][PBFT]checkTimeout Succ,view=88,toView=89,nodeIdx=3,changeCycle=1,myNode=cef50e6d...,timecost=1.045
info|2021-01-28 13:02:04.397976|[g:1][CONSENSUS][PBFT]checkAndChangeView: Reach consensus,org_view=88,cur_changeCycle=1,curView=88,view=89
info|2021-01-28 13:02:05.461420|[g:1][CONSENSUS][SEALER]++++++++++++++++ Generating seal on,blkNum=7,tx=0,nodeIdx=3,hash=454f33d2...
info|2021-01-28 13:02:05.533804|[g:1][CONSENSUS][PBFT]checkTimeout Succ,view=89,toView=90,nodeIdx=3,changeCycle=1,myNode=cef50e6d...,timecost=4.714
info|2021-01-28 13:02:05.639321|[g:1][CONSENSUS][PBFT]checkAndChangeView: Reach consensus,org_view=89,cur_changeCycle=1,curView=89,view=90
info|2021-01-28 13:02:05.750233|[P2P][Service] heartBeat,connected count=3
info|2021-01-28 13:02:06.647488|[g:1][CONSENSUS]addRawPrepare,height=7,reqIdx=0,hash=72ee4c63...,time=0
info|2021-01-28 13:02:06.650119|[g:1][CONSENSUS][PBFT]checkTimeout Succ,view=90,toView=91,nodeIdx=3,changeCycle=1,myNode=cef50e6d...,timecost=2.583
info|2021-01-28 13:02:06.653054|[g:1][CONSENSUS][PBFT]checkAndChangeView: Reach consensus,org_view=90,cur_changeCycle=1,curView=90,view=91
info|2021-01-28 13:02:07.654455|[g:1][CONSENSUS]addRawPrepare,height=7,reqIdx=1,hash=6807ef00...,time=0
info|2021-01-28 13:02:07.654673|[g:1][CONSENSUS][PBFT]checkTimeout Succ,view=91,toView=92,nodeIdx=3,changeCycle=1,myNode=cef50e6d...,timecost=0.186
info|2021-01-28 13:02:07.661341|[g:1][CONSENSUS][PBFT]checkAndChangeView: Reach consensus,org_view=91,cur_changeCycle=1,curView=91,view=92
info|2021-01-28 13:02:08.661241|[g:1][CONSENSUS]addRawPrepare,height=7,reqIdx=2,hash=6f3fc014...,time=0
info|2021-01-28 13:02:08.661436|[g:1][CONSENSUS][PBFT]checkTimeout Succ,view=92,toView=93,nodeIdx=3,changeCycle=1,myNode=cef50e6d...,timecost=0.167
info|2021-01-28 13:02:08.665237|[g:1][CONSENSUS][PBFT]checkAndChangeView: Reach consensus,org_view=92,cur_changeCycle=1,curView=92,view=93
info|2021-01-28 13:02:09.666046|[g:1][CONSENSUS][SEALER]++++++++++++++++ Generating seal on,blkNum=7,tx=0,nodeIdx=3,hash=6b5e5c5c...
info|2021-01-28 13:02:09.672362|[g:1][CONSENSUS][PBFT]checkTimeout Succ,view=93,toView=94,nodeIdx=3,changeCycle=1,myNode=cef50e6d...,timecost=0.374
info|2021-01-28 13:02:09.673374|[g:1][CONSENSUS][PBFT]checkAndChangeView: Reach consensus,org_view=93,cur_changeCycle=1,curView=93,view=94
info|2021-01-28 13:02:10.673075|[g:1][CONSENSUS]addRawPrepare,height=7,reqIdx=0,hash=eb225581...,time=0
info|2021-01-28 13:02:10.673358|[g:1][CONSENSUS][PBFT]checkTimeout Succ,view=94,toView=95,nodeIdx=3,changeCycle=1,myNode=cef50e6d...,timecost=0.24
info|2021-01-28 13:02:10.676071|[g:1][CONSENSUS][PBFT]checkAndChangeView: Reach consensus,org_view=94,cur_changeCycle=1,curView=94,view=95
info|2021-01-28 13:02:11.678237|[g:1][CONSENSUS]addRawPrepare,height=7,reqIdx=1,hash=0cf653e8...,time=0
info|2021-01-28 13:02:11.678578|[g:1][CONSENSUS][PBFT]checkTimeout Succ,view=95,toView=96,nodeIdx=3,changeCycle=1,myNode=cef50e6d...,timecost=0.315
info|2021-01-28 13:02:11.682844|[g:1][CONSENSUS][PBFT]checkAndChangeView: Reach consensus,org_view=95,cur_changeCycle=1,curView=95,view=96
info|2021-01-28 13:02:12.684794|[g:1][CONSENSUS]addRawPrepare,height=7,reqIdx=2,hash=7262bfe5...,time=0
info|2021-01-28 13:02:12.685044|[g:1][CONSENSUS][PBFT]checkTimeout Succ,view=96,toView=97,nodeIdx=3,changeCycle=1,myNode=cef50e6d...,timecost=0.201
info|2021-01-28 13:02:12.689630|[g:1][CONSENSUS][PBFT]checkAndChangeView: Reach consensus,org_view=96,cur_changeCycle=1,curView=96,view=97
info|2021-01-28 13:02:13.689589|[g:1][CONSENSUS][SEALER]++++++++++++++++ Generating seal on,blkNum=7,tx=0,nodeIdx=3,hash=f0a187ca...
info|2021-01-28 13:02:13.729864|[g:1][CONSENSUS][PBFT]checkTimeout Succ,view=97,toView=98,nodeIdx=3,changeCycle=1,myNode=cef50e6d...,timecost=0.205
info|2021-01-28 13:02:13.734439|[g:1][CONSENSUS][PBFT]checkAndChangeView: Reach consensus,org_view=97,cur_changeCycle=1,curView=97,view=98
info|2021-01-28 13:02:14.720156|[g:1][CONSENSUS]addRawPrepare,height=7,reqIdx=0,hash=8cd045db...,time=0
info|2021-01-28 13:02:14.720357|[g:1][CONSENSUS][PBFT]checkTimeout Succ,view=98,toView=99,nodeIdx=3,changeCycle=1,myNode=cef50e6d...,timecost=0.17
info|2021-01-28 13:02:14.724367|[g:1][CONSENSUS][PBFT]checkAndChangeView: Reach consensus,org_view=98,cur_changeCycle=1,curView=98,view=99
info|2021-01-28 13:02:15.725219|[g:1][CONSENSUS]addRawPrepare,height=7,reqIdx=1,hash=558aa324...,time=0
info|2021-01-28 13:02:15.725556|[g:1][CONSENSUS][PBFT]checkTimeout Succ,view=99,toView=100,nodeIdx=3,changeCycle=1,myNode=cef50e6d...,timecost=0.309
info|2021-01-28 13:02:15.734997|[g:1][CONSENSUS][PBFT]checkAndChangeView: Reach consensus,org_view=99,cur_changeCycle=1,curView=99,view=100
info|2021-01-28 13:02:15.754481|[P2P][Service] heartBeat,connected count=3
info|2021-01-28 13:02:16.734531|[g:1][CONSENSUS]addRawPrepare,height=7,reqIdx=2,hash=777ec5c6...,time=0
info|2021-01-28 13:02:16.734866|[g:1][CONSENSUS][PBFT]checkTimeout Succ,view=100,toView=101,nodeIdx=3,changeCycle=1,myNode=cef50e6d...,timecost=0.308
info|2021-01-28 13:02:16.744046|[g:1][CONSENSUS][PBFT]checkAndChangeView: Reach consensus,org_view=100,cur_changeCycle=1,curView=100,view=101
info|2021-01-28 13:02:17.746729|[g:1][CONSENSUS][SEALER]++++++++++++++++ Generating seal on,blkNum=7,tx=0,nodeIdx=3,hash=06eb3318...
info|2021-01-28 13:02:17.764547|[g:1][CONSENSUS][PBFT]checkTimeout Succ,view=101,toView=102,nodeIdx=3,changeCycle=1,myNode=cef50e6d...,timecost=3.884
info|2021-01-28 13:02:17.766382|[g:1][CONSENSUS][PBFT]checkAndChangeView: Reach consensus,org_view=101,cur_changeCycle=1,curView=101,view=102
info|2021-01-28 13:02:18.766118|[g:1][CONSENSUS]addRawPrepare,height=7,reqIdx=0,hash=4406d523...,time=0
info|2021-01-28 13:02:18.766307|[g:1][CONSENSUS][PBFT]checkTimeout Succ,view=102,toView=103,nodeIdx=3,changeCycle=1,myNode=cef50e6d...,timecost=0.163
info|2021-01-28 13:02:18.774570|[g:1][CONSENSUS][PBFT]checkAndChangeView: Reach consensus,org_view=102,cur_changeCycle=1,curView=102,view=103
