config file path : config.ini
[2021-01-26 10:27:14] Initializing...
FISCO-BCOS Version : 2.7.1
Build Time         : 20201208 11:00:41
Build Type         : Linux/clang/Release
Git Branch         : HEAD
Git Commit Hash    : 50a7ffba26a7ebc925b7e98483000daaacc67a8a
[2021-01-26 10:27:14] The FISCO-BCOS is running...
config file path : config.ini
[2021-01-26 15:12:01] Initializing...
[INITIALIZER][P2PInitializer]initConfig for P2PInitializer failed,check Port=30303,EINFO=Throw location unknown (consider using BOOST_THROW_EXCEPTION)
Dynamic exception type: boost::exception_detail::clone_impl<boost::exception_detail::error_info_injector<boost::system::system_error> >
std::exception::what: bind: Address already in use

config file path : config.ini
[2021-01-26 15:13:11] Initializing...
[INITIALIZER][P2PInitializer]initConfig for P2PInitializer failed,check Port=30303,EINFO=Throw location unknown (consider using BOOST_THROW_EXCEPTION)
Dynamic exception type: boost::exception_detail::clone_impl<boost::exception_detail::error_info_injector<boost::system::system_error> >
std::exception::what: bind: Address already in use

config file path : config.ini
[2021-01-26 15:19:26] Initializing...
FISCO-BCOS Version : 2.7.1
Build Time         : 20201208 11:00:41
Build Type         : Linux/clang/Release
Git Branch         : HEAD
Git Commit Hash    : 50a7ffba26a7ebc925b7e98483000daaacc67a8a
[2021-01-26 15:19:26] The FISCO-BCOS is running...
config file path : config.ini
[2021-01-26 16:17:10] Initializing...
FISCO-BCOS Version : 2.7.1
Build Time         : 20201208 11:00:41
Build Type         : Linux/clang/Release
Git Branch         : HEAD
Git Commit Hash    : 50a7ffba26a7ebc925b7e98483000daaacc67a8a
[2021-01-26 16:17:12] The FISCO-BCOS is running...
config file path : config.ini
[2021-01-28 15:18:26] Initializing...
FISCO-BCOS Version : 2.7.1
Build Time         : 20201208 11:00:41
Build Type         : Linux/clang/Release
Git Branch         : HEAD
Git Commit Hash    : 50a7ffba26a7ebc925b7e98483000daaacc67a8a
[2021-01-28 15:18:27] The FISCO-BCOS is running...
config file path : config.ini
<<<<<<< HEAD
[2021-01-28 22:06:24] Initializing...
=======
[2021-01-28 20:07:27] Initializing...
>>>>>>> b0e2296dddd942d0d94f65d583e0637ddc75f4d0
FISCO-BCOS Version : 2.7.1
Build Time         : 20201208 11:00:41
Build Type         : Linux/clang/Release
Git Branch         : HEAD
Git Commit Hash    : 50a7ffba26a7ebc925b7e98483000daaacc67a8a
<<<<<<< HEAD
[2021-01-28 22:06:25] The FISCO-BCOS is running...
=======
[2021-01-28 20:07:28] The FISCO-BCOS is running...
[2021-01-28 20:30:11] FISCO-BCOS program exit normally.
>>>>>>> b0e2296dddd942d0d94f65d583e0637ddc75f4d0
