info|2021-01-28 13:00:00.538353|[g:1][CONSENSUS]addRawPrepare,height=6,reqIdx=1,hash=906a965a...,time=0
info|2021-01-28 13:00:00.538678|[g:1][CONSENSUS][PBFT]checkTimeout Succ,view=2164,toView=2165,nodeIdx=0,changeCycle=1,myNode=3c5c0edb...,timecost=0.166
info|2021-01-28 13:00:00.542059|[g:1][CONSENSUS][PBFT]checkAndChangeView: Reach consensus,org_view=2164,cur_changeCycle=1,curView=2164,view=2165
info|2021-01-28 13:00:01.545580|[g:1][CONSENSUS]addRawPrepare,height=6,reqIdx=2,hash=cb92db6b...,time=0
info|2021-01-28 13:00:01.545769|[g:1][CONSENSUS][PBFT]checkTimeout Succ,view=2165,toView=2166,nodeIdx=0,changeCycle=1,myNode=3c5c0edb...,timecost=0.165
info|2021-01-28 13:00:01.546437|[g:1][CONSENSUS][PBFT]checkAndChangeView: Reach consensus,org_view=2165,cur_changeCycle=1,curView=2165,view=2166
info|2021-01-28 13:00:02.552592|[g:1][CONSENSUS]addRawPrepare,height=6,reqIdx=3,hash=f9160c7e...,time=0
info|2021-01-28 13:00:02.552785|[g:1][CONSENSUS][PBFT]checkTimeout Succ,view=2166,toView=2167,nodeIdx=0,changeCycle=1,myNode=3c5c0edb...,timecost=0.168
info|2021-01-28 13:00:02.553427|[g:1][CONSENSUS][PBFT]checkAndChangeView: Reach consensus,org_view=2166,cur_changeCycle=1,curView=2166,view=2167
info|2021-01-28 13:00:03.554306|[g:1][CONSENSUS][SEALER]++++++++++++++++ Generating seal on,blkNum=6,tx=0,nodeIdx=0,hash=6ed1cfb0...
info|2021-01-28 13:00:03.561515|[g:1][CONSENSUS][PBFT]checkTimeout Succ,view=2167,toView=2168,nodeIdx=0,changeCycle=1,myNode=3c5c0edb...,timecost=0.177
info|2021-01-28 13:00:03.562795|[g:1][CONSENSUS][PBFT]checkAndChangeView: Reach consensus,org_view=2167,cur_changeCycle=1,curView=2167,view=2168
info|2021-01-28 13:00:04.564446|[g:1][CONSENSUS]addRawPrepare,height=6,reqIdx=1,hash=3032ad4e...,time=0
info|2021-01-28 13:00:04.564646|[g:1][CONSENSUS][PBFT]checkTimeout Succ,view=2168,toView=2169,nodeIdx=0,changeCycle=1,myNode=3c5c0edb...,timecost=0.177
info|2021-01-28 13:00:04.566724|[g:1][CONSENSUS][PBFT]checkAndChangeView: Reach consensus,org_view=2168,cur_changeCycle=1,curView=2168,view=2169
info|2021-01-28 13:00:05.574160|[g:1][CONSENSUS]addRawPrepare,height=6,reqIdx=2,hash=96a79150...,time=0
info|2021-01-28 13:00:05.574362|[g:1][CONSENSUS][PBFT]checkTimeout Succ,view=2169,toView=2170,nodeIdx=0,changeCycle=1,myNode=3c5c0edb...,timecost=0.175
info|2021-01-28 13:00:05.580165|[g:1][CONSENSUS][PBFT]checkAndChangeView: Reach consensus,org_view=2169,cur_changeCycle=1,curView=2169,view=2170
info|2021-01-28 13:00:05.715986|[P2P][Service] heartBeat,connected count=3
info|2021-01-28 13:00:06.585689|[g:1][CONSENSUS]addRawPrepare,height=6,reqIdx=3,hash=2f6b5177...,time=0
info|2021-01-28 13:00:06.585893|[g:1][CONSENSUS][PBFT]checkTimeout Succ,view=2170,toView=2171,nodeIdx=0,changeCycle=1,myNode=3c5c0edb...,timecost=0.317
info|2021-01-28 13:00:06.589467|[g:1][CONSENSUS][PBFT]checkAndChangeView: Reach consensus,org_view=2170,cur_changeCycle=1,curView=2170,view=2171
info|2021-01-28 13:00:07.591271|[g:1][CONSENSUS][SEALER]++++++++++++++++ Generating seal on,blkNum=6,tx=0,nodeIdx=0,hash=721ef683...
info|2021-01-28 13:00:07.594278|[g:1][CONSENSUS][PBFT]checkTimeout Succ,view=2171,toView=2172,nodeIdx=0,changeCycle=1,myNode=3c5c0edb...,timecost=0.166
info|2021-01-28 13:00:07.620566|[g:1][CONSENSUS][PBFT]checkAndChangeView: Reach consensus,org_view=2171,cur_changeCycle=1,curView=2171,view=2172
info|2021-01-28 13:00:08.626050|[g:1][CONSENSUS]addRawPrepare,height=6,reqIdx=1,hash=85c39118...,time=0
info|2021-01-28 13:00:08.626235|[g:1][CONSENSUS][PBFT]checkTimeout Succ,view=2172,toView=2173,nodeIdx=0,changeCycle=1,myNode=3c5c0edb...,timecost=0.163
info|2021-01-28 13:00:08.630013|[g:1][CONSENSUS][PBFT]checkAndChangeView: Reach consensus,org_view=2172,cur_changeCycle=1,curView=2172,view=2173
info|2021-01-28 13:00:09.630460|[g:1][CONSENSUS]addRawPrepare,height=6,reqIdx=2,hash=ed4aa4ea...,time=0
info|2021-01-28 13:00:09.630654|[g:1][CONSENSUS][PBFT]checkTimeout Succ,view=2173,toView=2174,nodeIdx=0,changeCycle=1,myNode=3c5c0edb...,timecost=0.169
info|2021-01-28 13:00:09.634770|[g:1][CONSENSUS][PBFT]checkAndChangeView: Reach consensus,org_view=2173,cur_changeCycle=1,curView=2173,view=2174
info|2021-01-28 13:00:10.637647|[g:1][CONSENSUS][PBFT]Trigger fast-viewchange,view=2174,toView=2174,minView=2175,INFO=,reqNum=5,curNum=5,GenIdx=2,Cview=2175,view=2174,fromIdx=2,fromNode=ad4aaee5...,fromIp=127.0.0.1:30303,hash=4acfc4bd...,nodeIdx=0,myNode=3c5c0edb...
info|2021-01-28 13:00:10.637825|[g:1][CONSENSUS][PBFT]checkAndChangeView: Reach consensus,org_view=2174,cur_changeCycle=2,curView=2174,view=2175
info|2021-01-28 13:00:10.637833|[g:1][CONSENSUS][PBFT]checkTimeout Succ,view=2175,toView=2175,nodeIdx=0,changeCycle=2,myNode=3c5c0edb...,timecost=0.179
info|2021-01-28 13:00:11.638251|[g:1][CONSENSUS][SEALER]++++++++++++++++ Generating seal on,blkNum=6,tx=0,nodeIdx=0,hash=8bedac72...
info|2021-01-28 13:00:11.644725|[g:1][CONSENSUS][PBFT]checkTimeout Succ,view=2175,toView=2176,nodeIdx=0,changeCycle=1,myNode=3c5c0edb...,timecost=0.168
info|2021-01-28 13:00:11.645834|[g:1][CONSENSUS][PBFT]checkAndChangeView: Reach consensus,org_view=2175,cur_changeCycle=1,curView=2175,view=2176
info|2021-01-28 13:00:12.646647|[g:1][CONSENSUS]addRawPrepare,height=6,reqIdx=1,hash=bef67ab2...,time=0
info|2021-01-28 13:00:12.647315|[g:1][CONSENSUS][PBFT]checkTimeout Succ,view=2176,toView=2177,nodeIdx=0,changeCycle=1,myNode=3c5c0edb...,timecost=0.164
info|2021-01-28 13:00:12.649551|[g:1][CONSENSUS][PBFT]checkAndChangeView: Reach consensus,org_view=2176,cur_changeCycle=1,curView=2176,view=2177
info|2021-01-28 13:00:13.653187|[g:1][CONSENSUS]addRawPrepare,height=6,reqIdx=2,hash=444827b6...,time=0
info|2021-01-28 13:00:13.653374|[g:1][CONSENSUS][PBFT]checkTimeout Succ,view=2177,toView=2178,nodeIdx=0,changeCycle=1,myNode=3c5c0edb...,timecost=0.161
info|2021-01-28 13:00:13.657030|[g:1][CONSENSUS][PBFT]checkAndChangeView: Reach consensus,org_view=2177,cur_changeCycle=1,curView=2177,view=2178
info|2021-01-28 13:00:14.660029|[g:1][CONSENSUS]addRawPrepare,height=6,reqIdx=3,hash=0e9b84fc...,time=0
info|2021-01-28 13:00:14.660213|[g:1][CONSENSUS][PBFT]checkTimeout Succ,view=2178,toView=2179,nodeIdx=0,changeCycle=1,myNode=3c5c0edb...,timecost=0.161
info|2021-01-28 13:00:14.662767|[g:1][CONSENSUS][PBFT]checkAndChangeView: Reach consensus,org_view=2178,cur_changeCycle=1,curView=2178,view=2179
info|2021-01-28 13:00:15.664304|[g:1][CONSENSUS][SEALER]++++++++++++++++ Generating seal on,blkNum=6,tx=0,nodeIdx=0,hash=83e017d5...
info|2021-01-28 13:00:15.670546|[g:1][CONSENSUS][PBFT]checkTimeout Succ,view=2179,toView=2180,nodeIdx=0,changeCycle=1,myNode=3c5c0edb...,timecost=0.18
info|2021-01-28 13:00:15.671956|[g:1][CONSENSUS][PBFT]checkAndChangeView: Reach consensus,org_view=2179,cur_changeCycle=1,curView=2179,view=2180
info|2021-01-28 13:00:15.716196|[P2P][Service] heartBeat,connected count=3
info|2021-01-28 13:00:16.671569|[g:1][CONSENSUS]addRawPrepare,height=6,reqIdx=1,hash=c41860b1...,time=0
info|2021-01-28 13:00:16.672139|[g:1][CONSENSUS][PBFT]checkTimeout Succ,view=2180,toView=2181,nodeIdx=0,changeCycle=1,myNode=3c5c0edb...,timecost=0.528
info|2021-01-28 13:00:16.675199|[g:1][CONSENSUS][PBFT]checkAndChangeView: Reach consensus,org_view=2180,cur_changeCycle=1,curView=2180,view=2181
info|2021-01-28 13:00:17.675642|[g:1][CONSENSUS]addRawPrepare,height=6,reqIdx=2,hash=a6c0e3e3...,time=0
info|2021-01-28 13:00:17.675832|[g:1][CONSENSUS][PBFT]checkTimeout Succ,view=2181,toView=2182,nodeIdx=0,changeCycle=1,myNode=3c5c0edb...,timecost=0.163
info|2021-01-28 13:00:17.678920|[g:1][CONSENSUS][PBFT]checkAndChangeView: Reach consensus,org_view=2181,cur_changeCycle=1,curView=2181,view=2182
info|2021-01-28 13:00:18.684803|[g:1][CONSENSUS]addRawPrepare,height=6,reqIdx=3,hash=67866b8c...,time=0
info|2021-01-28 13:00:18.685135|[g:1][CONSENSUS][PBFT]checkTimeout Succ,view=2182,toView=2183,nodeIdx=0,changeCycle=1,myNode=3c5c0edb...,timecost=0.304
info|2021-01-28 13:00:18.687148|[g:1][CONSENSUS][PBFT]checkAndChangeView: Reach consensus,org_view=2182,cur_changeCycle=1,curView=2182,view=2183
info|2021-01-28 13:00:19.687952|[g:1][CONSENSUS][SEALER]++++++++++++++++ Generating seal on,blkNum=6,tx=0,nodeIdx=0,hash=ae924765...
info|2021-01-28 13:00:19.694510|[g:1][CONSENSUS][PBFT]checkTimeout Succ,view=2183,toView=2184,nodeIdx=0,changeCycle=1,myNode=3c5c0edb...,timecost=0.261
info|2021-01-28 13:00:19.695047|[g:1][CONSENSUS][PBFT]checkAndChangeView: Reach consensus,org_view=2183,cur_changeCycle=1,curView=2183,view=2184
info|2021-01-28 13:00:20.696240|[g:1][CONSENSUS]addRawPrepare,height=6,reqIdx=1,hash=7ad823a8...,time=0
info|2021-01-28 13:00:20.696706|[g:1][CONSENSUS][PBFT]checkTimeout Succ,view=2184,toView=2185,nodeIdx=0,changeCycle=1,myNode=3c5c0edb...,timecost=0.443
info|2021-01-28 13:00:20.699823|[g:1][CONSENSUS][PBFT]checkAndChangeView: Reach consensus,org_view=2184,cur_changeCycle=1,curView=2184,view=2185
info|2021-01-28 13:00:21.701151|[g:1][CONSENSUS]addRawPrepare,height=6,reqIdx=2,hash=0b5c5ec9...,time=0
info|2021-01-28 13:00:21.701358|[g:1][CONSENSUS][PBFT]checkTimeout Succ,view=2185,toView=2186,nodeIdx=0,changeCycle=1,myNode=3c5c0edb...,timecost=0.181
info|2021-01-28 13:00:21.705041|[g:1][CONSENSUS][PBFT]checkAndChangeView: Reach consensus,org_view=2185,cur_changeCycle=1,curView=2185,view=2186
info|2021-01-28 13:00:22.708410|[g:1][CONSENSUS]addRawPrepare,height=6,reqIdx=3,hash=a32bb07a...,time=0
info|2021-01-28 13:00:22.708605|[g:1][CONSENSUS][PBFT]checkTimeout Succ,view=2186,toView=2187,nodeIdx=0,changeCycle=1,myNode=3c5c0edb...,timecost=0.169
info|2021-01-28 13:00:22.712079|[g:1][CONSENSUS][PBFT]checkAndChangeView: Reach consensus,org_view=2186,cur_changeCycle=1,curView=2186,view=2187
info|2021-01-28 13:00:23.712802|[g:1][CONSENSUS][SEALER]++++++++++++++++ Generating seal on,blkNum=6,tx=0,nodeIdx=0,hash=61ed19ef...
info|2021-01-28 13:00:23.719702|[g:1][CONSENSUS][PBFT]checkTimeout Succ,view=2187,toView=2188,nodeIdx=0,changeCycle=1,myNode=3c5c0edb...,timecost=0.172
info|2021-01-28 13:00:23.720950|[g:1][CONSENSUS][PBFT]checkAndChangeView: Reach consensus,org_view=2187,cur_changeCycle=1,curView=2187,view=2188
info|2021-01-28 13:00:24.719725|[g:1][CONSENSUS]addRawPrepare,height=6,reqIdx=1,hash=6b85817b...,time=0
info|2021-01-28 13:00:24.719911|[g:1][CONSENSUS][PBFT]checkTimeout Succ,view=2188,toView=2189,nodeIdx=0,changeCycle=1,myNode=3c5c0edb...,timecost=0.163
info|2021-01-28 13:00:24.722481|[g:1][CONSENSUS][PBFT]checkAndChangeView: Reach consensus,org_view=2188,cur_changeCycle=1,curView=2188,view=2189
info|2021-01-28 13:00:25.716355|[P2P][Service] heartBeat,connected count=3
info|2021-01-28 13:00:25.725172|[g:1][CONSENSUS]addRawPrepare,height=6,reqIdx=2,hash=aad37bee...,time=0
info|2021-01-28 13:00:25.725357|[g:1][CONSENSUS][PBFT]checkTimeout Succ,view=2189,toView=2190,nodeIdx=0,changeCycle=1,myNode=3c5c0edb...,timecost=0.162
info|2021-01-28 13:00:25.727930|[g:1][CONSENSUS][PBFT]checkAndChangeView: Reach consensus,org_view=2189,cur_changeCycle=1,curView=2189,view=2190
info|2021-01-28 13:00:26.731566|[g:1][CONSENSUS]addRawPrepare,height=6,reqIdx=3,hash=0c1ff7e1...,time=0
info|2021-01-28 13:00:26.734404|[g:1][CONSENSUS][PBFT]checkTimeout Succ,view=2190,toView=2191,nodeIdx=0,changeCycle=1,myNode=3c5c0edb...,timecost=2.816
info|2021-01-28 13:00:26.735182|[g:1][CONSENSUS][PBFT]checkAndChangeView: Reach consensus,org_view=2190,cur_changeCycle=1,curView=2190,view=2191
info|2021-01-28 13:00:27.735029|[g:1][CONSENSUS][SEALER]++++++++++++++++ Generating seal on,blkNum=6,tx=0,nodeIdx=0,hash=f63257ee...
info|2021-01-28 13:00:27.741643|[g:1][CONSENSUS][PBFT]checkTimeout Succ,view=2191,toView=2192,nodeIdx=0,changeCycle=1,myNode=3c5c0edb...,timecost=0.164
info|2021-01-28 13:00:27.742584|[g:1][CONSENSUS][PBFT]checkAndChangeView: Reach consensus,org_view=2191,cur_changeCycle=1,curView=2191,view=2192
info|2021-01-28 13:00:28.745029|[g:1][CONSENSUS]addRawPrepare,height=6,reqIdx=1,hash=ae5429ad...,time=0
info|2021-01-28 13:00:28.745350|[g:1][CONSENSUS][PBFT]checkTimeout Succ,view=2192,toView=2193,nodeIdx=0,changeCycle=1,myNode=3c5c0edb...,timecost=0.299
info|2021-01-28 13:00:28.747698|[g:1][CONSENSUS][PBFT]checkAndChangeView: Reach consensus,org_view=2192,cur_changeCycle=1,curView=2192,view=2193
info|2021-01-28 13:00:29.749794|[g:1][CONSENSUS]addRawPrepare,height=6,reqIdx=2,hash=638e0c02...,time=0
info|2021-01-28 13:00:29.749981|[g:1][CONSENSUS][PBFT]checkTimeout Succ,view=2193,toView=2194,nodeIdx=0,changeCycle=1,myNode=3c5c0edb...,timecost=0.163
info|2021-01-28 13:00:29.760316|[g:1][CONSENSUS][PBFT]checkAndChangeView: Reach consensus,org_view=2193,cur_changeCycle=1,curView=2193,view=2194
info|2021-01-28 13:00:30.762383|[g:1][CONSENSUS]addRawPrepare,height=6,reqIdx=3,hash=c49d7bc0...,time=0
info|2021-01-28 13:00:30.762632|[g:1][CONSENSUS][PBFT]checkTimeout Succ,view=2194,toView=2195,nodeIdx=0,changeCycle=1,myNode=3c5c0edb...,timecost=0.216
info|2021-01-28 13:00:30.768569|[g:1][CONSENSUS][PBFT]checkAndChangeView: Reach consensus,org_view=2194,cur_changeCycle=1,curView=2194,view=2195
info|2021-01-28 13:00:31.769355|[g:1][CONSENSUS][SEALER]++++++++++++++++ Generating seal on,blkNum=6,tx=0,nodeIdx=0,hash=9ba9d939...
info|2021-01-28 13:00:31.784339|[g:1][CONSENSUS][PBFT]checkTimeout Succ,view=2195,toView=2196,nodeIdx=0,changeCycle=1,myNode=3c5c0edb...,timecost=0.375
info|2021-01-28 13:00:31.785505|[g:1][CONSENSUS][PBFT]checkAndChangeView: Reach consensus,org_view=2195,cur_changeCycle=1,curView=2195,view=2196
info|2021-01-28 13:00:32.786455|[g:1][CONSENSUS]addRawPrepare,height=6,reqIdx=1,hash=53d17202...,time=0
info|2021-01-28 13:00:32.786642|[g:1][CONSENSUS][PBFT]checkTimeout Succ,view=2196,toView=2197,nodeIdx=0,changeCycle=1,myNode=3c5c0edb...,timecost=0.163
info|2021-01-28 13:00:32.793609|[g:1][CONSENSUS][PBFT]checkAndChangeView: Reach consensus,org_view=2196,cur_changeCycle=1,curView=2196,view=2197
info|2021-01-28 13:00:33.795329|[g:1][CONSENSUS]addRawPrepare,height=6,reqIdx=2,hash=2dc02791...,time=0
info|2021-01-28 13:00:33.800674|[g:1][CONSENSUS][PBFT]checkTimeout Succ,view=2197,toView=2198,nodeIdx=0,changeCycle=1,myNode=3c5c0edb...,timecost=5.324
info|2021-01-28 13:00:33.801452|[g:1][CONSENSUS][PBFT]checkAndChangeView: Reach consensus,org_view=2197,cur_changeCycle=1,curView=2197,view=2198
info|2021-01-28 13:00:34.583178|[g:1][CONSENSUS][PartiallyPBFTReqCache]addPartiallyRawPrepare,height=6,reqIdx=3,hash=912787e5...
info|2021-01-28 13:00:34.583350|[g:1][BLOCKVERIFIER][executeBlock]Executing block,txNum=1,num=6,parentHash=4acfc4bd4bcc5cd1554e97aa8fe39aee59a6c9066250a11a030d73269479bdc0,parentNum=5,parentStateRoot=f08b67a1e10e89b9276c6c3881fe47872b56423ad86cef85809adc1f3b85a109
info|2021-01-28 13:00:34.595354|[g:1][STORAGE][MemoryTableFactory2]createTable,table name=c_cebe2eeea9960f6dd7a21d4cbbfca5501ace29ee,keyField=key,valueField=value
info|2021-01-28 13:00:34.595445|[g:1][STORAGE][MemoryTableFactory2]createTable,table name=c_17aadceb6e98c876778aeed9f80d059cffc95e5a,keyField=key,valueField=value
warning|2021-01-28 13:00:34.596065|[g:1][STORAGE][MemoryTableFactory2]table already exist in _sys_tables_,table name=u_t_asset
warning|2021-01-28 13:00:34.596099|[g:1][STORAGE][MemoryTableFactory2]table already exist in _sys_tables_,table name=u_t_transaction
info|2021-01-28 13:00:34.596663|[g:1][CONSENSUS][PBFT]execBlock,blkNum=6,reqIdx=3,hash=9cc7d0dc...,nodeIdx=0,myNode=3c5c0edb...,decodeCost=0,checkCost=0,notifyCost=0,noteSealingCost=0,currentCycle=1,verifyAndSetSenderCost=0,execCost=13,execPerTx=13,totalCost=13
info|2021-01-28 13:00:34.609192|[g:1][CONSENSUS][PBFT]handlePrepareMsg Succ,Timecost=25.932,INFO=handlePartiallyPrepare,reqIdx=3,view=2198,reqNum=6,curNum=5,consNum=6,hash=912787e5...,nodeIdx=0,myNode=3c5c0edb...,curChangeCycle=1
info|2021-01-28 13:00:34.609558|[g:1][CONSENSUS][PBFT]handleSignMsg Succ,Timecost=0.229,INFO=handleSignMsg,num=6,curNum=5,GenIdx=1,Sview=2198,view=2198,fromIdx=1,fromNode=8767659a...,fromIp=127.0.0.1:41944,hash=9cc7d0dc...,nodeIdx=0,myNode=3c5c0edb...
info|2021-01-28 13:00:34.610849|[g:1][CONSENSUS][PBFT]checkAndCommit: backup/updateCommittedPrepare,reqNum=6,hash=912787e5...,nodeIdx=0,myNode=3c5c0edb...
info|2021-01-28 13:00:34.611010|[g:1][CONSENSUS][PBFT]handleSignMsg Succ,Timecost=0.363,INFO=handleSignMsg,num=6,curNum=5,GenIdx=2,Sview=2198,view=2198,fromIdx=2,fromNode=ad4aaee5...,fromIp=127.0.0.1:30303,hash=9cc7d0dc...,nodeIdx=0,myNode=3c5c0edb...
info|2021-01-28 13:00:34.613240|[g:1][CONSENSUS][PBFT]handleCommitMsg Succ,INFO=handleCommitMsg,reqNum=6,curNum=5,GenIdx=1,Cview=2198,view=2198,fromIdx=1,fromNode=8767659a...,fromIp=127.0.0.1:41944,hash=9cc7d0dc...,nodeIdx=0,myNode=3c5c0edb...,Timecost=0.4
info|2021-01-28 13:00:34.615249|[g:1][CONSENSUS][PBFT]checkAndSave: CommitReq enough,prepareHeight=6,commitSize=3,hash=9cc7d0dc...,nodeIdx=0,myNode=3c5c0edb...
info|2021-01-28 13:00:34.616605|[g:1][g:1][STORAGE][CachedStorage]CachedStorage commit: 9 num: 6
info|2021-01-28 13:00:34.617900|[g:1][STORAGE]Start commit block: 6 to backend storage
info|2021-01-28 13:00:34.618418|[g:1][STORAGE][g:1]
---------------------------------------------------------------------
Commit block: 6 to backend storage finished, current cached block: 6
Flush elapsed time: 0.0005s
---------------------------------------------------------------------

info|2021-01-28 13:00:34.618594|[g:1][STORAGE]Submited block task: 6, current syncd block: 6
info|2021-01-28 13:00:34.618824|[g:1]Push block notify: 1-6
info|2021-01-28 13:00:34.620373|[g:1][CONSENSUS][PBFT]CommitBlock Succ,prepareHeight=6,reqIdx=3,hash=9cc7d0dc...,nodeIdx=0,myNode=3c5c0edb...,genSigTimeCost=0,commitBlockTimeCost=4,dropTxsTimeCost=1,noteSealingTimeCost=0,totalTimeCost=5
info|2021-01-28 13:00:34.620417|[g:1][CONSENSUS][PBFT]handleCommitMsg Succ,INFO=handleCommitMsg,reqNum=6,curNum=5,GenIdx=2,Cview=2198,view=2198,fromIdx=2,fromNode=ad4aaee5...,fromIp=127.0.0.1:30303,hash=9cc7d0dc...,nodeIdx=0,myNode=3c5c0edb...,Timecost=5.436
info|2021-01-28 13:00:34.620547|[g:1][CONSENSUS][PBFT]^^^^^^^^Report,num=6,sealerIdx=3,hash=9cc7d0dc...,next=7,tx=1,nodeIdx=0
info|2021-01-28 13:00:35.625919|[g:1][CONSENSUS]addRawPrepare,height=7,reqIdx=2,hash=ce6707bb...,time=0
info|2021-01-28 13:00:35.626111|[g:1][CONSENSUS][PBFT]checkTimeout Succ,view=0,toView=1,nodeIdx=0,changeCycle=1,myNode=3c5c0edb...,timecost=0.167
info|2021-01-28 13:00:35.630019|[g:1][CONSENSUS][PBFT]checkAndChangeView: Reach consensus,org_view=0,cur_changeCycle=1,curView=0,view=1
info|2021-01-28 13:00:35.716601|[P2P][Service] heartBeat,connected count=3
info|2021-01-28 13:00:35.865801|[NETWORK][Session]Received topic: [8] from 8767659a776ee7c3e1a6c16748d3c05dcbdfd27a8eab5e03f37b3bf71adb920180cd09718971e5f1598b59a2c8ff57a2a4fc05a91d9b0a55abdcca27375da9a5
info|2021-01-28 13:00:35.926881|[NETWORK][Session]Received topic: [8] from cef50e6d42043cd291c3773baebd655aee021a9bb5aa56c78e4ff334c034b838891761fed88a0bfd82659a0e26ef83ea9e958decd2f105db712009e882b36f5f
info|2021-01-28 13:00:36.633320|[g:1][CONSENSUS]addRawPrepare,height=7,reqIdx=3,hash=79d22d43...,time=0
info|2021-01-28 13:00:36.633503|[g:1][CONSENSUS][PBFT]checkTimeout Succ,view=1,toView=2,nodeIdx=0,changeCycle=1,myNode=3c5c0edb...,timecost=0.16
info|2021-01-28 13:00:36.635490|[g:1][CONSENSUS][PBFT]checkAndChangeView: Reach consensus,org_view=1,cur_changeCycle=1,curView=1,view=2
info|2021-01-28 13:00:37.637431|[g:1][CONSENSUS][SEALER]++++++++++++++++ Generating seal on,blkNum=7,tx=0,nodeIdx=0,hash=6dfdd8ad...
info|2021-01-28 13:00:37.643547|[g:1][CONSENSUS][PBFT]checkTimeout Succ,view=2,toView=3,nodeIdx=0,changeCycle=1,myNode=3c5c0edb...,timecost=0.394
info|2021-01-28 13:00:37.644420|[g:1][CONSENSUS][PBFT]checkAndChangeView: Reach consensus,org_view=2,cur_changeCycle=1,curView=2,view=3
info|2021-01-28 13:00:38.644630|[g:1][CONSENSUS]addRawPrepare,height=7,reqIdx=1,hash=b6321639...,time=0
info|2021-01-28 13:00:38.644940|[g:1][CONSENSUS][PBFT]checkTimeout Succ,view=3,toView=4,nodeIdx=0,changeCycle=1,myNode=3c5c0edb...,timecost=0.286
info|2021-01-28 13:00:38.648080|[g:1][CONSENSUS][PBFT]checkAndChangeView: Reach consensus,org_view=3,cur_changeCycle=1,curView=3,view=4
info|2021-01-28 13:00:39.652544|[g:1][CONSENSUS]addRawPrepare,height=7,reqIdx=2,hash=fd57cbc1...,time=0
info|2021-01-28 13:00:39.652730|[g:1][CONSENSUS][PBFT]checkTimeout Succ,view=4,toView=5,nodeIdx=0,changeCycle=1,myNode=3c5c0edb...,timecost=0.163
info|2021-01-28 13:00:39.655401|[g:1][CONSENSUS][PBFT]checkAndChangeView: Reach consensus,org_view=4,cur_changeCycle=1,curView=4,view=5
info|2021-01-28 13:00:40.659604|[g:1][CONSENSUS]addRawPrepare,height=7,reqIdx=3,hash=0dbd3f95...,time=0
info|2021-01-28 13:00:40.659791|[g:1][CONSENSUS][PBFT]checkTimeout Succ,view=5,toView=6,nodeIdx=0,changeCycle=1,myNode=3c5c0edb...,timecost=0.16
info|2021-01-28 13:00:40.662706|[g:1][CONSENSUS][PBFT]checkAndChangeView: Reach consensus,org_view=5,cur_changeCycle=1,curView=5,view=6
info|2021-01-28 13:00:41.662598|[g:1][CONSENSUS][SEALER]++++++++++++++++ Generating seal on,blkNum=7,tx=0,nodeIdx=0,hash=0a90e4e5...
info|2021-01-28 13:00:41.668952|[g:1][CONSENSUS][PBFT]checkTimeout Succ,view=6,toView=7,nodeIdx=0,changeCycle=1,myNode=3c5c0edb...,timecost=0.165
info|2021-01-28 13:00:41.670005|[g:1][CONSENSUS][PBFT]checkAndChangeView: Reach consensus,org_view=6,cur_changeCycle=1,curView=6,view=7
info|2021-01-28 13:00:42.670279|[g:1][CONSENSUS]addRawPrepare,height=7,reqIdx=1,hash=e5e576df...,time=0
info|2021-01-28 13:00:42.670464|[g:1][CONSENSUS][PBFT]checkTimeout Succ,view=7,toView=8,nodeIdx=0,changeCycle=1,myNode=3c5c0edb...,timecost=0.162
info|2021-01-28 13:00:42.674303|[g:1][CONSENSUS][PBFT]checkAndChangeView: Reach consensus,org_view=7,cur_changeCycle=1,curView=7,view=8
info|2021-01-28 13:00:43.675917|[g:1][CONSENSUS]addRawPrepare,height=7,reqIdx=2,hash=c27e65f0...,time=0
info|2021-01-28 13:00:43.676364|[g:1][CONSENSUS][PBFT]checkTimeout Succ,view=8,toView=9,nodeIdx=0,changeCycle=1,myNode=3c5c0edb...,timecost=0.289
info|2021-01-28 13:00:43.680450|[g:1][CONSENSUS][PBFT]checkAndChangeView: Reach consensus,org_view=8,cur_changeCycle=1,curView=8,view=9
info|2021-01-28 13:00:44.685729|[g:1][CONSENSUS]addRawPrepare,height=7,reqIdx=3,hash=9c81d70c...,time=0
info|2021-01-28 13:00:44.685912|[g:1][CONSENSUS][PBFT]checkTimeout Succ,view=9,toView=10,nodeIdx=0,changeCycle=1,myNode=3c5c0edb...,timecost=0.158
info|2021-01-28 13:00:44.688072|[g:1][CONSENSUS][PBFT]checkAndChangeView: Reach consensus,org_view=9,cur_changeCycle=1,curView=9,view=10
info|2021-01-28 13:00:45.688310|[g:1][CONSENSUS][SEALER]++++++++++++++++ Generating seal on,blkNum=7,tx=0,nodeIdx=0,hash=f9e55f2b...
info|2021-01-28 13:00:45.694300|[g:1][CONSENSUS][PBFT]checkTimeout Succ,view=10,toView=11,nodeIdx=0,changeCycle=1,myNode=3c5c0edb...,timecost=0.167
info|2021-01-28 13:00:45.695812|[g:1][CONSENSUS][PBFT]checkAndChangeView: Reach consensus,org_view=10,cur_changeCycle=1,curView=10,view=11
info|2021-01-28 13:00:45.716843|[P2P][Service] heartBeat,connected count=3
info|2021-01-28 13:00:46.696057|[g:1][CONSENSUS]addRawPrepare,height=7,reqIdx=1,hash=c4f3d118...,time=0
info|2021-01-28 13:00:46.696242|[g:1][CONSENSUS][PBFT]checkTimeout Succ,view=11,toView=12,nodeIdx=0,changeCycle=1,myNode=3c5c0edb...,timecost=0.161
info|2021-01-28 13:00:46.697949|[g:1][CONSENSUS][PBFT]checkAndChangeView: Reach consensus,org_view=11,cur_changeCycle=1,curView=11,view=12
info|2021-01-28 13:00:47.700764|[g:1][CONSENSUS]addRawPrepare,height=7,reqIdx=2,hash=80b6ce17...,time=0
info|2021-01-28 13:00:47.700957|[g:1][CONSENSUS][PBFT]checkTimeout Succ,view=12,toView=13,nodeIdx=0,changeCycle=1,myNode=3c5c0edb...,timecost=0.17
info|2021-01-28 13:00:47.703523|[g:1][CONSENSUS][PBFT]checkAndChangeView: Reach consensus,org_view=12,cur_changeCycle=1,curView=12,view=13
info|2021-01-28 13:00:48.707198|[g:1][CONSENSUS]addRawPrepare,height=7,reqIdx=3,hash=ed12c0ed...,time=0
info|2021-01-28 13:00:48.707750|[g:1][CONSENSUS][PBFT]checkTimeout Succ,view=13,toView=14,nodeIdx=0,changeCycle=1,myNode=3c5c0edb...,timecost=0.531
info|2021-01-28 13:00:48.710466|[g:1][CONSENSUS][PBFT]checkAndChangeView: Reach consensus,org_view=13,cur_changeCycle=1,curView=13,view=14
info|2021-01-28 13:00:49.710864|[g:1][CONSENSUS][SEALER]++++++++++++++++ Generating seal on,blkNum=7,tx=0,nodeIdx=0,hash=60273ccc...
info|2021-01-28 13:00:49.719627|[g:1][CONSENSUS][PBFT]checkTimeout Succ,view=14,toView=15,nodeIdx=0,changeCycle=1,myNode=3c5c0edb...,timecost=0.633
info|2021-01-28 13:00:49.720786|[g:1][CONSENSUS][PBFT]checkAndChangeView: Reach consensus,org_view=14,cur_changeCycle=1,curView=14,view=15
info|2021-01-28 13:00:50.720715|[g:1][CONSENSUS]addRawPrepare,height=7,reqIdx=1,hash=85b87213...,time=0
info|2021-01-28 13:00:50.721097|[g:1][CONSENSUS][PBFT]checkTimeout Succ,view=15,toView=16,nodeIdx=0,changeCycle=1,myNode=3c5c0edb...,timecost=0.356
info|2021-01-28 13:00:50.724694|[g:1][CONSENSUS][PBFT]checkAndChangeView: Reach consensus,org_view=15,cur_changeCycle=1,curView=15,view=16
info|2021-01-28 13:00:51.727466|[g:1][CONSENSUS]addRawPrepare,height=7,reqIdx=2,hash=8125562f...,time=0
info|2021-01-28 13:00:51.727656|[g:1][CONSENSUS][PBFT]checkTimeout Succ,view=16,toView=17,nodeIdx=0,changeCycle=1,myNode=3c5c0edb...,timecost=0.167
info|2021-01-28 13:00:51.730262|[g:1][CONSENSUS][PBFT]checkAndChangeView: Reach consensus,org_view=16,cur_changeCycle=1,curView=16,view=17
info|2021-01-28 13:00:52.733926|[g:1][CONSENSUS]addRawPrepare,height=7,reqIdx=3,hash=7e2d9f40...,time=0
info|2021-01-28 13:00:52.734290|[g:1][CONSENSUS][PBFT]checkTimeout Succ,view=17,toView=18,nodeIdx=0,changeCycle=1,myNode=3c5c0edb...,timecost=0.339
info|2021-01-28 13:00:52.737518|[g:1][CONSENSUS][PBFT]checkAndChangeView: Reach consensus,org_view=17,cur_changeCycle=1,curView=17,view=18
info|2021-01-28 13:00:53.737921|[g:1][CONSENSUS][SEALER]++++++++++++++++ Generating seal on,blkNum=7,tx=0,nodeIdx=0,hash=840e41f0...
info|2021-01-28 13:00:53.743903|[g:1][CONSENSUS][PBFT]checkTimeout Succ,view=18,toView=19,nodeIdx=0,changeCycle=1,myNode=3c5c0edb...,timecost=0.164
info|2021-01-28 13:00:53.744873|[g:1][CONSENSUS][PBFT]checkAndChangeView: Reach consensus,org_view=18,cur_changeCycle=1,curView=18,view=19
info|2021-01-28 13:00:54.746708|[g:1][CONSENSUS]addRawPrepare,height=7,reqIdx=1,hash=7d1c1b8e...,time=0
info|2021-01-28 13:00:54.746913|[g:1][CONSENSUS][PBFT]checkTimeout Succ,view=19,toView=20,nodeIdx=0,changeCycle=1,myNode=3c5c0edb...,timecost=0.162
info|2021-01-28 13:00:54.749880|[g:1][CONSENSUS][PBFT]checkAndChangeView: Reach consensus,org_view=19,cur_changeCycle=1,curView=19,view=20
info|2021-01-28 13:00:55.716983|[P2P][Service] heartBeat,connected count=3
info|2021-01-28 13:00:55.793543|[g:1][CONSENSUS]addRawPrepare,height=7,reqIdx=2,hash=2fb4a251...,time=0
info|2021-01-28 13:00:55.793865|[g:1][CONSENSUS][PBFT]checkTimeout Succ,view=20,toView=21,nodeIdx=0,changeCycle=1,myNode=3c5c0edb...,timecost=0.3
info|2021-01-28 13:00:55.798043|[g:1][CONSENSUS][PBFT]checkAndChangeView: Reach consensus,org_view=20,cur_changeCycle=1,curView=20,view=21
info|2021-01-28 13:00:56.800600|[g:1][CONSENSUS]addRawPrepare,height=7,reqIdx=3,hash=bef9d9de...,time=0
info|2021-01-28 13:00:56.800783|[g:1][CONSENSUS][PBFT]checkTimeout Succ,view=21,toView=22,nodeIdx=0,changeCycle=1,myNode=3c5c0edb...,timecost=0.16
info|2021-01-28 13:00:56.802874|[g:1][CONSENSUS][PBFT]checkAndChangeView: Reach consensus,org_view=21,cur_changeCycle=1,curView=21,view=22
info|2021-01-28 13:00:57.805162|[g:1][CONSENSUS][SEALER]++++++++++++++++ Generating seal on,blkNum=7,tx=0,nodeIdx=0,hash=5b27fedf...
info|2021-01-28 13:00:57.811624|[g:1][CONSENSUS][PBFT]checkTimeout Succ,view=22,toView=23,nodeIdx=0,changeCycle=1,myNode=3c5c0edb...,timecost=0.402
info|2021-01-28 13:00:57.812719|[g:1][CONSENSUS][PBFT]checkAndChangeView: Reach consensus,org_view=22,cur_changeCycle=1,curView=22,view=23
info|2021-01-28 13:00:58.813164|[g:1][CONSENSUS]addRawPrepare,height=7,reqIdx=1,hash=ea9aa666...,time=0
info|2021-01-28 13:00:58.813348|[g:1][CONSENSUS][PBFT]checkTimeout Succ,view=23,toView=24,nodeIdx=0,changeCycle=1,myNode=3c5c0edb...,timecost=0.16
info|2021-01-28 13:00:58.816206|[g:1][CONSENSUS][PBFT]checkAndChangeView: Reach consensus,org_view=23,cur_changeCycle=1,curView=23,view=24
info|2021-01-28 13:00:59.818688|[g:1][CONSENSUS]addRawPrepare,height=7,reqIdx=2,hash=72d02961...,time=0
info|2021-01-28 13:00:59.818957|[g:1][CONSENSUS][PBFT]checkTimeout Succ,view=24,toView=25,nodeIdx=0,changeCycle=1,myNode=3c5c0edb...,timecost=0.201
info|2021-01-28 13:00:59.822694|[g:1][CONSENSUS][PBFT]checkAndChangeView: Reach consensus,org_view=24,cur_changeCycle=1,curView=24,view=25
info|2021-01-28 13:01:00.826487|[g:1][CONSENSUS]addRawPrepare,height=7,reqIdx=3,hash=87b38162...,time=0
info|2021-01-28 13:01:00.826672|[g:1][CONSENSUS][PBFT]checkTimeout Succ,view=25,toView=26,nodeIdx=0,changeCycle=1,myNode=3c5c0edb...,timecost=0.161
info|2021-01-28 13:01:00.828997|[g:1][CONSENSUS][PBFT]checkAndChangeView: Reach consensus,org_view=25,cur_changeCycle=1,curView=25,view=26
info|2021-01-28 13:01:01.829927|[g:1][CONSENSUS][SEALER]++++++++++++++++ Generating seal on,blkNum=7,tx=0,nodeIdx=0,hash=f7a7eb41...
info|2021-01-28 13:01:01.835988|[g:1][CONSENSUS][PBFT]checkTimeout Succ,view=26,toView=27,nodeIdx=0,changeCycle=1,myNode=3c5c0edb...,timecost=0.175
info|2021-01-28 13:01:01.837039|[g:1][CONSENSUS][PBFT]checkAndChangeView: Reach consensus,org_view=26,cur_changeCycle=1,curView=26,view=27
info|2021-01-28 13:01:02.835746|[g:1][CONSENSUS]addRawPrepare,height=7,reqIdx=1,hash=b5a451b5...,time=0
info|2021-01-28 13:01:02.836211|[g:1][CONSENSUS][PBFT]checkTimeout Succ,view=27,toView=28,nodeIdx=0,changeCycle=1,myNode=3c5c0edb...,timecost=0.442
info|2021-01-28 13:01:02.839132|[g:1][CONSENSUS][PBFT]checkAndChangeView: Reach consensus,org_view=27,cur_changeCycle=1,curView=27,view=28
info|2021-01-28 13:01:03.840326|[g:1][CONSENSUS]addRawPrepare,height=7,reqIdx=2,hash=f0ea3b91...,time=0
info|2021-01-28 13:01:03.840519|[g:1][CONSENSUS][PBFT]checkTimeout Succ,view=28,toView=29,nodeIdx=0,changeCycle=1,myNode=3c5c0edb...,timecost=0.167
info|2021-01-28 13:01:03.843509|[g:1][CONSENSUS][PBFT]checkAndChangeView: Reach consensus,org_view=28,cur_changeCycle=1,curView=28,view=29
info|2021-01-28 13:01:04.847969|[g:1][CONSENSUS]addRawPrepare,height=7,reqIdx=3,hash=1c060c77...,time=0
info|2021-01-28 13:01:04.848151|[g:1][CONSENSUS][PBFT]checkTimeout Succ,view=29,toView=30,nodeIdx=0,changeCycle=1,myNode=3c5c0edb...,timecost=0.158
info|2021-01-28 13:01:04.850641|[g:1][CONSENSUS][PBFT]checkAndChangeView: Reach consensus,org_view=29,cur_changeCycle=1,curView=29,view=30
info|2021-01-28 13:01:05.717150|[P2P][Service] heartBeat,connected count=3
info|2021-01-28 13:01:05.851329|[g:1][CONSENSUS][SEALER]++++++++++++++++ Generating seal on,blkNum=7,tx=0,nodeIdx=0,hash=3b23c512...
info|2021-01-28 13:01:05.857993|[g:1][CONSENSUS][PBFT]checkTimeout Succ,view=30,toView=31,nodeIdx=0,changeCycle=1,myNode=3c5c0edb...,timecost=0.166
info|2021-01-28 13:01:05.859102|[g:1][CONSENSUS][PBFT]checkAndChangeView: Reach consensus,org_view=30,cur_changeCycle=1,curView=30,view=31
info|2021-01-28 13:01:06.858717|[g:1][CONSENSUS]addRawPrepare,height=7,reqIdx=1,hash=9f0418ff...,time=0
info|2021-01-28 13:01:06.859103|[g:1][CONSENSUS][PBFT]checkTimeout Succ,view=31,toView=32,nodeIdx=0,changeCycle=1,myNode=3c5c0edb...,timecost=0.36
info|2021-01-28 13:01:06.862641|[g:1][CONSENSUS][PBFT]checkAndChangeView: Reach consensus,org_view=31,cur_changeCycle=1,curView=31,view=32
info|2021-01-28 13:01:07.864982|[g:1][CONSENSUS]addRawPrepare,height=7,reqIdx=2,hash=f51cf1fb...,time=0
info|2021-01-28 13:01:07.865366|[g:1][CONSENSUS][PBFT]checkTimeout Succ,view=32,toView=33,nodeIdx=0,changeCycle=1,myNode=3c5c0edb...,timecost=0.359
info|2021-01-28 13:01:07.870947|[g:1][CONSENSUS][PBFT]checkAndChangeView: Reach consensus,org_view=32,cur_changeCycle=1,curView=32,view=33
info|2021-01-28 13:01:08.874268|[g:1][CONSENSUS]addRawPrepare,height=7,reqIdx=3,hash=0f64a22a...,time=0
info|2021-01-28 13:01:08.874599|[g:1][CONSENSUS][PBFT]checkTimeout Succ,view=33,toView=34,nodeIdx=0,changeCycle=1,myNode=3c5c0edb...,timecost=0.308
info|2021-01-28 13:01:08.876961|[g:1][CONSENSUS][PBFT]checkAndChangeView: Reach consensus,org_view=33,cur_changeCycle=1,curView=33,view=34
info|2021-01-28 13:01:09.877347|[g:1][CONSENSUS][SEALER]++++++++++++++++ Generating seal on,blkNum=7,tx=0,nodeIdx=0,hash=52be1ed7...
info|2021-01-28 13:01:09.885374|[g:1][CONSENSUS][PBFT]checkTimeout Succ,view=34,toView=35,nodeIdx=0,changeCycle=1,myNode=3c5c0edb...,timecost=0.165
info|2021-01-28 13:01:09.886569|[g:1][CONSENSUS][PBFT]checkAndChangeView: Reach consensus,org_view=34,cur_changeCycle=1,curView=34,view=35
info|2021-01-28 13:01:10.909262|[g:1][CONSENSUS]addRawPrepare,height=7,reqIdx=1,hash=72dd7d56...,time=0
info|2021-01-28 13:01:10.909543|[g:1][CONSENSUS][PBFT]checkTimeout Succ,view=35,toView=36,nodeIdx=0,changeCycle=1,myNode=3c5c0edb...,timecost=0.163
info|2021-01-28 13:01:10.912675|[g:1][CONSENSUS][PBFT]checkAndChangeView: Reach consensus,org_view=35,cur_changeCycle=1,curView=35,view=36
info|2021-01-28 13:01:11.913005|[g:1][CONSENSUS]addRawPrepare,height=7,reqIdx=2,hash=e645cc2f...,time=0
info|2021-01-28 13:01:11.913192|[g:1][CONSENSUS][PBFT]checkTimeout Succ,view=36,toView=37,nodeIdx=0,changeCycle=1,myNode=3c5c0edb...,timecost=0.164
info|2021-01-28 13:01:11.916380|[g:1][CONSENSUS][PBFT]checkAndChangeView: Reach consensus,org_view=36,cur_changeCycle=1,curView=36,view=37
info|2021-01-28 13:01:12.921976|[g:1][CONSENSUS]addRawPrepare,height=7,reqIdx=3,hash=d572d221...,time=0
info|2021-01-28 13:01:12.922163|[g:1][CONSENSUS][PBFT]checkTimeout Succ,view=37,toView=38,nodeIdx=0,changeCycle=1,myNode=3c5c0edb...,timecost=0.161
info|2021-01-28 13:01:12.922647|[g:1][CONSENSUS][PBFT]checkAndChangeView: Reach consensus,org_view=37,cur_changeCycle=1,curView=37,view=38
info|2021-01-28 13:01:13.922826|[g:1][CONSENSUS][SEALER]++++++++++++++++ Generating seal on,blkNum=7,tx=0,nodeIdx=0,hash=5441bf3c...
info|2021-01-28 13:01:13.929279|[g:1][CONSENSUS][PBFT]checkTimeout Succ,view=38,toView=39,nodeIdx=0,changeCycle=1,myNode=3c5c0edb...,timecost=0.273
info|2021-01-28 13:01:13.930348|[g:1][CONSENSUS][PBFT]checkAndChangeView: Reach consensus,org_view=38,cur_changeCycle=1,curView=38,view=39
info|2021-01-28 13:01:14.933069|[g:1][CONSENSUS]addRawPrepare,height=7,reqIdx=1,hash=301e0c75...,time=0
info|2021-01-28 13:01:14.933495|[g:1][CONSENSUS][PBFT]checkTimeout Succ,view=39,toView=40,nodeIdx=0,changeCycle=1,myNode=3c5c0edb...,timecost=0.396
info|2021-01-28 13:01:14.936606|[g:1][CONSENSUS][PBFT]checkAndChangeView: Reach consensus,org_view=39,cur_changeCycle=1,curView=39,view=40
info|2021-01-28 13:01:15.717294|[P2P][Service] heartBeat,connected count=3
info|2021-01-28 13:01:15.937830|[g:1][CONSENSUS]addRawPrepare,height=7,reqIdx=2,hash=7ec7a983...,time=0
info|2021-01-28 13:01:15.938026|[g:1][CONSENSUS][PBFT]checkTimeout Succ,view=40,toView=41,nodeIdx=0,changeCycle=1,myNode=3c5c0edb...,timecost=0.171
info|2021-01-28 13:01:15.941276|[g:1][CONSENSUS][PBFT]checkAndChangeView: Reach consensus,org_view=40,cur_changeCycle=1,curView=40,view=41
info|2021-01-28 13:01:16.944726|[g:1][CONSENSUS]addRawPrepare,height=7,reqIdx=3,hash=5f5558fe...,time=0
info|2021-01-28 13:01:16.945014|[g:1][CONSENSUS][PBFT]checkTimeout Succ,view=41,toView=42,nodeIdx=0,changeCycle=1,myNode=3c5c0edb...,timecost=0.265
info|2021-01-28 13:01:16.947412|[g:1][CONSENSUS][PBFT]checkAndChangeView: Reach consensus,org_view=41,cur_changeCycle=1,curView=41,view=42
info|2021-01-28 13:01:17.948456|[g:1][CONSENSUS][SEALER]++++++++++++++++ Generating seal on,blkNum=7,tx=0,nodeIdx=0,hash=c46efa22...
info|2021-01-28 13:01:17.954528|[g:1][CONSENSUS][PBFT]checkTimeout Succ,view=42,toView=43,nodeIdx=0,changeCycle=1,myNode=3c5c0edb...,timecost=0.166
info|2021-01-28 13:01:17.955589|[g:1][CONSENSUS][PBFT]checkAndChangeView: Reach consensus,org_view=42,cur_changeCycle=1,curView=42,view=43
info|2021-01-28 13:01:18.956836|[g:1][CONSENSUS]addRawPrepare,height=7,reqIdx=1,hash=e3c6a24c...,time=0
info|2021-01-28 13:01:18.957026|[g:1][CONSENSUS][PBFT]checkTimeout Succ,view=43,toView=44,nodeIdx=0,changeCycle=1,myNode=3c5c0edb...,timecost=0.167
info|2021-01-28 13:01:18.958888|[g:1][CONSENSUS][PBFT]checkAndChangeView: Reach consensus,org_view=43,cur_changeCycle=1,curView=43,view=44
info|2021-01-28 13:01:19.964898|[g:1][CONSENSUS]addRawPrepare,height=7,reqIdx=2,hash=9de45700...,time=0
info|2021-01-28 13:01:19.965079|[g:1][CONSENSUS][PBFT]checkTimeout Succ,view=44,toView=45,nodeIdx=0,changeCycle=1,myNode=3c5c0edb...,timecost=0.157
info|2021-01-28 13:01:19.968625|[g:1][CONSENSUS][PBFT]checkAndChangeView: Reach consensus,org_view=44,cur_changeCycle=1,curView=44,view=45
info|2021-01-28 13:01:20.967889|[g:1][CONSENSUS]addRawPrepare,height=7,reqIdx=3,hash=a378341c...,time=0
info|2021-01-28 13:01:20.968228|[g:1][CONSENSUS][PBFT]checkTimeout Succ,view=45,toView=46,nodeIdx=0,changeCycle=1,myNode=3c5c0edb...,timecost=0.313
info|2021-01-28 13:01:20.972045|[g:1][CONSENSUS][PBFT]checkAndChangeView: Reach consensus,org_view=45,cur_changeCycle=1,curView=45,view=46
info|2021-01-28 13:01:21.973821|[g:1][CONSENSUS][SEALER]++++++++++++++++ Generating seal on,blkNum=7,tx=0,nodeIdx=0,hash=803bb9fb...
info|2021-01-28 13:01:21.980259|[g:1][CONSENSUS][PBFT]checkTimeout Succ,view=46,toView=47,nodeIdx=0,changeCycle=1,myNode=3c5c0edb...,timecost=0.339
info|2021-01-28 13:01:21.981321|[g:1][CONSENSUS][PBFT]checkAndChangeView: Reach consensus,org_view=46,cur_changeCycle=1,curView=46,view=47
info|2021-01-28 13:01:22.981658|[g:1][CONSENSUS]addRawPrepare,height=7,reqIdx=1,hash=abc36a0a...,time=0
info|2021-01-28 13:01:22.981847|[g:1][CONSENSUS][PBFT]checkTimeout Succ,view=47,toView=48,nodeIdx=0,changeCycle=1,myNode=3c5c0edb...,timecost=0.163
info|2021-01-28 13:01:22.984618|[g:1][CONSENSUS][PBFT]checkAndChangeView: Reach consensus,org_view=47,cur_changeCycle=1,curView=47,view=48
info|2021-01-28 13:01:23.987668|[g:1][CONSENSUS]addRawPrepare,height=7,reqIdx=2,hash=aef65a61...,time=0
info|2021-01-28 13:01:23.988256|[g:1][CONSENSUS][PBFT]checkTimeout Succ,view=48,toView=49,nodeIdx=0,changeCycle=1,myNode=3c5c0edb...,timecost=0.566
info|2021-01-28 13:01:23.991581|[g:1][CONSENSUS][PBFT]checkAndChangeView: Reach consensus,org_view=48,cur_changeCycle=1,curView=48,view=49
info|2021-01-28 13:01:24.995892|[g:1][CONSENSUS]addRawPrepare,height=7,reqIdx=3,hash=a87f0db4...,time=0
info|2021-01-28 13:01:24.996078|[g:1][CONSENSUS][PBFT]checkTimeout Succ,view=49,toView=50,nodeIdx=0,changeCycle=1,myNode=3c5c0edb...,timecost=0.162
info|2021-01-28 13:01:24.999179|[g:1][CONSENSUS][PBFT]checkAndChangeView: Reach consensus,org_view=49,cur_changeCycle=1,curView=49,view=50
info|2021-01-28 13:01:25.717427|[P2P][Service] heartBeat,connected count=3
info|2021-01-28 13:01:25.998994|[g:1][CONSENSUS][SEALER]++++++++++++++++ Generating seal on,blkNum=7,tx=0,nodeIdx=0,hash=9216f8b7...
info|2021-01-28 13:01:26.005393|[g:1][CONSENSUS][PBFT]checkTimeout Succ,view=50,toView=51,nodeIdx=0,changeCycle=1,myNode=3c5c0edb...,timecost=0.162
info|2021-01-28 13:01:26.006191|[g:1][CONSENSUS][PBFT]checkAndChangeView: Reach consensus,org_view=50,cur_changeCycle=1,curView=50,view=51
info|2021-01-28 13:01:27.007369|[g:1][CONSENSUS]addRawPrepare,height=7,reqIdx=1,hash=0dd1ae30...,time=0
info|2021-01-28 13:01:27.007566|[g:1][CONSENSUS][PBFT]checkTimeout Succ,view=51,toView=52,nodeIdx=0,changeCycle=1,myNode=3c5c0edb...,timecost=0.173
info|2021-01-28 13:01:27.009636|[g:1][CONSENSUS][PBFT]checkAndChangeView: Reach consensus,org_view=51,cur_changeCycle=1,curView=51,view=52
info|2021-01-28 13:01:28.012998|[g:1][CONSENSUS]addRawPrepare,height=7,reqIdx=2,hash=e73e375b...,time=1
info|2021-01-28 13:01:28.013326|[g:1][CONSENSUS][PBFT]checkTimeout Succ,view=52,toView=53,nodeIdx=0,changeCycle=1,myNode=3c5c0edb...,timecost=0.304
info|2021-01-28 13:01:28.016924|[g:1][CONSENSUS][PBFT]checkAndChangeView: Reach consensus,org_view=52,cur_changeCycle=1,curView=52,view=53
info|2021-01-28 13:01:29.020214|[g:1][CONSENSUS]addRawPrepare,height=7,reqIdx=3,hash=3bc48f32...,time=0
info|2021-01-28 13:01:29.020400|[g:1][CONSENSUS][PBFT]checkTimeout Succ,view=53,toView=54,nodeIdx=0,changeCycle=1,myNode=3c5c0edb...,timecost=0.16
info|2021-01-28 13:01:29.023124|[g:1][CONSENSUS][PBFT]checkAndChangeView: Reach consensus,org_view=53,cur_changeCycle=1,curView=53,view=54
info|2021-01-28 13:01:30.023608|[g:1][CONSENSUS][SEALER]++++++++++++++++ Generating seal on,blkNum=7,tx=0,nodeIdx=0,hash=0f8404a0...
info|2021-01-28 13:01:30.029362|[g:1][CONSENSUS][PBFT]checkTimeout Succ,view=54,toView=55,nodeIdx=0,changeCycle=1,myNode=3c5c0edb...,timecost=0.172
info|2021-01-28 13:01:30.031159|[g:1][CONSENSUS][PBFT]checkAndChangeView: Reach consensus,org_view=54,cur_changeCycle=1,curView=54,view=55
info|2021-01-28 13:01:31.032575|[g:1][CONSENSUS]addRawPrepare,height=7,reqIdx=1,hash=90e761a4...,time=0
info|2021-01-28 13:01:31.032762|[g:1][CONSENSUS][PBFT]checkTimeout Succ,view=55,toView=56,nodeIdx=0,changeCycle=1,myNode=3c5c0edb...,timecost=0.161
info|2021-01-28 13:01:31.036803|[g:1][CONSENSUS][PBFT]checkAndChangeView: Reach consensus,org_view=55,cur_changeCycle=1,curView=55,view=56
info|2021-01-28 13:01:32.038396|[g:1][CONSENSUS]addRawPrepare,height=7,reqIdx=2,hash=f967c047...,time=0
info|2021-01-28 13:01:32.038752|[g:1][CONSENSUS][PBFT]checkTimeout Succ,view=56,toView=57,nodeIdx=0,changeCycle=1,myNode=3c5c0edb...,timecost=0.331
info|2021-01-28 13:01:32.042329|[g:1][CONSENSUS][PBFT]checkAndChangeView: Reach consensus,org_view=56,cur_changeCycle=1,curView=56,view=57
info|2021-01-28 13:01:33.043402|[g:1][CONSENSUS]addRawPrepare,height=7,reqIdx=3,hash=252e71a3...,time=0
info|2021-01-28 13:01:33.043955|[g:1][CONSENSUS][PBFT]checkTimeout Succ,view=57,toView=58,nodeIdx=0,changeCycle=1,myNode=3c5c0edb...,timecost=0.531
info|2021-01-28 13:01:33.046663|[g:1][CONSENSUS][PBFT]checkAndChangeView: Reach consensus,org_view=57,cur_changeCycle=1,curView=57,view=58
info|2021-01-28 13:01:34.046579|[g:1][CONSENSUS][SEALER]++++++++++++++++ Generating seal on,blkNum=7,tx=0,nodeIdx=0,hash=0d4d0359...
info|2021-01-28 13:01:34.052935|[g:1][CONSENSUS][PBFT]checkTimeout Succ,view=58,toView=59,nodeIdx=0,changeCycle=1,myNode=3c5c0edb...,timecost=0.166
info|2021-01-28 13:01:34.053950|[g:1][CONSENSUS][PBFT]checkAndChangeView: Reach consensus,org_view=58,cur_changeCycle=1,curView=58,view=59
info|2021-01-28 13:01:35.055847|[g:1][CONSENSUS]addRawPrepare,height=7,reqIdx=1,hash=18de3240...,time=0
info|2021-01-28 13:01:35.056041|[g:1][CONSENSUS][PBFT]checkTimeout Succ,view=59,toView=60,nodeIdx=0,changeCycle=1,myNode=3c5c0edb...,timecost=0.168
info|2021-01-28 13:01:35.058158|[g:1][CONSENSUS][PBFT]checkAndChangeView: Reach consensus,org_view=59,cur_changeCycle=1,curView=59,view=60
info|2021-01-28 13:01:35.717640|[P2P][Service] heartBeat,connected count=3
info|2021-01-28 13:01:36.061145|[g:1][CONSENSUS]addRawPrepare,height=7,reqIdx=2,hash=fd6b57a0...,time=0
info|2021-01-28 13:01:36.061334|[g:1][CONSENSUS][PBFT]checkTimeout Succ,view=60,toView=61,nodeIdx=0,changeCycle=1,myNode=3c5c0edb...,timecost=0.164
info|2021-01-28 13:01:36.065171|[g:1][CONSENSUS][PBFT]checkAndChangeView: Reach consensus,org_view=60,cur_changeCycle=1,curView=60,view=61
info|2021-01-28 13:01:37.067946|[g:1][CONSENSUS]addRawPrepare,height=7,reqIdx=3,hash=d4cfea43...,time=0
info|2021-01-28 13:01:37.068128|[g:1][CONSENSUS][PBFT]checkTimeout Succ,view=61,toView=62,nodeIdx=0,changeCycle=1,myNode=3c5c0edb...,timecost=0.222
info|2021-01-28 13:01:37.069942|[g:1][CONSENSUS][PBFT]checkAndChangeView: Reach consensus,org_view=61,cur_changeCycle=1,curView=61,view=62
info|2021-01-28 13:01:38.075091|[g:1][CONSENSUS][SEALER]++++++++++++++++ Generating seal on,blkNum=7,tx=0,nodeIdx=0,hash=b8faefdc...
info|2021-01-28 13:01:38.105535|[g:1][CONSENSUS][PBFT]checkTimeout Succ,view=62,toView=63,nodeIdx=0,changeCycle=1,myNode=3c5c0edb...,timecost=0.669
info|2021-01-28 13:01:38.114578|[g:1][CONSENSUS][PBFT]checkAndChangeView: Reach consensus,org_view=62,cur_changeCycle=1,curView=62,view=63
info|2021-01-28 13:01:39.117149|[g:1][CONSENSUS]addRawPrepare,height=7,reqIdx=1,hash=c6072405...,time=0
info|2021-01-28 13:01:39.117378|[g:1][CONSENSUS][PBFT]checkTimeout Succ,view=63,toView=64,nodeIdx=0,changeCycle=1,myNode=3c5c0edb...,timecost=0.201
info|2021-01-28 13:01:39.121273|[g:1][CONSENSUS][PBFT]checkAndChangeView: Reach consensus,org_view=63,cur_changeCycle=1,curView=63,view=64
info|2021-01-28 13:01:40.123524|[g:1][CONSENSUS]addRawPrepare,height=7,reqIdx=2,hash=edf1302b...,time=0
info|2021-01-28 13:01:40.124048|[g:1][CONSENSUS][PBFT]checkTimeout Succ,view=64,toView=65,nodeIdx=0,changeCycle=1,myNode=3c5c0edb...,timecost=0.501
info|2021-01-28 13:01:40.128436|[g:1][CONSENSUS][PBFT]checkAndChangeView: Reach consensus,org_view=64,cur_changeCycle=1,curView=64,view=65
info|2021-01-28 13:01:41.133549|[g:1][CONSENSUS]addRawPrepare,height=7,reqIdx=3,hash=550178a1...,time=0
info|2021-01-28 13:01:41.133883|[g:1][CONSENSUS][PBFT]checkTimeout Succ,view=65,toView=66,nodeIdx=0,changeCycle=1,myNode=3c5c0edb...,timecost=0.303
info|2021-01-28 13:01:41.138819|[g:1][CONSENSUS][PBFT]checkAndChangeView: Reach consensus,org_view=65,cur_changeCycle=1,curView=65,view=66
info|2021-01-28 13:01:42.148778|[g:1][CONSENSUS][SEALER]++++++++++++++++ Generating seal on,blkNum=7,tx=0,nodeIdx=0,hash=86c5522d...
info|2021-01-28 13:01:42.157600|[g:1][CONSENSUS][PBFT]checkTimeout Succ,view=66,toView=67,nodeIdx=0,changeCycle=1,myNode=3c5c0edb...,timecost=0.686
info|2021-01-28 13:01:42.161627|[g:1][CONSENSUS][PBFT]checkAndChangeView: Reach consensus,org_view=66,cur_changeCycle=1,curView=66,view=67
info|2021-01-28 13:01:43.158711|[g:1][CONSENSUS]addRawPrepare,height=7,reqIdx=1,hash=2399a04f...,time=0
info|2021-01-28 13:01:43.158899|[g:1][CONSENSUS][PBFT]checkTimeout Succ,view=67,toView=68,nodeIdx=0,changeCycle=1,myNode=3c5c0edb...,timecost=0.162
info|2021-01-28 13:01:43.160826|[g:1][CONSENSUS][PBFT]checkAndChangeView: Reach consensus,org_view=67,cur_changeCycle=1,curView=67,view=68
info|2021-01-28 13:01:44.163025|[g:1][CONSENSUS]addRawPrepare,height=7,reqIdx=2,hash=5fe9fa70...,time=0
info|2021-01-28 13:01:44.163209|[g:1][CONSENSUS][PBFT]checkTimeout Succ,view=68,toView=69,nodeIdx=0,changeCycle=1,myNode=3c5c0edb...,timecost=0.161
info|2021-01-28 13:01:44.166304|[g:1][CONSENSUS][PBFT]checkAndChangeView: Reach consensus,org_view=68,cur_changeCycle=1,curView=68,view=69
info|2021-01-28 13:01:45.170455|[g:1][CONSENSUS]addRawPrepare,height=7,reqIdx=3,hash=e6cda016...,time=0
info|2021-01-28 13:01:45.170772|[g:1][CONSENSUS][PBFT]checkTimeout Succ,view=69,toView=70,nodeIdx=0,changeCycle=1,myNode=3c5c0edb...,timecost=0.179
info|2021-01-28 13:01:45.174108|[g:1][CONSENSUS][PBFT]checkAndChangeView: Reach consensus,org_view=69,cur_changeCycle=1,curView=69,view=70
info|2021-01-28 13:01:45.717917|[P2P][Service] heartBeat,connected count=3
info|2021-01-28 13:01:46.173343|[g:1][CONSENSUS][SEALER]++++++++++++++++ Generating seal on,blkNum=7,tx=0,nodeIdx=0,hash=123d3168...
info|2021-01-28 13:01:46.179210|[g:1][CONSENSUS][PBFT]checkTimeout Succ,view=70,toView=71,nodeIdx=0,changeCycle=1,myNode=3c5c0edb...,timecost=0.175
info|2021-01-28 13:01:46.180547|[g:1][CONSENSUS][PBFT]checkAndChangeView: Reach consensus,org_view=70,cur_changeCycle=1,curView=70,view=71
info|2021-01-28 13:01:47.181642|[g:1][CONSENSUS]addRawPrepare,height=7,reqIdx=1,hash=2179a6e4...,time=0
info|2021-01-28 13:01:47.181827|[g:1][CONSENSUS][PBFT]checkTimeout Succ,view=71,toView=72,nodeIdx=0,changeCycle=1,myNode=3c5c0edb...,timecost=0.161
info|2021-01-28 13:01:47.183517|[g:1][CONSENSUS][PBFT]checkAndChangeView: Reach consensus,org_view=71,cur_changeCycle=1,curView=71,view=72
info|2021-01-28 13:01:48.187141|[g:1][CONSENSUS]addRawPrepare,height=7,reqIdx=2,hash=d1a558ac...,time=0
info|2021-01-28 13:01:48.187811|[g:1][CONSENSUS][PBFT]checkTimeout Succ,view=72,toView=73,nodeIdx=0,changeCycle=1,myNode=3c5c0edb...,timecost=0.625
info|2021-01-28 13:01:48.192402|[g:1][CONSENSUS][PBFT]checkAndChangeView: Reach consensus,org_view=72,cur_changeCycle=1,curView=72,view=73
info|2021-01-28 13:01:49.196214|[g:1][CONSENSUS]addRawPrepare,height=7,reqIdx=3,hash=143b56a8...,time=0
info|2021-01-28 13:01:49.196405|[g:1][CONSENSUS][PBFT]checkTimeout Succ,view=73,toView=74,nodeIdx=0,changeCycle=1,myNode=3c5c0edb...,timecost=0.165
info|2021-01-28 13:01:49.198296|[g:1][CONSENSUS][PBFT]checkAndChangeView: Reach consensus,org_view=73,cur_changeCycle=1,curView=73,view=74
info|2021-01-28 13:01:50.200147|[g:1][CONSENSUS][SEALER]++++++++++++++++ Generating seal on,blkNum=7,tx=0,nodeIdx=0,hash=91f1ff3a...
info|2021-01-28 13:01:50.210872|[g:1][CONSENSUS][PBFT]checkTimeout Succ,view=74,toView=75,nodeIdx=0,changeCycle=1,myNode=3c5c0edb...,timecost=0.308
info|2021-01-28 13:01:50.212218|[g:1][CONSENSUS][PBFT]checkAndChangeView: Reach consensus,org_view=74,cur_changeCycle=1,curView=74,view=75
info|2021-01-28 13:01:51.213835|[g:1][CONSENSUS]addRawPrepare,height=7,reqIdx=1,hash=efea1719...,time=0
info|2021-01-28 13:01:51.214190|[g:1][CONSENSUS][PBFT]checkTimeout Succ,view=75,toView=76,nodeIdx=0,changeCycle=1,myNode=3c5c0edb...,timecost=0.331
info|2021-01-28 13:01:51.217228|[g:1][CONSENSUS][PBFT]checkAndChangeView: Reach consensus,org_view=75,cur_changeCycle=1,curView=75,view=76
info|2021-01-28 13:01:52.218952|[g:1][CONSENSUS]addRawPrepare,height=7,reqIdx=2,hash=b9ffbb35...,time=0
info|2021-01-28 13:01:52.219466|[g:1][CONSENSUS][PBFT]checkTimeout Succ,view=76,toView=77,nodeIdx=0,changeCycle=1,myNode=3c5c0edb...,timecost=0.493
info|2021-01-28 13:01:52.223129|[g:1][CONSENSUS][PBFT]checkAndChangeView: Reach consensus,org_view=76,cur_changeCycle=1,curView=76,view=77
info|2021-01-28 13:01:53.225877|[g:1][CONSENSUS]addRawPrepare,height=7,reqIdx=3,hash=32c06628...,time=0
info|2021-01-28 13:01:53.226063|[g:1][CONSENSUS][PBFT]checkTimeout Succ,view=77,toView=78,nodeIdx=0,changeCycle=1,myNode=3c5c0edb...,timecost=0.161
info|2021-01-28 13:01:53.228910|[g:1][CONSENSUS][PBFT]checkAndChangeView: Reach consensus,org_view=77,cur_changeCycle=1,curView=77,view=78
info|2021-01-28 13:01:54.230101|[g:1][CONSENSUS][SEALER]++++++++++++++++ Generating seal on,blkNum=7,tx=0,nodeIdx=0,hash=d140b9ac...
info|2021-01-28 13:01:54.236191|[g:1][CONSENSUS][PBFT]checkTimeout Succ,view=78,toView=79,nodeIdx=0,changeCycle=1,myNode=3c5c0edb...,timecost=0.176
info|2021-01-28 13:01:54.237226|[g:1][CONSENSUS][PBFT]checkAndChangeView: Reach consensus,org_view=78,cur_changeCycle=1,curView=78,view=79
info|2021-01-28 13:01:55.240325|[g:1][CONSENSUS]addRawPrepare,height=7,reqIdx=1,hash=94060df9...,time=0
info|2021-01-28 13:01:55.240516|[g:1][CONSENSUS][PBFT]checkTimeout Succ,view=79,toView=80,nodeIdx=0,changeCycle=1,myNode=3c5c0edb...,timecost=0.161
info|2021-01-28 13:01:55.243246|[g:1][CONSENSUS][PBFT]checkAndChangeView: Reach consensus,org_view=79,cur_changeCycle=1,curView=79,view=80
info|2021-01-28 13:01:55.719541|[P2P][Service] heartBeat,connected count=3
info|2021-01-28 13:01:56.247756|[g:1][CONSENSUS]addRawPrepare,height=7,reqIdx=2,hash=2c0ca9fb...,time=0
info|2021-01-28 13:01:56.247944|[g:1][CONSENSUS][PBFT]checkTimeout Succ,view=80,toView=81,nodeIdx=0,changeCycle=1,myNode=3c5c0edb...,timecost=0.16
info|2021-01-28 13:01:56.250386|[g:1][CONSENSUS][PBFT]checkAndChangeView: Reach consensus,org_view=80,cur_changeCycle=1,curView=80,view=81
info|2021-01-28 13:01:57.253936|[g:1][CONSENSUS]addRawPrepare,height=7,reqIdx=3,hash=db9338f6...,time=0
info|2021-01-28 13:01:57.254122|[g:1][CONSENSUS][PBFT]checkTimeout Succ,view=81,toView=82,nodeIdx=0,changeCycle=1,myNode=3c5c0edb...,timecost=0.16
info|2021-01-28 13:01:57.256860|[g:1][CONSENSUS][PBFT]checkAndChangeView: Reach consensus,org_view=81,cur_changeCycle=1,curView=81,view=82
info|2021-01-28 13:01:58.257588|[g:1][CONSENSUS][SEALER]++++++++++++++++ Generating seal on,blkNum=7,tx=0,nodeIdx=0,hash=75d14844...
info|2021-01-28 13:01:58.263968|[g:1][CONSENSUS][PBFT]checkTimeout Succ,view=82,toView=83,nodeIdx=0,changeCycle=1,myNode=3c5c0edb...,timecost=0.241
info|2021-01-28 13:01:58.265062|[g:1][CONSENSUS][PBFT]checkAndChangeView: Reach consensus,org_view=82,cur_changeCycle=1,curView=82,view=83
info|2021-01-28 13:01:59.273547|[g:1][CONSENSUS]addRawPrepare,height=7,reqIdx=1,hash=60629a26...,time=0
info|2021-01-28 13:01:59.274289|[g:1][CONSENSUS][PBFT]checkTimeout Succ,view=83,toView=84,nodeIdx=0,changeCycle=1,myNode=3c5c0edb...,timecost=0.701
info|2021-01-28 13:01:59.274908|[g:1][CONSENSUS][PBFT]checkAndChangeView: Reach consensus,org_view=83,cur_changeCycle=1,curView=83,view=84
info|2021-01-28 13:02:00.273626|[g:1][CONSENSUS]addRawPrepare,height=7,reqIdx=2,hash=10d49efe...,time=0
info|2021-01-28 13:02:00.273814|[g:1][CONSENSUS][PBFT]checkTimeout Succ,view=84,toView=85,nodeIdx=0,changeCycle=1,myNode=3c5c0edb...,timecost=0.162
info|2021-01-28 13:02:00.278230|[g:1][CONSENSUS][PBFT]checkAndChangeView: Reach consensus,org_view=84,cur_changeCycle=1,curView=84,view=85
info|2021-01-28 13:02:01.282004|[g:1][CONSENSUS]addRawPrepare,height=7,reqIdx=3,hash=5f8d459a...,time=1
info|2021-01-28 13:02:01.282193|[g:1][CONSENSUS][PBFT]checkTimeout Succ,view=85,toView=86,nodeIdx=0,changeCycle=1,myNode=3c5c0edb...,timecost=0.163
info|2021-01-28 13:02:01.286840|[g:1][CONSENSUS][PBFT]checkAndChangeView: Reach consensus,org_view=85,cur_changeCycle=1,curView=85,view=86
info|2021-01-28 13:02:02.287917|[g:1][CONSENSUS][SEALER]++++++++++++++++ Generating seal on,blkNum=7,tx=0,nodeIdx=0,hash=efe1773c...
info|2021-01-28 13:02:02.294279|[g:1][CONSENSUS][PBFT]checkTimeout Succ,view=86,toView=87,nodeIdx=0,changeCycle=1,myNode=3c5c0edb...,timecost=0.178
info|2021-01-28 13:02:02.295920|[g:1][CONSENSUS][PBFT]checkAndChangeView: Reach consensus,org_view=86,cur_changeCycle=1,curView=86,view=87
info|2021-01-28 13:02:03.295129|[g:1][CONSENSUS]addRawPrepare,height=7,reqIdx=1,hash=cb2e3c0a...,time=0
info|2021-01-28 13:02:03.295316|[g:1][CONSENSUS][PBFT]checkTimeout Succ,view=87,toView=88,nodeIdx=0,changeCycle=1,myNode=3c5c0edb...,timecost=0.163
info|2021-01-28 13:02:03.299221|[g:1][CONSENSUS][PBFT]checkAndChangeView: Reach consensus,org_view=87,cur_changeCycle=1,curView=87,view=88
info|2021-01-28 13:02:04.360473|[g:1][CONSENSUS]addRawPrepare,height=7,reqIdx=2,hash=aba9d069...,time=0
info|2021-01-28 13:02:04.385267|[g:1][CONSENSUS][PBFT]checkTimeout Succ,view=88,toView=89,nodeIdx=0,changeCycle=1,myNode=3c5c0edb...,timecost=24.476
info|2021-01-28 13:02:04.396667|[g:1][CONSENSUS][PBFT]checkAndChangeView: Reach consensus,org_view=88,cur_changeCycle=1,curView=88,view=89
info|2021-01-28 13:02:05.498685|[g:1][CONSENSUS]addRawPrepare,height=7,reqIdx=3,hash=454f33d2...,time=0
info|2021-01-28 13:02:05.628910|[g:1][CONSENSUS][PBFT]checkTimeout Succ,view=89,toView=90,nodeIdx=0,changeCycle=1,myNode=3c5c0edb...,timecost=124.983
info|2021-01-28 13:02:05.640414|[g:1][CONSENSUS][PBFT]checkAndChangeView: Reach consensus,org_view=89,cur_changeCycle=1,curView=89,view=90
info|2021-01-28 13:02:05.719810|[P2P][Service] heartBeat,connected count=3
info|2021-01-28 13:02:06.641920|[g:1][CONSENSUS][SEALER]++++++++++++++++ Generating seal on,blkNum=7,tx=0,nodeIdx=0,hash=72ee4c63...
info|2021-01-28 13:02:06.654409|[g:1][CONSENSUS][PBFT]checkTimeout Succ,view=90,toView=91,nodeIdx=0,changeCycle=1,myNode=3c5c0edb...,timecost=0.2
info|2021-01-28 13:02:06.655622|[g:1][CONSENSUS][PBFT]checkAndChangeView: Reach consensus,org_view=90,cur_changeCycle=1,curView=90,view=91
info|2021-01-28 13:02:07.655578|[g:1][CONSENSUS]addRawPrepare,height=7,reqIdx=1,hash=6807ef00...,time=0
info|2021-01-28 13:02:07.656040|[g:1][CONSENSUS][PBFT]checkTimeout Succ,view=91,toView=92,nodeIdx=0,changeCycle=1,myNode=3c5c0edb...,timecost=0.429
info|2021-01-28 13:02:07.659892|[g:1][CONSENSUS][PBFT]checkAndChangeView: Reach consensus,org_view=91,cur_changeCycle=1,curView=91,view=92
info|2021-01-28 13:02:08.661706|[g:1][CONSENSUS]addRawPrepare,height=7,reqIdx=2,hash=6f3fc014...,time=0
info|2021-01-28 13:02:08.661891|[g:1][CONSENSUS][PBFT]checkTimeout Succ,view=92,toView=93,nodeIdx=0,changeCycle=1,myNode=3c5c0edb...,timecost=0.163
info|2021-01-28 13:02:08.665512|[g:1][CONSENSUS][PBFT]checkAndChangeView: Reach consensus,org_view=92,cur_changeCycle=1,curView=92,view=93
info|2021-01-28 13:02:09.668037|[g:1][CONSENSUS]addRawPrepare,height=7,reqIdx=3,hash=6b5e5c5c...,time=0
info|2021-01-28 13:02:09.668326|[g:1][CONSENSUS][PBFT]checkTimeout Succ,view=93,toView=94,nodeIdx=0,changeCycle=1,myNode=3c5c0edb...,timecost=0.27
info|2021-01-28 13:02:09.670862|[g:1][CONSENSUS][PBFT]checkAndChangeView: Reach consensus,org_view=93,cur_changeCycle=1,curView=93,view=94
info|2021-01-28 13:02:10.671824|[g:1][CONSENSUS][SEALER]++++++++++++++++ Generating seal on,blkNum=7,tx=0,nodeIdx=0,hash=eb225581...
info|2021-01-28 13:02:10.677995|[g:1][CONSENSUS][PBFT]checkTimeout Succ,view=94,toView=95,nodeIdx=0,changeCycle=1,myNode=3c5c0edb...,timecost=0.167
info|2021-01-28 13:02:10.678999|[g:1][CONSENSUS][PBFT]checkAndChangeView: Reach consensus,org_view=94,cur_changeCycle=1,curView=94,view=95
info|2021-01-28 13:02:11.679574|[g:1][CONSENSUS]addRawPrepare,height=7,reqIdx=1,hash=0cf653e8...,time=0
info|2021-01-28 13:02:11.679761|[g:1][CONSENSUS][PBFT]checkTimeout Succ,view=95,toView=96,nodeIdx=0,changeCycle=1,myNode=3c5c0edb...,timecost=0.161
info|2021-01-28 13:02:11.683570|[g:1][CONSENSUS][PBFT]checkAndChangeView: Reach consensus,org_view=95,cur_changeCycle=1,curView=95,view=96
info|2021-01-28 13:02:12.685631|[g:1][CONSENSUS]addRawPrepare,height=7,reqIdx=2,hash=7262bfe5...,time=0
info|2021-01-28 13:02:12.685822|[g:1][CONSENSUS][PBFT]checkTimeout Succ,view=96,toView=97,nodeIdx=0,changeCycle=1,myNode=3c5c0edb...,timecost=0.164
info|2021-01-28 13:02:12.689885|[g:1][CONSENSUS][PBFT]checkAndChangeView: Reach consensus,org_view=96,cur_changeCycle=1,curView=96,view=97
info|2021-01-28 13:02:13.693790|[g:1][CONSENSUS]addRawPrepare,height=7,reqIdx=3,hash=f0a187ca...,time=0
info|2021-01-28 13:02:13.693977|[g:1][CONSENSUS][PBFT]checkTimeout Succ,view=97,toView=98,nodeIdx=0,changeCycle=1,myNode=3c5c0edb...,timecost=0.182
info|2021-01-28 13:02:13.718246|[g:1][CONSENSUS][PBFT]checkAndChangeView: Reach consensus,org_view=97,cur_changeCycle=1,curView=97,view=98
info|2021-01-28 13:02:14.718764|[g:1][CONSENSUS][SEALER]++++++++++++++++ Generating seal on,blkNum=7,tx=0,nodeIdx=0,hash=8cd045db...
info|2021-01-28 13:02:14.724664|[g:1][CONSENSUS][PBFT]checkTimeout Succ,view=98,toView=99,nodeIdx=0,changeCycle=1,myNode=3c5c0edb...,timecost=0.165
info|2021-01-28 13:02:14.725845|[g:1][CONSENSUS][PBFT]checkAndChangeView: Reach consensus,org_view=98,cur_changeCycle=1,curView=98,view=99
info|2021-01-28 13:02:15.720080|[P2P][Service] heartBeat,connected count=3
info|2021-01-28 13:02:15.726773|[g:1][CONSENSUS]addRawPrepare,height=7,reqIdx=1,hash=558aa324...,time=0
info|2021-01-28 13:02:15.727027|[g:1][CONSENSUS][PBFT]checkTimeout Succ,view=99,toView=100,nodeIdx=0,changeCycle=1,myNode=3c5c0edb...,timecost=0.206
info|2021-01-28 13:02:15.730750|[g:1][CONSENSUS][PBFT]checkAndChangeView: Reach consensus,org_view=99,cur_changeCycle=1,curView=99,view=100
info|2021-01-28 13:02:16.735148|[g:1][CONSENSUS]addRawPrepare,height=7,reqIdx=2,hash=777ec5c6...,time=0
info|2021-01-28 13:02:16.737362|[g:1][CONSENSUS][PBFT]checkTimeout Succ,view=100,toView=101,nodeIdx=0,changeCycle=1,myNode=3c5c0edb...,timecost=2.191
info|2021-01-28 13:02:16.737968|[g:1][CONSENSUS][PBFT]checkAndChangeView: Reach consensus,org_view=100,cur_changeCycle=1,curView=100,view=101
info|2021-01-28 13:02:17.748675|[g:1][CONSENSUS]addRawPrepare,height=7,reqIdx=3,hash=06eb3318...,time=0
info|2021-01-28 13:02:17.748975|[g:1][CONSENSUS][PBFT]checkTimeout Succ,view=101,toView=102,nodeIdx=0,changeCycle=1,myNode=3c5c0edb...,timecost=0.229
info|2021-01-28 13:02:17.759291|[g:1][CONSENSUS][PBFT]checkAndChangeView: Reach consensus,org_view=101,cur_changeCycle=1,curView=101,view=102
info|2021-01-28 13:02:18.764657|[g:1][CONSENSUS][SEALER]++++++++++++++++ Generating seal on,blkNum=7,tx=0,nodeIdx=0,hash=4406d523...
info|2021-01-28 13:02:18.777871|[g:1][CONSENSUS][PBFT]checkTimeout Succ,view=102,toView=103,nodeIdx=0,changeCycle=1,myNode=3c5c0edb...,timecost=2.488
info|2021-01-28 13:02:18.780058|[g:1][CONSENSUS][PBFT]checkAndChangeView: Reach consensus,org_view=102,cur_changeCycle=1,curView=102,view=103
