info|2021-01-28 13:00:00.536119|[g:1][CONSENSUS]addRawPrepare,height=6,reqIdx=1,hash=906a965a...,time=0
info|2021-01-28 13:00:00.536583|[g:1][CONSENSUS][PBFT]checkTimeout Succ,view=2164,toView=2165,nodeIdx=2,changeCycle=1,myNode=ad4aaee5...,timecost=0.437
info|2021-01-28 13:00:00.541161|[g:1][CONSENSUS][PBFT]checkAndChangeView: Reach consensus,org_view=2164,cur_changeCycle=1,curView=2164,view=2165
info|2021-01-28 13:00:01.542387|[g:1][CONSENSUS][SEALER]++++++++++++++++ Generating seal on,blkNum=6,tx=0,nodeIdx=2,hash=cb92db6b...
info|2021-01-28 13:00:01.548693|[g:1][CONSENSUS][PBFT]checkTimeout Succ,view=2165,toView=2166,nodeIdx=2,changeCycle=1,myNode=ad4aaee5...,timecost=0.167
info|2021-01-28 13:00:01.549955|[g:1][CONSENSUS][PBFT]checkAndChangeView: Reach consensus,org_view=2165,cur_changeCycle=1,curView=2165,view=2166
info|2021-01-28 13:00:02.550340|[g:1][CONSENSUS]addRawPrepare,height=6,reqIdx=3,hash=f9160c7e...,time=0
info|2021-01-28 13:00:02.550541|[g:1][CONSENSUS][PBFT]checkTimeout Succ,view=2166,toView=2167,nodeIdx=2,changeCycle=1,myNode=ad4aaee5...,timecost=0.172
info|2021-01-28 13:00:02.555006|[g:1][CONSENSUS][PBFT]checkAndChangeView: Reach consensus,org_view=2166,cur_changeCycle=1,curView=2166,view=2167
info|2021-01-28 13:00:03.556150|[g:1][CONSENSUS]addRawPrepare,height=6,reqIdx=0,hash=6ed1cfb0...,time=0
info|2021-01-28 13:00:03.556413|[g:1][CONSENSUS][PBFT]checkTimeout Succ,view=2167,toView=2168,nodeIdx=2,changeCycle=1,myNode=ad4aaee5...,timecost=0.183
info|2021-01-28 13:00:03.561002|[g:1][CONSENSUS][PBFT]checkAndChangeView: Reach consensus,org_view=2167,cur_changeCycle=1,curView=2167,view=2168
info|2021-01-28 13:00:04.563581|[g:1][CONSENSUS]addRawPrepare,height=6,reqIdx=1,hash=3032ad4e...,time=0
info|2021-01-28 13:00:04.564020|[g:1][CONSENSUS][PBFT]checkTimeout Succ,view=2168,toView=2169,nodeIdx=2,changeCycle=1,myNode=ad4aaee5...,timecost=0.566
info|2021-01-28 13:00:04.568526|[g:1][CONSENSUS][PBFT]checkAndChangeView: Reach consensus,org_view=2168,cur_changeCycle=1,curView=2168,view=2169
info|2021-01-28 13:00:05.569019|[g:1][CONSENSUS][SEALER]++++++++++++++++ Generating seal on,blkNum=6,tx=0,nodeIdx=2,hash=96a79150...
info|2021-01-28 13:00:05.582640|[g:1][CONSENSUS][PBFT]checkTimeout Succ,view=2169,toView=2170,nodeIdx=2,changeCycle=1,myNode=ad4aaee5...,timecost=0.373
info|2021-01-28 13:00:05.584012|[g:1][CONSENSUS][PBFT]checkAndChangeView: Reach consensus,org_view=2169,cur_changeCycle=1,curView=2169,view=2170
info|2021-01-28 13:00:05.716018|[P2P][Service] heartBeat,connected count=3
info|2021-01-28 13:00:06.584197|[g:1][CONSENSUS]addRawPrepare,height=6,reqIdx=3,hash=2f6b5177...,time=0
info|2021-01-28 13:00:06.584402|[g:1][CONSENSUS][PBFT]checkTimeout Succ,view=2170,toView=2171,nodeIdx=2,changeCycle=1,myNode=ad4aaee5...,timecost=0.176
info|2021-01-28 13:00:06.590301|[g:1][CONSENSUS][PBFT]checkAndChangeView: Reach consensus,org_view=2170,cur_changeCycle=1,curView=2170,view=2171
info|2021-01-28 13:00:07.592225|[g:1][CONSENSUS]addRawPrepare,height=6,reqIdx=0,hash=721ef683...,time=0
info|2021-01-28 13:00:07.592762|[g:1][CONSENSUS][PBFT]checkTimeout Succ,view=2171,toView=2172,nodeIdx=2,changeCycle=1,myNode=ad4aaee5...,timecost=0.511
info|2021-01-28 13:00:07.622458|[g:1][CONSENSUS][PBFT]checkAndChangeView: Reach consensus,org_view=2171,cur_changeCycle=1,curView=2171,view=2172
info|2021-01-28 13:00:08.625572|[g:1][CONSENSUS]addRawPrepare,height=6,reqIdx=1,hash=85c39118...,time=0
info|2021-01-28 13:00:08.628002|[g:1][CONSENSUS][PBFT]checkTimeout Succ,view=2172,toView=2173,nodeIdx=2,changeCycle=1,myNode=ad4aaee5...,timecost=2.371
info|2021-01-28 13:00:08.628490|[g:1][CONSENSUS][PBFT]checkAndChangeView: Reach consensus,org_view=2172,cur_changeCycle=1,curView=2172,view=2173
info|2021-01-28 13:00:09.628894|[g:1][CONSENSUS][SEALER]++++++++++++++++ Generating seal on,blkNum=6,tx=0,nodeIdx=2,hash=ed4aa4ea...
info|2021-01-28 13:00:09.635668|[g:1][CONSENSUS][PBFT]checkTimeout Succ,view=2173,toView=2174,nodeIdx=2,changeCycle=1,myNode=ad4aaee5...,timecost=0.175
info|2021-01-28 13:00:09.636580|[g:1][CONSENSUS][PBFT]checkAndChangeView: Reach consensus,org_view=2173,cur_changeCycle=1,curView=2173,view=2174
info|2021-01-28 13:00:10.634793|[g:1][CONSENSUS]addRawPrepare,height=6,reqIdx=3,hash=e42b1ef8...,time=0
info|2021-01-28 13:00:10.634988|[g:1][CONSENSUS][PBFT]checkTimeout Succ,view=2174,toView=2175,nodeIdx=2,changeCycle=1,myNode=ad4aaee5...,timecost=0.17
info|2021-01-28 13:00:10.638849|[g:1][CONSENSUS][PBFT]checkAndChangeView: Reach consensus,org_view=2174,cur_changeCycle=1,curView=2174,view=2175
info|2021-01-28 13:00:11.639043|[g:1][CONSENSUS]addRawPrepare,height=6,reqIdx=0,hash=8bedac72...,time=0
info|2021-01-28 13:00:11.641227|[g:1][CONSENSUS][PBFT]checkTimeout Succ,view=2175,toView=2176,nodeIdx=2,changeCycle=1,myNode=ad4aaee5...,timecost=0.175
info|2021-01-28 13:00:11.644226|[g:1][CONSENSUS][PBFT]checkAndChangeView: Reach consensus,org_view=2175,cur_changeCycle=1,curView=2175,view=2176
info|2021-01-28 13:00:12.645172|[g:1][CONSENSUS]addRawPrepare,height=6,reqIdx=1,hash=bef67ab2...,time=0
info|2021-01-28 13:00:12.645371|[g:1][CONSENSUS][PBFT]checkTimeout Succ,view=2176,toView=2177,nodeIdx=2,changeCycle=1,myNode=ad4aaee5...,timecost=0.166
info|2021-01-28 13:00:12.648799|[g:1][CONSENSUS][PBFT]checkAndChangeView: Reach consensus,org_view=2176,cur_changeCycle=1,curView=2176,view=2177
info|2021-01-28 13:00:13.650367|[g:1][CONSENSUS][SEALER]++++++++++++++++ Generating seal on,blkNum=6,tx=0,nodeIdx=2,hash=444827b6...
info|2021-01-28 13:00:13.657780|[g:1][CONSENSUS][PBFT]checkTimeout Succ,view=2177,toView=2178,nodeIdx=2,changeCycle=1,myNode=ad4aaee5...,timecost=0.169
info|2021-01-28 13:00:13.658976|[g:1][CONSENSUS][PBFT]checkAndChangeView: Reach consensus,org_view=2177,cur_changeCycle=1,curView=2177,view=2178
info|2021-01-28 13:00:14.658534|[g:1][CONSENSUS]addRawPrepare,height=6,reqIdx=3,hash=0e9b84fc...,time=0
info|2021-01-28 13:00:14.658866|[g:1][CONSENSUS][PBFT]checkTimeout Succ,view=2178,toView=2179,nodeIdx=2,changeCycle=1,myNode=ad4aaee5...,timecost=0.172
info|2021-01-28 13:00:14.663573|[g:1][CONSENSUS][PBFT]checkAndChangeView: Reach consensus,org_view=2178,cur_changeCycle=1,curView=2178,view=2179
info|2021-01-28 13:00:15.665139|[g:1][CONSENSUS]addRawPrepare,height=6,reqIdx=0,hash=83e017d5...,time=0
info|2021-01-28 13:00:15.665338|[g:1][CONSENSUS][PBFT]checkTimeout Succ,view=2179,toView=2180,nodeIdx=2,changeCycle=1,myNode=ad4aaee5...,timecost=0.172
info|2021-01-28 13:00:15.669340|[g:1][CONSENSUS][PBFT]checkAndChangeView: Reach consensus,org_view=2179,cur_changeCycle=1,curView=2179,view=2180
info|2021-01-28 13:00:15.716135|[P2P][Service] heartBeat,connected count=3
info|2021-01-28 13:00:16.671117|[g:1][CONSENSUS]addRawPrepare,height=6,reqIdx=1,hash=c41860b1...,time=0
info|2021-01-28 13:00:16.671300|[g:1][CONSENSUS][PBFT]checkTimeout Succ,view=2180,toView=2181,nodeIdx=2,changeCycle=1,myNode=ad4aaee5...,timecost=0.16
info|2021-01-28 13:00:16.673998|[g:1][CONSENSUS][PBFT]checkAndChangeView: Reach consensus,org_view=2180,cur_changeCycle=1,curView=2180,view=2181
info|2021-01-28 13:00:17.674030|[g:1][CONSENSUS][SEALER]++++++++++++++++ Generating seal on,blkNum=6,tx=0,nodeIdx=2,hash=a6c0e3e3...
info|2021-01-28 13:00:17.680588|[g:1][CONSENSUS][PBFT]checkTimeout Succ,view=2181,toView=2182,nodeIdx=2,changeCycle=1,myNode=ad4aaee5...,timecost=0.178
info|2021-01-28 13:00:17.681494|[g:1][CONSENSUS][PBFT]checkAndChangeView: Reach consensus,org_view=2181,cur_changeCycle=1,curView=2181,view=2182
info|2021-01-28 13:00:18.683750|[g:1][CONSENSUS]addRawPrepare,height=6,reqIdx=3,hash=67866b8c...,time=0
info|2021-01-28 13:00:18.683950|[g:1][CONSENSUS][PBFT]checkTimeout Succ,view=2182,toView=2183,nodeIdx=2,changeCycle=1,myNode=ad4aaee5...,timecost=0.171
info|2021-01-28 13:00:18.687886|[g:1][CONSENSUS][PBFT]checkAndChangeView: Reach consensus,org_view=2182,cur_changeCycle=1,curView=2182,view=2183
info|2021-01-28 13:00:19.691158|[g:1][CONSENSUS]addRawPrepare,height=6,reqIdx=0,hash=ae924765...,time=0
info|2021-01-28 13:00:19.691344|[g:1][CONSENSUS][PBFT]checkTimeout Succ,view=2183,toView=2184,nodeIdx=2,changeCycle=1,myNode=ad4aaee5...,timecost=0.162
info|2021-01-28 13:00:19.692233|[g:1][CONSENSUS][PBFT]checkAndChangeView: Reach consensus,org_view=2183,cur_changeCycle=1,curView=2183,view=2184
info|2021-01-28 13:00:20.695779|[g:1][CONSENSUS]addRawPrepare,height=6,reqIdx=1,hash=7ad823a8...,time=0
info|2021-01-28 13:00:20.695973|[g:1][CONSENSUS][PBFT]checkTimeout Succ,view=2184,toView=2185,nodeIdx=2,changeCycle=1,myNode=ad4aaee5...,timecost=0.168
info|2021-01-28 13:00:20.699026|[g:1][CONSENSUS][PBFT]checkAndChangeView: Reach consensus,org_view=2184,cur_changeCycle=1,curView=2184,view=2185
info|2021-01-28 13:00:21.699475|[g:1][CONSENSUS][SEALER]++++++++++++++++ Generating seal on,blkNum=6,tx=0,nodeIdx=2,hash=0b5c5ec9...
info|2021-01-28 13:00:21.706013|[g:1][CONSENSUS][PBFT]checkTimeout Succ,view=2185,toView=2186,nodeIdx=2,changeCycle=1,myNode=ad4aaee5...,timecost=0.26
info|2021-01-28 13:00:21.706744|[g:1][CONSENSUS][PBFT]checkAndChangeView: Reach consensus,org_view=2185,cur_changeCycle=1,curView=2185,view=2186
info|2021-01-28 13:00:22.709621|[g:1][CONSENSUS]addRawPrepare,height=6,reqIdx=3,hash=a32bb07a...,time=0
info|2021-01-28 13:00:22.709810|[g:1][CONSENSUS][PBFT]checkTimeout Succ,view=2186,toView=2187,nodeIdx=2,changeCycle=1,myNode=ad4aaee5...,timecost=0.164
info|2021-01-28 13:00:22.710496|[g:1][CONSENSUS][PBFT]checkAndChangeView: Reach consensus,org_view=2186,cur_changeCycle=1,curView=2186,view=2187
info|2021-01-28 13:00:23.714383|[g:1][CONSENSUS]addRawPrepare,height=6,reqIdx=0,hash=61ed19ef...,time=0
info|2021-01-28 13:00:23.714653|[g:1][CONSENSUS][PBFT]checkTimeout Succ,view=2187,toView=2188,nodeIdx=2,changeCycle=1,myNode=ad4aaee5...,timecost=0.234
info|2021-01-28 13:00:23.719000|[g:1][CONSENSUS][PBFT]checkAndChangeView: Reach consensus,org_view=2187,cur_changeCycle=1,curView=2187,view=2188
info|2021-01-28 13:00:24.718896|[g:1][CONSENSUS]addRawPrepare,height=6,reqIdx=1,hash=6b85817b...,time=0
info|2021-01-28 13:00:24.719082|[g:1][CONSENSUS][PBFT]checkTimeout Succ,view=2188,toView=2189,nodeIdx=2,changeCycle=1,myNode=ad4aaee5...,timecost=0.162
info|2021-01-28 13:00:24.723754|[g:1][CONSENSUS][PBFT]checkAndChangeView: Reach consensus,org_view=2188,cur_changeCycle=1,curView=2188,view=2189
info|2021-01-28 13:00:25.716323|[P2P][Service] heartBeat,connected count=3
info|2021-01-28 13:00:25.723904|[g:1][CONSENSUS][SEALER]++++++++++++++++ Generating seal on,blkNum=6,tx=0,nodeIdx=2,hash=aad37bee...
info|2021-01-28 13:00:25.729994|[g:1][CONSENSUS][PBFT]checkTimeout Succ,view=2189,toView=2190,nodeIdx=2,changeCycle=1,myNode=ad4aaee5...,timecost=0.163
info|2021-01-28 13:00:25.730802|[g:1][CONSENSUS][PBFT]checkAndChangeView: Reach consensus,org_view=2189,cur_changeCycle=1,curView=2189,view=2190
info|2021-01-28 13:00:26.730347|[g:1][CONSENSUS]addRawPrepare,height=6,reqIdx=3,hash=0c1ff7e1...,time=0
info|2021-01-28 13:00:26.730541|[g:1][CONSENSUS][PBFT]checkTimeout Succ,view=2190,toView=2191,nodeIdx=2,changeCycle=1,myNode=ad4aaee5...,timecost=0.166
info|2021-01-28 13:00:26.736068|[g:1][CONSENSUS][PBFT]checkAndChangeView: Reach consensus,org_view=2190,cur_changeCycle=1,curView=2190,view=2191
info|2021-01-28 13:00:27.736013|[g:1][CONSENSUS]addRawPrepare,height=6,reqIdx=0,hash=f63257ee...,time=0
info|2021-01-28 13:00:27.736212|[g:1][CONSENSUS][PBFT]checkTimeout Succ,view=2191,toView=2192,nodeIdx=2,changeCycle=1,myNode=ad4aaee5...,timecost=0.172
info|2021-01-28 13:00:27.739540|[g:1][CONSENSUS][PBFT]checkAndChangeView: Reach consensus,org_view=2191,cur_changeCycle=1,curView=2191,view=2192
info|2021-01-28 13:00:28.743965|[g:1][CONSENSUS]addRawPrepare,height=6,reqIdx=1,hash=ae5429ad...,time=0
info|2021-01-28 13:00:28.744152|[g:1][CONSENSUS][PBFT]checkTimeout Succ,view=2192,toView=2193,nodeIdx=2,changeCycle=1,myNode=ad4aaee5...,timecost=0.162
info|2021-01-28 13:00:28.748351|[g:1][CONSENSUS][PBFT]checkAndChangeView: Reach consensus,org_view=2192,cur_changeCycle=1,curView=2192,view=2193
info|2021-01-28 13:00:29.748377|[g:1][CONSENSUS][SEALER]++++++++++++++++ Generating seal on,blkNum=6,tx=0,nodeIdx=2,hash=638e0c02...
info|2021-01-28 13:00:29.761321|[g:1][CONSENSUS][PBFT]checkTimeout Succ,view=2193,toView=2194,nodeIdx=2,changeCycle=1,myNode=ad4aaee5...,timecost=0.194
info|2021-01-28 13:00:29.763059|[g:1][CONSENSUS][PBFT]checkAndChangeView: Reach consensus,org_view=2193,cur_changeCycle=1,curView=2193,view=2194
info|2021-01-28 13:00:30.761283|[g:1][CONSENSUS]addRawPrepare,height=6,reqIdx=3,hash=c49d7bc0...,time=0
info|2021-01-28 13:00:30.761482|[g:1][CONSENSUS][PBFT]checkTimeout Succ,view=2194,toView=2195,nodeIdx=2,changeCycle=1,myNode=ad4aaee5...,timecost=0.172
info|2021-01-28 13:00:30.770586|[g:1][CONSENSUS][PBFT]checkAndChangeView: Reach consensus,org_view=2194,cur_changeCycle=1,curView=2194,view=2195
info|2021-01-28 13:00:31.771935|[g:1][CONSENSUS]addRawPrepare,height=6,reqIdx=0,hash=9ba9d939...,time=0
info|2021-01-28 13:00:31.772184|[g:1][CONSENSUS][PBFT]checkTimeout Succ,view=2195,toView=2196,nodeIdx=2,changeCycle=1,myNode=ad4aaee5...,timecost=0.215
info|2021-01-28 13:00:31.783540|[g:1][CONSENSUS][PBFT]checkAndChangeView: Reach consensus,org_view=2195,cur_changeCycle=1,curView=2195,view=2196
info|2021-01-28 13:00:32.785766|[g:1][CONSENSUS]addRawPrepare,height=6,reqIdx=1,hash=53d17202...,time=0
info|2021-01-28 13:00:32.786125|[g:1][CONSENSUS][PBFT]checkTimeout Succ,view=2196,toView=2197,nodeIdx=2,changeCycle=1,myNode=ad4aaee5...,timecost=0.336
info|2021-01-28 13:00:32.793242|[g:1][CONSENSUS][PBFT]checkAndChangeView: Reach consensus,org_view=2196,cur_changeCycle=1,curView=2196,view=2197
info|2021-01-28 13:00:33.793755|[g:1][CONSENSUS][SEALER]++++++++++++++++ Generating seal on,blkNum=6,tx=0,nodeIdx=2,hash=2dc02791...
info|2021-01-28 13:00:33.807844|[g:1][CONSENSUS][PBFT]checkTimeout Succ,view=2197,toView=2198,nodeIdx=2,changeCycle=1,myNode=ad4aaee5...,timecost=0.195
info|2021-01-28 13:00:33.809346|[g:1][CONSENSUS][PBFT]checkAndChangeView: Reach consensus,org_view=2197,cur_changeCycle=1,curView=2197,view=2198
info|2021-01-28 13:00:34.578913|[g:1][CONSENSUS][PartiallyPBFTReqCache]addPartiallyRawPrepare,height=6,reqIdx=3,hash=912787e5...
info|2021-01-28 13:00:34.579220|[g:1][CONSENSUS][PBFT]I am the next leader = 2, filter trans size = 1, total trans = 1
info|2021-01-28 13:00:34.579264|[g:1][BLOCKVERIFIER][executeBlock]Executing block,txNum=1,num=6,parentHash=4acfc4bd4bcc5cd1554e97aa8fe39aee59a6c9066250a11a030d73269479bdc0,parentNum=5,parentStateRoot=f08b67a1e10e89b9276c6c3881fe47872b56423ad86cef85809adc1f3b85a109
info|2021-01-28 13:00:34.592506|[g:1][STORAGE][MemoryTableFactory2]createTable,table name=c_cebe2eeea9960f6dd7a21d4cbbfca5501ace29ee,keyField=key,valueField=value
info|2021-01-28 13:00:34.592700|[g:1][STORAGE][MemoryTableFactory2]createTable,table name=c_17aadceb6e98c876778aeed9f80d059cffc95e5a,keyField=key,valueField=value
warning|2021-01-28 13:00:34.592983|[g:1][STORAGE][MemoryTableFactory2]table already exist in _sys_tables_,table name=u_t_asset
warning|2021-01-28 13:00:34.593016|[g:1][STORAGE][MemoryTableFactory2]table already exist in _sys_tables_,table name=u_t_transaction
info|2021-01-28 13:00:34.593432|[g:1][CONSENSUS][PBFT]execBlock,blkNum=6,reqIdx=3,hash=9cc7d0dc...,nodeIdx=2,myNode=ad4aaee5...,decodeCost=0,checkCost=0,notifyCost=0,noteSealingCost=0,currentCycle=1,verifyAndSetSenderCost=0,execCost=14,execPerTx=14,totalCost=14
info|2021-01-28 13:00:34.611924|[g:1][CONSENSUS][PBFT]handlePrepareMsg Succ,Timecost=32.778,INFO=handlePartiallyPrepare,reqIdx=3,view=2198,reqNum=6,curNum=5,consNum=6,hash=912787e5...,nodeIdx=2,myNode=ad4aaee5...,curChangeCycle=1
info|2021-01-28 13:00:34.613524|[g:1][CONSENSUS][PBFT]handleSignMsg Succ,Timecost=0.203,INFO=handleSignMsg,num=6,curNum=5,GenIdx=1,Sview=2198,view=2198,fromIdx=1,fromNode=8767659a...,fromIp=127.0.0.1:36794,hash=9cc7d0dc...,nodeIdx=2,myNode=ad4aaee5...
info|2021-01-28 13:00:34.613734|[g:1][CONSENSUS][PBFT]checkAndCommit: backup/updateCommittedPrepare,reqNum=6,hash=912787e5...,nodeIdx=2,myNode=ad4aaee5...
info|2021-01-28 13:00:34.613893|[g:1][CONSENSUS][PBFT]handleSignMsg Succ,Timecost=0.358,INFO=handleSignMsg,num=6,curNum=5,GenIdx=0,Sview=2198,view=2198,fromIdx=0,fromNode=3c5c0edb...,fromIp=127.0.0.1:36808,hash=9cc7d0dc...,nodeIdx=2,myNode=ad4aaee5...
info|2021-01-28 13:00:34.614230|[g:1][CONSENSUS][PBFT]handleCommitMsg Succ,INFO=handleCommitMsg,reqNum=6,curNum=5,GenIdx=0,Cview=2198,view=2198,fromIdx=0,fromNode=3c5c0edb...,fromIp=127.0.0.1:36808,hash=9cc7d0dc...,nodeIdx=2,myNode=ad4aaee5...,Timecost=0.332
info|2021-01-28 13:00:34.614439|[g:1][CONSENSUS][PBFT]checkAndSave: CommitReq enough,prepareHeight=6,commitSize=3,hash=9cc7d0dc...,nodeIdx=2,myNode=ad4aaee5...
info|2021-01-28 13:00:34.616759|[g:1][g:1][STORAGE][CachedStorage]CachedStorage commit: 9 num: 6
info|2021-01-28 13:00:34.620651|[g:1][STORAGE]Start commit block: 6 to backend storage
info|2021-01-28 13:00:34.621177|[g:1][STORAGE][g:1]
---------------------------------------------------------------------
Commit block: 6 to backend storage finished, current cached block: 6
Flush elapsed time: 0.0005s
---------------------------------------------------------------------

info|2021-01-28 13:00:34.621248|[g:1][STORAGE]Submited block task: 6, current syncd block: 6
info|2021-01-28 13:00:34.621308|[g:1]Push block notify: 1-6
info|2021-01-28 13:00:34.623361|[g:1][CONSENSUS][PBFT]CommitBlock Succ,prepareHeight=6,reqIdx=3,hash=9cc7d0dc...,nodeIdx=2,myNode=ad4aaee5...,genSigTimeCost=0,commitBlockTimeCost=9,dropTxsTimeCost=0,noteSealingTimeCost=0,totalTimeCost=9
info|2021-01-28 13:00:34.623385|[g:1][CONSENSUS][PBFT]handleCommitMsg Succ,INFO=handleCommitMsg,reqNum=6,curNum=5,GenIdx=1,Cview=2198,view=2198,fromIdx=1,fromNode=8767659a...,fromIp=127.0.0.1:36794,hash=9cc7d0dc...,nodeIdx=2,myNode=ad4aaee5...,Timecost=9.146
info|2021-01-28 13:00:34.623731|[g:1][CONSENSUS][PBFT]^^^^^^^^Report,num=6,sealerIdx=3,hash=9cc7d0dc...,next=7,tx=1,nodeIdx=2
info|2021-01-28 13:00:35.624526|[g:1][CONSENSUS][SEALER]++++++++++++++++ Generating seal on,blkNum=7,tx=0,nodeIdx=2,hash=ce6707bb...
info|2021-01-28 13:00:35.631906|[g:1][CONSENSUS][PBFT]checkTimeout Succ,view=0,toView=1,nodeIdx=2,changeCycle=1,myNode=ad4aaee5...,timecost=0.285
info|2021-01-28 13:00:35.632789|[g:1][CONSENSUS][PBFT]checkAndChangeView: Reach consensus,org_view=0,cur_changeCycle=1,curView=0,view=1
info|2021-01-28 13:00:35.716389|[P2P][Service] heartBeat,connected count=3
info|2021-01-28 13:00:35.865668|[NETWORK][Session]Received topic: [8] from 8767659a776ee7c3e1a6c16748d3c05dcbdfd27a8eab5e03f37b3bf71adb920180cd09718971e5f1598b59a2c8ff57a2a4fc05a91d9b0a55abdcca27375da9a5
info|2021-01-28 13:00:35.926828|[NETWORK][Session]Received topic: [8] from cef50e6d42043cd291c3773baebd655aee021a9bb5aa56c78e4ff334c034b838891761fed88a0bfd82659a0e26ef83ea9e958decd2f105db712009e882b36f5f
info|2021-01-28 13:00:36.632151|[g:1][CONSENSUS]addRawPrepare,height=7,reqIdx=3,hash=79d22d43...,time=0
info|2021-01-28 13:00:36.632343|[g:1][CONSENSUS][PBFT]checkTimeout Succ,view=1,toView=2,nodeIdx=2,changeCycle=1,myNode=ad4aaee5...,timecost=0.167
info|2021-01-28 13:00:36.636678|[g:1][CONSENSUS][PBFT]checkAndChangeView: Reach consensus,org_view=1,cur_changeCycle=1,curView=1,view=2
info|2021-01-28 13:00:37.638233|[g:1][CONSENSUS]addRawPrepare,height=7,reqIdx=0,hash=6dfdd8ad...,time=0
info|2021-01-28 13:00:37.638603|[g:1][CONSENSUS][PBFT]checkTimeout Succ,view=2,toView=3,nodeIdx=2,changeCycle=1,myNode=ad4aaee5...,timecost=0.345
info|2021-01-28 13:00:37.642687|[g:1][CONSENSUS][PBFT]checkAndChangeView: Reach consensus,org_view=2,cur_changeCycle=1,curView=2,view=3
info|2021-01-28 13:00:38.643982|[g:1][CONSENSUS]addRawPrepare,height=7,reqIdx=1,hash=b6321639...,time=0
info|2021-01-28 13:00:38.644176|[g:1][CONSENSUS][PBFT]checkTimeout Succ,view=3,toView=4,nodeIdx=2,changeCycle=1,myNode=ad4aaee5...,timecost=0.161
info|2021-01-28 13:00:38.647483|[g:1][CONSENSUS][PBFT]checkAndChangeView: Reach consensus,org_view=3,cur_changeCycle=1,curView=3,view=4
info|2021-01-28 13:00:39.649507|[g:1][CONSENSUS][SEALER]++++++++++++++++ Generating seal on,blkNum=7,tx=0,nodeIdx=2,hash=fd57cbc1...
info|2021-01-28 13:00:39.658007|[g:1][CONSENSUS][PBFT]checkTimeout Succ,view=4,toView=5,nodeIdx=2,changeCycle=1,myNode=ad4aaee5...,timecost=0.272
info|2021-01-28 13:00:39.658938|[g:1][CONSENSUS][PBFT]checkAndChangeView: Reach consensus,org_view=4,cur_changeCycle=1,curView=4,view=5
info|2021-01-28 13:00:40.658271|[g:1][CONSENSUS]addRawPrepare,height=7,reqIdx=3,hash=0dbd3f95...,time=0
info|2021-01-28 13:00:40.658657|[g:1][CONSENSUS][PBFT]checkTimeout Succ,view=5,toView=6,nodeIdx=2,changeCycle=1,myNode=ad4aaee5...,timecost=0.174
info|2021-01-28 13:00:40.662056|[g:1][CONSENSUS][PBFT]checkAndChangeView: Reach consensus,org_view=5,cur_changeCycle=1,curView=5,view=6
info|2021-01-28 13:00:41.663698|[g:1][CONSENSUS]addRawPrepare,height=7,reqIdx=0,hash=0a90e4e5...,time=0
info|2021-01-28 13:00:41.663907|[g:1][CONSENSUS][PBFT]checkTimeout Succ,view=6,toView=7,nodeIdx=2,changeCycle=1,myNode=ad4aaee5...,timecost=0.166
info|2021-01-28 13:00:41.668278|[g:1][CONSENSUS][PBFT]checkAndChangeView: Reach consensus,org_view=6,cur_changeCycle=1,curView=6,view=7
info|2021-01-28 13:00:42.669780|[g:1][CONSENSUS]addRawPrepare,height=7,reqIdx=1,hash=e5e576df...,time=0
info|2021-01-28 13:00:42.672716|[g:1][CONSENSUS][PBFT]checkTimeout Succ,view=7,toView=8,nodeIdx=2,changeCycle=1,myNode=ad4aaee5...,timecost=2.913
info|2021-01-28 13:00:42.673325|[g:1][CONSENSUS][PBFT]checkAndChangeView: Reach consensus,org_view=7,cur_changeCycle=1,curView=7,view=8
info|2021-01-28 13:00:43.674556|[g:1][CONSENSUS][SEALER]++++++++++++++++ Generating seal on,blkNum=7,tx=0,nodeIdx=2,hash=c27e65f0...
info|2021-01-28 13:00:43.681001|[g:1][CONSENSUS][PBFT]checkTimeout Succ,view=8,toView=9,nodeIdx=2,changeCycle=1,myNode=ad4aaee5...,timecost=0.164
info|2021-01-28 13:00:43.682291|[g:1][CONSENSUS][PBFT]checkAndChangeView: Reach consensus,org_view=8,cur_changeCycle=1,curView=8,view=9
info|2021-01-28 13:00:44.685167|[g:1][CONSENSUS]addRawPrepare,height=7,reqIdx=3,hash=9c81d70c...,time=0
info|2021-01-28 13:00:44.685348|[g:1][CONSENSUS][PBFT]checkTimeout Succ,view=9,toView=10,nodeIdx=2,changeCycle=1,myNode=ad4aaee5...,timecost=0.159
info|2021-01-28 13:00:44.687501|[g:1][CONSENSUS][PBFT]checkAndChangeView: Reach consensus,org_view=9,cur_changeCycle=1,curView=9,view=10
info|2021-01-28 13:00:45.689326|[g:1][CONSENSUS]addRawPrepare,height=7,reqIdx=0,hash=f9e55f2b...,time=0
info|2021-01-28 13:00:45.689635|[g:1][CONSENSUS][PBFT]checkTimeout Succ,view=10,toView=11,nodeIdx=2,changeCycle=1,myNode=ad4aaee5...,timecost=0.276
info|2021-01-28 13:00:45.693270|[g:1][CONSENSUS][PBFT]checkAndChangeView: Reach consensus,org_view=10,cur_changeCycle=1,curView=10,view=11
info|2021-01-28 13:00:45.716524|[P2P][Service] heartBeat,connected count=3
info|2021-01-28 13:00:46.695393|[g:1][CONSENSUS]addRawPrepare,height=7,reqIdx=1,hash=c4f3d118...,time=0
info|2021-01-28 13:00:46.695577|[g:1][CONSENSUS][PBFT]checkTimeout Succ,view=11,toView=12,nodeIdx=2,changeCycle=1,myNode=ad4aaee5...,timecost=2.654
info|2021-01-28 13:00:46.698679|[g:1][CONSENSUS][PBFT]checkAndChangeView: Reach consensus,org_view=11,cur_changeCycle=1,curView=11,view=12
info|2021-01-28 13:00:47.699235|[g:1][CONSENSUS][SEALER]++++++++++++++++ Generating seal on,blkNum=7,tx=0,nodeIdx=2,hash=80b6ce17...
info|2021-01-28 13:00:47.705436|[g:1][CONSENSUS][PBFT]checkTimeout Succ,view=12,toView=13,nodeIdx=2,changeCycle=1,myNode=ad4aaee5...,timecost=0.168
info|2021-01-28 13:00:47.706509|[g:1][CONSENSUS][PBFT]checkAndChangeView: Reach consensus,org_view=12,cur_changeCycle=1,curView=12,view=13
info|2021-01-28 13:00:48.705998|[g:1][CONSENSUS]addRawPrepare,height=7,reqIdx=3,hash=ed12c0ed...,time=1
info|2021-01-28 13:00:48.706195|[g:1][CONSENSUS][PBFT]checkTimeout Succ,view=13,toView=14,nodeIdx=2,changeCycle=1,myNode=ad4aaee5...,timecost=0.171
info|2021-01-28 13:00:48.709986|[g:1][CONSENSUS][PBFT]checkAndChangeView: Reach consensus,org_view=13,cur_changeCycle=1,curView=13,view=14
info|2021-01-28 13:00:49.713817|[g:1][CONSENSUS]addRawPrepare,height=7,reqIdx=0,hash=60273ccc...,time=0
info|2021-01-28 13:00:49.714009|[g:1][CONSENSUS][PBFT]checkTimeout Succ,view=14,toView=15,nodeIdx=2,changeCycle=1,myNode=ad4aaee5...,timecost=0.164
info|2021-01-28 13:00:49.717962|[g:1][CONSENSUS][PBFT]checkAndChangeView: Reach consensus,org_view=14,cur_changeCycle=1,curView=14,view=15
info|2021-01-28 13:00:50.721674|[g:1][CONSENSUS]addRawPrepare,height=7,reqIdx=1,hash=85b87213...,time=0
info|2021-01-28 13:00:50.722061|[g:1][CONSENSUS][PBFT]checkTimeout Succ,view=15,toView=16,nodeIdx=2,changeCycle=1,myNode=ad4aaee5...,timecost=0.363
info|2021-01-28 13:00:50.725260|[g:1][CONSENSUS][PBFT]checkAndChangeView: Reach consensus,org_view=15,cur_changeCycle=1,curView=15,view=16
info|2021-01-28 13:00:51.726201|[g:1][CONSENSUS][SEALER]++++++++++++++++ Generating seal on,blkNum=7,tx=0,nodeIdx=2,hash=8125562f...
info|2021-01-28 13:00:51.732226|[g:1][CONSENSUS][PBFT]checkTimeout Succ,view=16,toView=17,nodeIdx=2,changeCycle=1,myNode=ad4aaee5...,timecost=0.166
info|2021-01-28 13:00:51.733265|[g:1][CONSENSUS][PBFT]checkAndChangeView: Reach consensus,org_view=16,cur_changeCycle=1,curView=16,view=17
info|2021-01-28 13:00:52.732576|[g:1][CONSENSUS]addRawPrepare,height=7,reqIdx=3,hash=7e2d9f40...,time=0
info|2021-01-28 13:00:52.732909|[g:1][CONSENSUS][PBFT]checkTimeout Succ,view=17,toView=18,nodeIdx=2,changeCycle=1,myNode=ad4aaee5...,timecost=0.308
info|2021-01-28 13:00:52.736865|[g:1][CONSENSUS][PBFT]checkAndChangeView: Reach consensus,org_view=17,cur_changeCycle=1,curView=17,view=18
info|2021-01-28 13:00:53.738676|[g:1][CONSENSUS]addRawPrepare,height=7,reqIdx=0,hash=840e41f0...,time=0
info|2021-01-28 13:00:53.739022|[g:1][CONSENSUS][PBFT]checkTimeout Succ,view=18,toView=19,nodeIdx=2,changeCycle=1,myNode=ad4aaee5...,timecost=0.317
info|2021-01-28 13:00:53.741991|[g:1][CONSENSUS][PBFT]checkAndChangeView: Reach consensus,org_view=18,cur_changeCycle=1,curView=18,view=19
info|2021-01-28 13:00:54.745965|[g:1][CONSENSUS]addRawPrepare,height=7,reqIdx=1,hash=7d1c1b8e...,time=0
info|2021-01-28 13:00:54.746144|[g:1][CONSENSUS][PBFT]checkTimeout Succ,view=19,toView=20,nodeIdx=2,changeCycle=1,myNode=ad4aaee5...,timecost=0.155
info|2021-01-28 13:00:54.791937|[g:1][CONSENSUS][PBFT]checkAndChangeView: Reach consensus,org_view=19,cur_changeCycle=1,curView=19,view=20
info|2021-01-28 13:00:55.716666|[P2P][Service] heartBeat,connected count=3
info|2021-01-28 13:00:55.792133|[g:1][CONSENSUS][SEALER]++++++++++++++++ Generating seal on,blkNum=7,tx=0,nodeIdx=2,hash=2fb4a251...
info|2021-01-28 13:00:55.798435|[g:1][CONSENSUS][PBFT]checkTimeout Succ,view=20,toView=21,nodeIdx=2,changeCycle=1,myNode=ad4aaee5...,timecost=0.164
info|2021-01-28 13:00:55.799741|[g:1][CONSENSUS][PBFT]checkAndChangeView: Reach consensus,org_view=20,cur_changeCycle=1,curView=20,view=21
info|2021-01-28 13:00:56.799086|[g:1][CONSENSUS]addRawPrepare,height=7,reqIdx=3,hash=bef9d9de...,time=0
info|2021-01-28 13:00:56.799587|[g:1][CONSENSUS][PBFT]checkTimeout Succ,view=21,toView=22,nodeIdx=2,changeCycle=1,myNode=ad4aaee5...,timecost=0.476
info|2021-01-28 13:00:56.804319|[g:1][CONSENSUS][PBFT]checkAndChangeView: Reach consensus,org_view=21,cur_changeCycle=1,curView=21,view=22
info|2021-01-28 13:00:57.806288|[g:1][CONSENSUS]addRawPrepare,height=7,reqIdx=0,hash=5b27fedf...,time=0
info|2021-01-28 13:00:57.809709|[g:1][CONSENSUS][PBFT]checkTimeout Succ,view=22,toView=23,nodeIdx=2,changeCycle=1,myNode=ad4aaee5...,timecost=3.396
info|2021-01-28 13:00:57.810194|[g:1][CONSENSUS][PBFT]checkAndChangeView: Reach consensus,org_view=22,cur_changeCycle=1,curView=22,view=23
info|2021-01-28 13:00:58.812384|[g:1][CONSENSUS]addRawPrepare,height=7,reqIdx=1,hash=ea9aa666...,time=0
info|2021-01-28 13:00:58.812707|[g:1][CONSENSUS][PBFT]checkTimeout Succ,view=23,toView=24,nodeIdx=2,changeCycle=1,myNode=ad4aaee5...,timecost=0.301
info|2021-01-28 13:00:58.816516|[g:1][CONSENSUS][PBFT]checkAndChangeView: Reach consensus,org_view=23,cur_changeCycle=1,curView=23,view=24
info|2021-01-28 13:00:59.816460|[g:1][CONSENSUS][SEALER]++++++++++++++++ Generating seal on,blkNum=7,tx=0,nodeIdx=2,hash=72d02961...
info|2021-01-28 13:00:59.823843|[g:1][CONSENSUS][PBFT]checkTimeout Succ,view=24,toView=25,nodeIdx=2,changeCycle=1,myNode=ad4aaee5...,timecost=0.17
info|2021-01-28 13:00:59.825139|[g:1][CONSENSUS][PBFT]checkAndChangeView: Reach consensus,org_view=24,cur_changeCycle=1,curView=24,view=25
info|2021-01-28 13:01:00.825203|[g:1][CONSENSUS]addRawPrepare,height=7,reqIdx=3,hash=87b38162...,time=0
info|2021-01-28 13:01:00.825569|[g:1][CONSENSUS][PBFT]checkTimeout Succ,view=25,toView=26,nodeIdx=2,changeCycle=1,myNode=ad4aaee5...,timecost=0.338
info|2021-01-28 13:01:00.829622|[g:1][CONSENSUS][PBFT]checkAndChangeView: Reach consensus,org_view=25,cur_changeCycle=1,curView=25,view=26
info|2021-01-28 13:01:01.830732|[g:1][CONSENSUS]addRawPrepare,height=7,reqIdx=0,hash=f7a7eb41...,time=0
info|2021-01-28 13:01:01.830928|[g:1][CONSENSUS][PBFT]checkTimeout Succ,view=26,toView=27,nodeIdx=2,changeCycle=1,myNode=ad4aaee5...,timecost=0.167
info|2021-01-28 13:01:01.834748|[g:1][CONSENSUS][PBFT]checkAndChangeView: Reach consensus,org_view=26,cur_changeCycle=1,curView=26,view=27
info|2021-01-28 13:01:02.835288|[g:1][CONSENSUS]addRawPrepare,height=7,reqIdx=1,hash=b5a451b5...,time=0
info|2021-01-28 13:01:02.835474|[g:1][CONSENSUS][PBFT]checkTimeout Succ,view=27,toView=28,nodeIdx=2,changeCycle=1,myNode=ad4aaee5...,timecost=0.163
info|2021-01-28 13:01:02.838089|[g:1][CONSENSUS][PBFT]checkAndChangeView: Reach consensus,org_view=27,cur_changeCycle=1,curView=27,view=28
info|2021-01-28 13:01:03.838633|[g:1][CONSENSUS][SEALER]++++++++++++++++ Generating seal on,blkNum=7,tx=0,nodeIdx=2,hash=f0ea3b91...
info|2021-01-28 13:01:03.844763|[g:1][CONSENSUS][PBFT]checkTimeout Succ,view=28,toView=29,nodeIdx=2,changeCycle=1,myNode=ad4aaee5...,timecost=0.177
info|2021-01-28 13:01:03.845818|[g:1][CONSENSUS][PBFT]checkAndChangeView: Reach consensus,org_view=28,cur_changeCycle=1,curView=28,view=29
info|2021-01-28 13:01:04.846634|[g:1][CONSENSUS]addRawPrepare,height=7,reqIdx=3,hash=1c060c77...,time=0
info|2021-01-28 13:01:04.846836|[g:1][CONSENSUS][PBFT]checkTimeout Succ,view=29,toView=30,nodeIdx=2,changeCycle=1,myNode=ad4aaee5...,timecost=0.173
info|2021-01-28 13:01:04.852123|[g:1][CONSENSUS][PBFT]checkAndChangeView: Reach consensus,org_view=29,cur_changeCycle=1,curView=29,view=30
info|2021-01-28 13:01:05.716772|[P2P][Service] heartBeat,connected count=3
info|2021-01-28 13:01:05.852200|[g:1][CONSENSUS]addRawPrepare,height=7,reqIdx=0,hash=3b23c512...,time=0
info|2021-01-28 13:01:05.852401|[g:1][CONSENSUS][PBFT]checkTimeout Succ,view=30,toView=31,nodeIdx=2,changeCycle=1,myNode=ad4aaee5...,timecost=4.111
info|2021-01-28 13:01:05.856993|[g:1][CONSENSUS][PBFT]checkAndChangeView: Reach consensus,org_view=30,cur_changeCycle=1,curView=30,view=31
info|2021-01-28 13:01:06.859579|[g:1][CONSENSUS]addRawPrepare,height=7,reqIdx=1,hash=9f0418ff...,time=0
info|2021-01-28 13:01:06.859765|[g:1][CONSENSUS][PBFT]checkTimeout Succ,view=31,toView=32,nodeIdx=2,changeCycle=1,myNode=ad4aaee5...,timecost=0.163
info|2021-01-28 13:01:06.862163|[g:1][CONSENSUS][PBFT]checkAndChangeView: Reach consensus,org_view=31,cur_changeCycle=1,curView=31,view=32
info|2021-01-28 13:01:07.863509|[g:1][CONSENSUS][SEALER]++++++++++++++++ Generating seal on,blkNum=7,tx=0,nodeIdx=2,hash=f51cf1fb...
info|2021-01-28 13:01:07.872179|[g:1][CONSENSUS][PBFT]checkTimeout Succ,view=32,toView=33,nodeIdx=2,changeCycle=1,myNode=ad4aaee5...,timecost=0.672
info|2021-01-28 13:01:07.873154|[g:1][CONSENSUS][PBFT]checkAndChangeView: Reach consensus,org_view=32,cur_changeCycle=1,curView=32,view=33
info|2021-01-28 13:01:08.873217|[g:1][CONSENSUS]addRawPrepare,height=7,reqIdx=3,hash=0f64a22a...,time=0
info|2021-01-28 13:01:08.873544|[g:1][CONSENSUS][PBFT]checkTimeout Succ,view=33,toView=34,nodeIdx=2,changeCycle=1,myNode=ad4aaee5...,timecost=0.3
info|2021-01-28 13:01:08.877587|[g:1][CONSENSUS][PBFT]checkAndChangeView: Reach consensus,org_view=33,cur_changeCycle=1,curView=33,view=34
info|2021-01-28 13:01:09.878911|[g:1][CONSENSUS]addRawPrepare,height=7,reqIdx=0,hash=52be1ed7...,time=0
info|2021-01-28 13:01:09.879113|[g:1][CONSENSUS][PBFT]checkTimeout Succ,view=34,toView=35,nodeIdx=2,changeCycle=1,myNode=ad4aaee5...,timecost=0.174
info|2021-01-28 13:01:09.885077|[g:1][CONSENSUS][PBFT]checkAndChangeView: Reach consensus,org_view=34,cur_changeCycle=1,curView=34,view=35
info|2021-01-28 13:01:10.910239|[g:1][CONSENSUS]addRawPrepare,height=7,reqIdx=1,hash=72dd7d56...,time=0
info|2021-01-28 13:01:10.910587|[g:1][CONSENSUS][PBFT]checkTimeout Succ,view=35,toView=36,nodeIdx=2,changeCycle=1,myNode=ad4aaee5...,timecost=0.165
info|2021-01-28 13:01:10.911084|[g:1][CONSENSUS][PBFT]checkAndChangeView: Reach consensus,org_view=35,cur_changeCycle=1,curView=35,view=36
info|2021-01-28 13:01:11.911273|[g:1][CONSENSUS][SEALER]++++++++++++++++ Generating seal on,blkNum=7,tx=0,nodeIdx=2,hash=e645cc2f...
info|2021-01-28 13:01:11.917637|[g:1][CONSENSUS][PBFT]checkTimeout Succ,view=36,toView=37,nodeIdx=2,changeCycle=1,myNode=ad4aaee5...,timecost=0.263
info|2021-01-28 13:01:11.918727|[g:1][CONSENSUS][PBFT]checkAndChangeView: Reach consensus,org_view=36,cur_changeCycle=1,curView=36,view=37
info|2021-01-28 13:01:12.919300|[g:1][CONSENSUS]addRawPrepare,height=7,reqIdx=3,hash=d572d221...,time=0
info|2021-01-28 13:01:12.919493|[g:1][CONSENSUS][PBFT]checkTimeout Succ,view=37,toView=38,nodeIdx=2,changeCycle=1,myNode=ad4aaee5...,timecost=0.166
info|2021-01-28 13:01:12.923893|[g:1][CONSENSUS][PBFT]checkAndChangeView: Reach consensus,org_view=37,cur_changeCycle=1,curView=37,view=38
info|2021-01-28 13:01:13.925577|[g:1][CONSENSUS]addRawPrepare,height=7,reqIdx=0,hash=5441bf3c...,time=0
info|2021-01-28 13:01:13.925899|[g:1][CONSENSUS][PBFT]checkTimeout Succ,view=38,toView=39,nodeIdx=2,changeCycle=1,myNode=ad4aaee5...,timecost=0.298
info|2021-01-28 13:01:13.928273|[g:1][CONSENSUS][PBFT]checkAndChangeView: Reach consensus,org_view=38,cur_changeCycle=1,curView=38,view=39
info|2021-01-28 13:01:14.931361|[g:1][CONSENSUS]addRawPrepare,height=7,reqIdx=1,hash=301e0c75...,time=0
info|2021-01-28 13:01:14.931789|[g:1][CONSENSUS][PBFT]checkTimeout Succ,view=39,toView=40,nodeIdx=2,changeCycle=1,myNode=ad4aaee5...,timecost=0.166
info|2021-01-28 13:01:14.936183|[g:1][CONSENSUS][PBFT]checkAndChangeView: Reach consensus,org_view=39,cur_changeCycle=1,curView=39,view=40
info|2021-01-28 13:01:15.716994|[P2P][Service] heartBeat,connected count=3
info|2021-01-28 13:01:15.936447|[g:1][CONSENSUS][SEALER]++++++++++++++++ Generating seal on,blkNum=7,tx=0,nodeIdx=2,hash=7ec7a983...
info|2021-01-28 13:01:15.942344|[g:1][CONSENSUS][PBFT]checkTimeout Succ,view=40,toView=41,nodeIdx=2,changeCycle=1,myNode=ad4aaee5...,timecost=0.168
info|2021-01-28 13:01:15.944062|[g:1][CONSENSUS][PBFT]checkAndChangeView: Reach consensus,org_view=40,cur_changeCycle=1,curView=40,view=41
info|2021-01-28 13:01:16.943392|[g:1][CONSENSUS]addRawPrepare,height=7,reqIdx=3,hash=5f5558fe...,time=0
info|2021-01-28 13:01:16.943605|[g:1][CONSENSUS][PBFT]checkTimeout Succ,view=41,toView=42,nodeIdx=2,changeCycle=1,myNode=ad4aaee5...,timecost=0.181
info|2021-01-28 13:01:16.948332|[g:1][CONSENSUS][PBFT]checkAndChangeView: Reach consensus,org_view=41,cur_changeCycle=1,curView=41,view=42
info|2021-01-28 13:01:17.949386|[g:1][CONSENSUS]addRawPrepare,height=7,reqIdx=0,hash=c46efa22...,time=0
info|2021-01-28 13:01:17.949593|[g:1][CONSENSUS][PBFT]checkTimeout Succ,view=42,toView=43,nodeIdx=2,changeCycle=1,myNode=ad4aaee5...,timecost=0.178
info|2021-01-28 13:01:17.954001|[g:1][CONSENSUS][PBFT]checkAndChangeView: Reach consensus,org_view=42,cur_changeCycle=1,curView=42,view=43
info|2021-01-28 13:01:18.956189|[g:1][CONSENSUS]addRawPrepare,height=7,reqIdx=1,hash=e3c6a24c...,time=0
info|2021-01-28 13:01:18.956375|[g:1][CONSENSUS][PBFT]checkTimeout Succ,view=43,toView=44,nodeIdx=2,changeCycle=1,myNode=ad4aaee5...,timecost=0.162
info|2021-01-28 13:01:18.959596|[g:1][CONSENSUS][PBFT]checkAndChangeView: Reach consensus,org_view=43,cur_changeCycle=1,curView=43,view=44
info|2021-01-28 13:01:19.961040|[g:1][CONSENSUS][SEALER]++++++++++++++++ Generating seal on,blkNum=7,tx=0,nodeIdx=2,hash=9de45700...
info|2021-01-28 13:01:19.969021|[g:1][CONSENSUS][PBFT]checkTimeout Succ,view=44,toView=45,nodeIdx=2,changeCycle=1,myNode=ad4aaee5...,timecost=0.167
info|2021-01-28 13:01:19.970194|[g:1][CONSENSUS][PBFT]checkAndChangeView: Reach consensus,org_view=44,cur_changeCycle=1,curView=44,view=45
info|2021-01-28 13:01:20.969997|[g:1][CONSENSUS][PBFT]Trigger fast-viewchange,view=45,toView=45,minView=46,INFO=,reqNum=6,curNum=6,GenIdx=1,Cview=46,view=45,fromIdx=1,fromNode=8767659a...,fromIp=127.0.0.1:36794,hash=9cc7d0dc...,nodeIdx=2,myNode=ad4aaee5...
info|2021-01-28 13:01:20.970204|[g:1][CONSENSUS][PBFT]checkAndChangeView: Reach consensus,org_view=45,cur_changeCycle=2,curView=45,view=46
info|2021-01-28 13:01:20.970212|[g:1][CONSENSUS][PBFT]checkTimeout Succ,view=46,toView=46,nodeIdx=2,changeCycle=2,myNode=ad4aaee5...,timecost=0.204
info|2021-01-28 13:01:21.974678|[g:1][CONSENSUS]addRawPrepare,height=7,reqIdx=0,hash=803bb9fb...,time=0
info|2021-01-28 13:01:21.975013|[g:1][CONSENSUS][PBFT]checkTimeout Succ,view=46,toView=47,nodeIdx=2,changeCycle=1,myNode=ad4aaee5...,timecost=0.309
info|2021-01-28 13:01:21.977930|[g:1][CONSENSUS][PBFT]checkAndChangeView: Reach consensus,org_view=46,cur_changeCycle=1,curView=46,view=47
info|2021-01-28 13:01:22.981054|[g:1][CONSENSUS]addRawPrepare,height=7,reqIdx=1,hash=abc36a0a...,time=0
info|2021-01-28 13:01:22.981250|[g:1][CONSENSUS][PBFT]checkTimeout Succ,view=47,toView=48,nodeIdx=2,changeCycle=1,myNode=ad4aaee5...,timecost=0.171
info|2021-01-28 13:01:22.983982|[g:1][CONSENSUS][PBFT]checkAndChangeView: Reach consensus,org_view=47,cur_changeCycle=1,curView=47,view=48
info|2021-01-28 13:01:23.986035|[g:1][CONSENSUS][SEALER]++++++++++++++++ Generating seal on,blkNum=7,tx=0,nodeIdx=2,hash=aef65a61...
info|2021-01-28 13:01:23.992452|[g:1][CONSENSUS][PBFT]checkTimeout Succ,view=48,toView=49,nodeIdx=2,changeCycle=1,myNode=ad4aaee5...,timecost=0.164
info|2021-01-28 13:01:23.993514|[g:1][CONSENSUS][PBFT]checkAndChangeView: Reach consensus,org_view=48,cur_changeCycle=1,curView=48,view=49
info|2021-01-28 13:01:24.997018|[g:1][CONSENSUS]addRawPrepare,height=7,reqIdx=3,hash=a87f0db4...,time=0
info|2021-01-28 13:01:24.997206|[g:1][CONSENSUS][PBFT]checkTimeout Succ,view=49,toView=50,nodeIdx=2,changeCycle=1,myNode=ad4aaee5...,timecost=0.159
info|2021-01-28 13:01:24.998613|[g:1][CONSENSUS][PBFT]checkAndChangeView: Reach consensus,org_view=49,cur_changeCycle=1,curView=49,view=50
info|2021-01-28 13:01:25.717125|[P2P][Service] heartBeat,connected count=3
info|2021-01-28 13:01:25.999946|[g:1][CONSENSUS]addRawPrepare,height=7,reqIdx=0,hash=9216f8b7...,time=0
info|2021-01-28 13:01:26.000141|[g:1][CONSENSUS][PBFT]checkTimeout Succ,view=50,toView=51,nodeIdx=2,changeCycle=1,myNode=ad4aaee5...,timecost=0.166
info|2021-01-28 13:01:26.004010|[g:1][CONSENSUS][PBFT]checkAndChangeView: Reach consensus,org_view=50,cur_changeCycle=1,curView=50,view=51
info|2021-01-28 13:01:27.006644|[g:1][CONSENSUS]addRawPrepare,height=7,reqIdx=1,hash=0dd1ae30...,time=0
info|2021-01-28 13:01:27.006853|[g:1][CONSENSUS][PBFT]checkTimeout Succ,view=51,toView=52,nodeIdx=2,changeCycle=1,myNode=ad4aaee5...,timecost=0.429
info|2021-01-28 13:01:27.010937|[g:1][CONSENSUS][PBFT]checkAndChangeView: Reach consensus,org_view=51,cur_changeCycle=1,curView=51,view=52
info|2021-01-28 13:01:28.011500|[g:1][CONSENSUS][SEALER]++++++++++++++++ Generating seal on,blkNum=7,tx=0,nodeIdx=2,hash=e73e375b...
info|2021-01-28 13:01:28.017485|[g:1][CONSENSUS][PBFT]checkTimeout Succ,view=52,toView=53,nodeIdx=2,changeCycle=1,myNode=ad4aaee5...,timecost=0.166
info|2021-01-28 13:01:28.018545|[g:1][CONSENSUS][PBFT]checkAndChangeView: Reach consensus,org_view=52,cur_changeCycle=1,curView=52,view=53
info|2021-01-28 13:01:29.019400|[g:1][CONSENSUS]addRawPrepare,height=7,reqIdx=3,hash=3bc48f32...,time=0
info|2021-01-28 13:01:29.019588|[g:1][CONSENSUS][PBFT]checkTimeout Succ,view=53,toView=54,nodeIdx=2,changeCycle=1,myNode=ad4aaee5...,timecost=0.162
info|2021-01-28 13:01:29.021704|[g:1][CONSENSUS][PBFT]checkAndChangeView: Reach consensus,org_view=53,cur_changeCycle=1,curView=53,view=54
info|2021-01-28 13:01:30.067754|[g:1][CONSENSUS]addRawPrepare,height=7,reqIdx=0,hash=0f8404a0...,time=0
info|2021-01-28 13:01:30.068148|[g:1][CONSENSUS][PBFT]checkTimeout Succ,view=54,toView=55,nodeIdx=2,changeCycle=1,myNode=ad4aaee5...,timecost=0.37
info|2021-01-28 13:01:30.068422|[g:1][CONSENSUS][PBFT]checkAndChangeView: Reach consensus,org_view=54,cur_changeCycle=1,curView=54,view=55
info|2021-01-28 13:01:31.031813|[g:1][CONSENSUS]addRawPrepare,height=7,reqIdx=1,hash=90e761a4...,time=0
info|2021-01-28 13:01:31.032012|[g:1][CONSENSUS][PBFT]checkTimeout Succ,view=55,toView=56,nodeIdx=2,changeCycle=1,myNode=ad4aaee5...,timecost=0.172
info|2021-01-28 13:01:31.036166|[g:1][CONSENSUS][PBFT]checkAndChangeView: Reach consensus,org_view=55,cur_changeCycle=1,curView=55,view=56
info|2021-01-28 13:01:32.036968|[g:1][CONSENSUS][SEALER]++++++++++++++++ Generating seal on,blkNum=7,tx=0,nodeIdx=2,hash=f967c047...
info|2021-01-28 13:01:32.042905|[g:1][CONSENSUS][PBFT]checkTimeout Succ,view=56,toView=57,nodeIdx=2,changeCycle=1,myNode=ad4aaee5...,timecost=0.166
info|2021-01-28 13:01:32.044097|[g:1][CONSENSUS][PBFT]checkAndChangeView: Reach consensus,org_view=56,cur_changeCycle=1,curView=56,view=57
info|2021-01-28 13:01:33.042191|[g:1][CONSENSUS]addRawPrepare,height=7,reqIdx=3,hash=252e71a3...,time=0
info|2021-01-28 13:01:33.042386|[g:1][CONSENSUS][PBFT]checkTimeout Succ,view=57,toView=58,nodeIdx=2,changeCycle=1,myNode=ad4aaee5...,timecost=0.168
info|2021-01-28 13:01:33.045614|[g:1][CONSENSUS][PBFT]checkAndChangeView: Reach consensus,org_view=57,cur_changeCycle=1,curView=57,view=58
info|2021-01-28 13:01:34.049963|[g:1][CONSENSUS]addRawPrepare,height=7,reqIdx=0,hash=0d4d0359...,time=0
info|2021-01-28 13:01:34.050329|[g:1][CONSENSUS][PBFT]checkTimeout Succ,view=58,toView=59,nodeIdx=2,changeCycle=1,myNode=ad4aaee5...,timecost=0.337
info|2021-01-28 13:01:34.050815|[g:1][CONSENSUS][PBFT]checkAndChangeView: Reach consensus,org_view=58,cur_changeCycle=1,curView=58,view=59
info|2021-01-28 13:01:35.055011|[g:1][CONSENSUS]addRawPrepare,height=7,reqIdx=1,hash=18de3240...,time=0
info|2021-01-28 13:01:35.055196|[g:1][CONSENSUS][PBFT]checkTimeout Succ,view=59,toView=60,nodeIdx=2,changeCycle=1,myNode=ad4aaee5...,timecost=0.162
info|2021-01-28 13:01:35.058646|[g:1][CONSENSUS][PBFT]checkAndChangeView: Reach consensus,org_view=59,cur_changeCycle=1,curView=59,view=60
info|2021-01-28 13:01:35.717314|[P2P][Service] heartBeat,connected count=3
info|2021-01-28 13:01:36.059587|[g:1][CONSENSUS][SEALER]++++++++++++++++ Generating seal on,blkNum=7,tx=0,nodeIdx=2,hash=fd6b57a0...
info|2021-01-28 13:01:36.066182|[g:1][CONSENSUS][PBFT]checkTimeout Succ,view=60,toView=61,nodeIdx=2,changeCycle=1,myNode=ad4aaee5...,timecost=0.167
info|2021-01-28 13:01:36.067178|[g:1][CONSENSUS][PBFT]checkAndChangeView: Reach consensus,org_view=60,cur_changeCycle=1,curView=60,view=61
info|2021-01-28 13:01:37.066440|[g:1][CONSENSUS]addRawPrepare,height=7,reqIdx=3,hash=d4cfea43...,time=0
info|2021-01-28 13:01:37.066828|[g:1][CONSENSUS][PBFT]checkTimeout Succ,view=61,toView=62,nodeIdx=2,changeCycle=1,myNode=ad4aaee5...,timecost=0.351
info|2021-01-28 13:01:37.071230|[g:1][CONSENSUS][PBFT]checkAndChangeView: Reach consensus,org_view=61,cur_changeCycle=1,curView=61,view=62
info|2021-01-28 13:01:38.082114|[g:1][CONSENSUS]addRawPrepare,height=7,reqIdx=0,hash=b8faefdc...,time=0
info|2021-01-28 13:01:38.103084|[g:1][CONSENSUS][PBFT]checkTimeout Succ,view=62,toView=63,nodeIdx=2,changeCycle=1,myNode=ad4aaee5...,timecost=8.882
info|2021-01-28 13:01:38.116109|[g:1][CONSENSUS][PBFT]checkAndChangeView: Reach consensus,org_view=62,cur_changeCycle=1,curView=62,view=63
info|2021-01-28 13:01:39.116483|[g:1][CONSENSUS]addRawPrepare,height=7,reqIdx=1,hash=c6072405...,time=0
info|2021-01-28 13:01:39.116804|[g:1][CONSENSUS][PBFT]checkTimeout Succ,view=63,toView=64,nodeIdx=2,changeCycle=1,myNode=ad4aaee5...,timecost=0.29
info|2021-01-28 13:01:39.120443|[g:1][CONSENSUS][PBFT]checkAndChangeView: Reach consensus,org_view=63,cur_changeCycle=1,curView=63,view=64
info|2021-01-28 13:01:40.121392|[g:1][CONSENSUS][SEALER]++++++++++++++++ Generating seal on,blkNum=7,tx=0,nodeIdx=2,hash=edf1302b...
info|2021-01-28 13:01:40.128948|[g:1][CONSENSUS][PBFT]checkTimeout Succ,view=64,toView=65,nodeIdx=2,changeCycle=1,myNode=ad4aaee5...,timecost=0.293
info|2021-01-28 13:01:40.129968|[g:1][CONSENSUS][PBFT]checkAndChangeView: Reach consensus,org_view=64,cur_changeCycle=1,curView=64,view=65
info|2021-01-28 13:01:41.131641|[g:1][CONSENSUS]addRawPrepare,height=7,reqIdx=3,hash=550178a1...,time=0
info|2021-01-28 13:01:41.131940|[g:1][CONSENSUS][PBFT]checkTimeout Succ,view=65,toView=66,nodeIdx=2,changeCycle=1,myNode=ad4aaee5...,timecost=0.247
info|2021-01-28 13:01:41.137993|[g:1][CONSENSUS][PBFT]checkAndChangeView: Reach consensus,org_view=65,cur_changeCycle=1,curView=65,view=66
info|2021-01-28 13:01:42.150009|[g:1][CONSENSUS]addRawPrepare,height=7,reqIdx=0,hash=86c5522d...,time=0
info|2021-01-28 13:01:42.150414|[g:1][CONSENSUS][PBFT]checkTimeout Succ,view=66,toView=67,nodeIdx=2,changeCycle=1,myNode=ad4aaee5...,timecost=0.375
info|2021-01-28 13:01:42.154632|[g:1][CONSENSUS][PBFT]checkAndChangeView: Reach consensus,org_view=66,cur_changeCycle=1,curView=66,view=67
info|2021-01-28 13:01:43.158117|[g:1][CONSENSUS]addRawPrepare,height=7,reqIdx=1,hash=2399a04f...,time=0
info|2021-01-28 13:01:43.158305|[g:1][CONSENSUS][PBFT]checkTimeout Succ,view=67,toView=68,nodeIdx=2,changeCycle=1,myNode=ad4aaee5...,timecost=0.161
info|2021-01-28 13:01:43.161302|[g:1][CONSENSUS][PBFT]checkAndChangeView: Reach consensus,org_view=67,cur_changeCycle=1,curView=67,view=68
info|2021-01-28 13:01:44.161569|[g:1][CONSENSUS][SEALER]++++++++++++++++ Generating seal on,blkNum=7,tx=0,nodeIdx=2,hash=5fe9fa70...
info|2021-01-28 13:01:44.168451|[g:1][CONSENSUS][PBFT]checkTimeout Succ,view=68,toView=69,nodeIdx=2,changeCycle=1,myNode=ad4aaee5...,timecost=0.167
info|2021-01-28 13:01:44.169310|[g:1][CONSENSUS][PBFT]checkAndChangeView: Reach consensus,org_view=68,cur_changeCycle=1,curView=68,view=69
info|2021-01-28 13:01:45.169074|[g:1][CONSENSUS]addRawPrepare,height=7,reqIdx=3,hash=e6cda016...,time=0
info|2021-01-28 13:01:45.169656|[g:1][CONSENSUS][PBFT]checkTimeout Succ,view=69,toView=70,nodeIdx=2,changeCycle=1,myNode=ad4aaee5...,timecost=0.557
info|2021-01-28 13:01:45.174839|[g:1][CONSENSUS][PBFT]checkAndChangeView: Reach consensus,org_view=69,cur_changeCycle=1,curView=69,view=70
info|2021-01-28 13:01:45.717536|[P2P][Service] heartBeat,connected count=3
info|2021-01-28 13:01:46.174490|[g:1][CONSENSUS]addRawPrepare,height=7,reqIdx=0,hash=123d3168...,time=0
info|2021-01-28 13:01:46.174731|[g:1][CONSENSUS][PBFT]checkTimeout Succ,view=70,toView=71,nodeIdx=2,changeCycle=1,myNode=ad4aaee5...,timecost=0.202
info|2021-01-28 13:01:46.178796|[g:1][CONSENSUS][PBFT]checkAndChangeView: Reach consensus,org_view=70,cur_changeCycle=1,curView=70,view=71
info|2021-01-28 13:01:47.180996|[g:1][CONSENSUS]addRawPrepare,height=7,reqIdx=1,hash=2179a6e4...,time=1
info|2021-01-28 13:01:47.181372|[g:1][CONSENSUS][PBFT]checkTimeout Succ,view=71,toView=72,nodeIdx=2,changeCycle=1,myNode=ad4aaee5...,timecost=0.353
info|2021-01-28 13:01:47.184829|[g:1][CONSENSUS][PBFT]checkAndChangeView: Reach consensus,org_view=71,cur_changeCycle=1,curView=71,view=72
info|2021-01-28 13:01:48.185028|[g:1][CONSENSUS][SEALER]++++++++++++++++ Generating seal on,blkNum=7,tx=0,nodeIdx=2,hash=d1a558ac...
info|2021-01-28 13:01:48.194291|[g:1][CONSENSUS][PBFT]checkTimeout Succ,view=72,toView=73,nodeIdx=2,changeCycle=1,myNode=ad4aaee5...,timecost=0.329
info|2021-01-28 13:01:48.195080|[g:1][CONSENSUS][PBFT]checkAndChangeView: Reach consensus,org_view=72,cur_changeCycle=1,curView=72,view=73
info|2021-01-28 13:01:49.194820|[g:1][CONSENSUS]addRawPrepare,height=7,reqIdx=3,hash=143b56a8...,time=0
info|2021-01-28 13:01:49.195028|[g:1][CONSENSUS][PBFT]checkTimeout Succ,view=73,toView=74,nodeIdx=2,changeCycle=1,myNode=ad4aaee5...,timecost=0.176
info|2021-01-28 13:01:49.199640|[g:1][CONSENSUS][PBFT]checkAndChangeView: Reach consensus,org_view=73,cur_changeCycle=1,curView=73,view=74
info|2021-01-28 13:01:50.206434|[g:1][CONSENSUS]addRawPrepare,height=7,reqIdx=0,hash=91f1ff3a...,time=0
info|2021-01-28 13:01:50.206624|[g:1][CONSENSUS][PBFT]checkTimeout Succ,view=74,toView=75,nodeIdx=2,changeCycle=1,myNode=ad4aaee5...,timecost=0.167
info|2021-01-28 13:01:50.209322|[g:1][CONSENSUS][PBFT]checkAndChangeView: Reach consensus,org_view=74,cur_changeCycle=1,curView=74,view=75
info|2021-01-28 13:01:51.213383|[g:1][CONSENSUS]addRawPrepare,height=7,reqIdx=1,hash=efea1719...,time=0
info|2021-01-28 13:01:51.213568|[g:1][CONSENSUS][PBFT]checkTimeout Succ,view=75,toView=76,nodeIdx=2,changeCycle=1,myNode=ad4aaee5...,timecost=0.161
info|2021-01-28 13:01:51.216053|[g:1][CONSENSUS][PBFT]checkAndChangeView: Reach consensus,org_view=75,cur_changeCycle=1,curView=75,view=76
info|2021-01-28 13:01:52.217405|[g:1][CONSENSUS][SEALER]++++++++++++++++ Generating seal on,blkNum=7,tx=0,nodeIdx=2,hash=b9ffbb35...
info|2021-01-28 13:01:52.223969|[g:1][CONSENSUS][PBFT]checkTimeout Succ,view=76,toView=77,nodeIdx=2,changeCycle=1,myNode=ad4aaee5...,timecost=0.417
info|2021-01-28 13:01:52.225059|[g:1][CONSENSUS][PBFT]checkAndChangeView: Reach consensus,org_view=76,cur_changeCycle=1,curView=76,view=77
info|2021-01-28 13:01:53.224774|[g:1][CONSENSUS]addRawPrepare,height=7,reqIdx=3,hash=32c06628...,time=0
info|2021-01-28 13:01:53.224973|[g:1][CONSENSUS][PBFT]checkTimeout Succ,view=77,toView=78,nodeIdx=2,changeCycle=1,myNode=ad4aaee5...,timecost=0.17
info|2021-01-28 13:01:53.229410|[g:1][CONSENSUS][PBFT]checkAndChangeView: Reach consensus,org_view=77,cur_changeCycle=1,curView=77,view=78
info|2021-01-28 13:01:54.231101|[g:1][CONSENSUS]addRawPrepare,height=7,reqIdx=0,hash=d140b9ac...,time=0
info|2021-01-28 13:01:54.231295|[g:1][CONSENSUS][PBFT]checkTimeout Succ,view=78,toView=79,nodeIdx=2,changeCycle=1,myNode=ad4aaee5...,timecost=0.166
info|2021-01-28 13:01:54.235542|[g:1][CONSENSUS][PBFT]checkAndChangeView: Reach consensus,org_view=78,cur_changeCycle=1,curView=78,view=79
info|2021-01-28 13:01:55.241525|[g:1][CONSENSUS]addRawPrepare,height=7,reqIdx=1,hash=94060df9...,time=0
info|2021-01-28 13:01:55.241706|[g:1][CONSENSUS][PBFT]checkTimeout Succ,view=79,toView=80,nodeIdx=2,changeCycle=1,myNode=ad4aaee5...,timecost=0.159
info|2021-01-28 13:01:55.245479|[g:1][CONSENSUS][PBFT]checkAndChangeView: Reach consensus,org_view=79,cur_changeCycle=1,curView=79,view=80
info|2021-01-28 13:01:55.717674|[P2P][Service] heartBeat,connected count=3
info|2021-01-28 13:01:56.246004|[g:1][CONSENSUS][SEALER]++++++++++++++++ Generating seal on,blkNum=7,tx=0,nodeIdx=2,hash=2c0ca9fb...
info|2021-01-28 13:01:56.252544|[g:1][CONSENSUS][PBFT]checkTimeout Succ,view=80,toView=81,nodeIdx=2,changeCycle=1,myNode=ad4aaee5...,timecost=0.164
info|2021-01-28 13:01:56.253385|[g:1][CONSENSUS][PBFT]checkAndChangeView: Reach consensus,org_view=80,cur_changeCycle=1,curView=80,view=81
info|2021-01-28 13:01:57.252594|[g:1][CONSENSUS]addRawPrepare,height=7,reqIdx=3,hash=db9338f6...,time=0
info|2021-01-28 13:01:57.252871|[g:1][CONSENSUS][PBFT]checkTimeout Succ,view=81,toView=82,nodeIdx=2,changeCycle=1,myNode=ad4aaee5...,timecost=0.171
info|2021-01-28 13:01:57.257373|[g:1][CONSENSUS][PBFT]checkAndChangeView: Reach consensus,org_view=81,cur_changeCycle=1,curView=81,view=82
info|2021-01-28 13:01:58.258394|[g:1][CONSENSUS]addRawPrepare,height=7,reqIdx=0,hash=75d14844...,time=0
info|2021-01-28 13:01:58.258593|[g:1][CONSENSUS][PBFT]checkTimeout Succ,view=82,toView=83,nodeIdx=2,changeCycle=1,myNode=ad4aaee5...,timecost=0.172
info|2021-01-28 13:01:58.262383|[g:1][CONSENSUS][PBFT]checkAndChangeView: Reach consensus,org_view=82,cur_changeCycle=1,curView=82,view=83
info|2021-01-28 13:01:59.265770|[g:1][CONSENSUS]addRawPrepare,height=7,reqIdx=1,hash=60629a26...,time=0
info|2021-01-28 13:01:59.265955|[g:1][CONSENSUS][PBFT]checkTimeout Succ,view=83,toView=84,nodeIdx=2,changeCycle=1,myNode=ad4aaee5...,timecost=0.162
info|2021-01-28 13:01:59.271562|[g:1][CONSENSUS][PBFT]checkAndChangeView: Reach consensus,org_view=83,cur_changeCycle=1,curView=83,view=84
info|2021-01-28 13:02:00.272026|[g:1][CONSENSUS][SEALER]++++++++++++++++ Generating seal on,blkNum=7,tx=0,nodeIdx=2,hash=10d49efe...
info|2021-01-28 13:02:00.278726|[g:1][CONSENSUS][PBFT]checkTimeout Succ,view=84,toView=85,nodeIdx=2,changeCycle=1,myNode=ad4aaee5...,timecost=0.171
info|2021-01-28 13:02:00.279934|[g:1][CONSENSUS][PBFT]checkAndChangeView: Reach consensus,org_view=84,cur_changeCycle=1,curView=84,view=85
info|2021-01-28 13:02:01.280354|[g:1][CONSENSUS]addRawPrepare,height=7,reqIdx=3,hash=5f8d459a...,time=0
info|2021-01-28 13:02:01.280552|[g:1][CONSENSUS][PBFT]checkTimeout Succ,view=85,toView=86,nodeIdx=2,changeCycle=1,myNode=ad4aaee5...,timecost=0.169
info|2021-01-28 13:02:01.287153|[g:1][CONSENSUS][PBFT]checkAndChangeView: Reach consensus,org_view=85,cur_changeCycle=1,curView=85,view=86
info|2021-01-28 13:02:02.288951|[g:1][CONSENSUS]addRawPrepare,height=7,reqIdx=0,hash=efe1773c...,time=0
info|2021-01-28 13:02:02.289153|[g:1][CONSENSUS][PBFT]checkTimeout Succ,view=86,toView=87,nodeIdx=2,changeCycle=1,myNode=ad4aaee5...,timecost=0.173
info|2021-01-28 13:02:02.293347|[g:1][CONSENSUS][PBFT]checkAndChangeView: Reach consensus,org_view=86,cur_changeCycle=1,curView=86,view=87
info|2021-01-28 13:02:03.294531|[g:1][CONSENSUS]addRawPrepare,height=7,reqIdx=1,hash=cb2e3c0a...,time=0
info|2021-01-28 13:02:03.294724|[g:1][CONSENSUS][PBFT]checkTimeout Succ,view=87,toView=88,nodeIdx=2,changeCycle=1,myNode=ad4aaee5...,timecost=0.166
info|2021-01-28 13:02:03.298554|[g:1][CONSENSUS][PBFT]checkAndChangeView: Reach consensus,org_view=87,cur_changeCycle=1,curView=87,view=88
info|2021-01-28 13:02:04.345464|[g:1][CONSENSUS][SEALER]++++++++++++++++ Generating seal on,blkNum=7,tx=0,nodeIdx=2,hash=aba9d069...
info|2021-01-28 13:02:04.390205|[g:1][CONSENSUS][PBFT]checkTimeout Succ,view=88,toView=89,nodeIdx=2,changeCycle=1,myNode=ad4aaee5...,timecost=0.494
info|2021-01-28 13:02:04.400531|[g:1][CONSENSUS][PBFT]checkAndChangeView: Reach consensus,org_view=88,cur_changeCycle=1,curView=88,view=89
info|2021-01-28 13:02:05.501795|[g:1][CONSENSUS]addRawPrepare,height=7,reqIdx=3,hash=454f33d2...,time=0
info|2021-01-28 13:02:05.633066|[g:1][CONSENSUS][PBFT]checkTimeout Succ,view=89,toView=90,nodeIdx=2,changeCycle=1,myNode=ad4aaee5...,timecost=131.233
info|2021-01-28 13:02:05.641781|[g:1][CONSENSUS][PBFT]checkAndChangeView: Reach consensus,org_view=89,cur_changeCycle=1,curView=89,view=90
info|2021-01-28 13:02:05.718033|[P2P][Service] heartBeat,connected count=3
info|2021-01-28 13:02:06.646694|[g:1][CONSENSUS]addRawPrepare,height=7,reqIdx=0,hash=72ee4c63...,time=0
info|2021-01-28 13:02:06.652427|[g:1][CONSENSUS][PBFT]checkTimeout Succ,view=90,toView=91,nodeIdx=2,changeCycle=1,myNode=ad4aaee5...,timecost=5.691
info|2021-01-28 13:02:06.654055|[g:1][CONSENSUS][PBFT]checkAndChangeView: Reach consensus,org_view=90,cur_changeCycle=1,curView=90,view=91
info|2021-01-28 13:02:07.654975|[g:1][CONSENSUS]addRawPrepare,height=7,reqIdx=1,hash=6807ef00...,time=0
info|2021-01-28 13:02:07.655288|[g:1][CONSENSUS][PBFT]checkTimeout Succ,view=91,toView=92,nodeIdx=2,changeCycle=1,myNode=ad4aaee5...,timecost=0.288
info|2021-01-28 13:02:07.658613|[g:1][CONSENSUS][PBFT]checkAndChangeView: Reach consensus,org_view=91,cur_changeCycle=1,curView=91,view=92
info|2021-01-28 13:02:08.660478|[g:1][CONSENSUS][SEALER]++++++++++++++++ Generating seal on,blkNum=7,tx=0,nodeIdx=2,hash=6f3fc014...
info|2021-01-28 13:02:08.666362|[g:1][CONSENSUS][PBFT]checkTimeout Succ,view=92,toView=93,nodeIdx=2,changeCycle=1,myNode=ad4aaee5...,timecost=0.161
info|2021-01-28 13:02:08.667354|[g:1][CONSENSUS][PBFT]checkAndChangeView: Reach consensus,org_view=92,cur_changeCycle=1,curView=92,view=93
info|2021-01-28 13:02:09.666844|[g:1][CONSENSUS]addRawPrepare,height=7,reqIdx=3,hash=6b5e5c5c...,time=0
info|2021-01-28 13:02:09.667035|[g:1][CONSENSUS][PBFT]checkTimeout Succ,view=93,toView=94,nodeIdx=2,changeCycle=1,myNode=ad4aaee5...,timecost=0.164
info|2021-01-28 13:02:09.671402|[g:1][CONSENSUS][PBFT]checkAndChangeView: Reach consensus,org_view=93,cur_changeCycle=1,curView=93,view=94
info|2021-01-28 13:02:10.672471|[g:1][CONSENSUS]addRawPrepare,height=7,reqIdx=0,hash=eb225581...,time=0
info|2021-01-28 13:02:10.672773|[g:1][CONSENSUS][PBFT]checkTimeout Succ,view=94,toView=95,nodeIdx=2,changeCycle=1,myNode=ad4aaee5...,timecost=0.278
info|2021-01-28 13:02:10.676688|[g:1][CONSENSUS][PBFT]checkAndChangeView: Reach consensus,org_view=94,cur_changeCycle=1,curView=94,view=95
info|2021-01-28 13:02:11.678847|[g:1][CONSENSUS]addRawPrepare,height=7,reqIdx=1,hash=0cf653e8...,time=0
info|2021-01-28 13:02:11.679035|[g:1][CONSENSUS][PBFT]checkTimeout Succ,view=95,toView=96,nodeIdx=2,changeCycle=1,myNode=ad4aaee5...,timecost=0.164
info|2021-01-28 13:02:11.683882|[g:1][CONSENSUS][PBFT]checkAndChangeView: Reach consensus,org_view=95,cur_changeCycle=1,curView=95,view=96
info|2021-01-28 13:02:12.683959|[g:1][CONSENSUS][SEALER]++++++++++++++++ Generating seal on,blkNum=7,tx=0,nodeIdx=2,hash=7262bfe5...
info|2021-01-28 13:02:12.688822|[g:1][CONSENSUS][PBFT]checkTimeout Succ,view=96,toView=97,nodeIdx=2,changeCycle=1,myNode=ad4aaee5...,timecost=0.17
info|2021-01-28 13:02:12.690895|[g:1][CONSENSUS][PBFT]checkAndChangeView: Reach consensus,org_view=96,cur_changeCycle=1,curView=96,view=97
info|2021-01-28 13:02:13.691648|[g:1][CONSENSUS]addRawPrepare,height=7,reqIdx=3,hash=f0a187ca...,time=0
info|2021-01-28 13:02:13.691844|[g:1][CONSENSUS][PBFT]checkTimeout Succ,view=97,toView=98,nodeIdx=2,changeCycle=1,myNode=ad4aaee5...,timecost=0.169
info|2021-01-28 13:02:13.717767|[g:1][CONSENSUS][PBFT]checkAndChangeView: Reach consensus,org_view=97,cur_changeCycle=1,curView=97,view=98
info|2021-01-28 13:02:14.721688|[g:1][CONSENSUS]addRawPrepare,height=7,reqIdx=0,hash=8cd045db...,time=0
info|2021-01-28 13:02:14.721885|[g:1][CONSENSUS][PBFT]checkTimeout Succ,view=98,toView=99,nodeIdx=2,changeCycle=1,myNode=ad4aaee5...,timecost=0.172
info|2021-01-28 13:02:14.722516|[g:1][CONSENSUS][PBFT]checkAndChangeView: Reach consensus,org_view=98,cur_changeCycle=1,curView=98,view=99
info|2021-01-28 13:02:15.718894|[P2P][Service] heartBeat,connected count=3
info|2021-01-28 13:02:15.725895|[g:1][CONSENSUS]addRawPrepare,height=7,reqIdx=1,hash=558aa324...,time=0
info|2021-01-28 13:02:15.726188|[g:1][CONSENSUS][PBFT]checkTimeout Succ,view=99,toView=100,nodeIdx=2,changeCycle=1,myNode=ad4aaee5...,timecost=0.283
info|2021-01-28 13:02:15.733390|[g:1][CONSENSUS][PBFT]checkAndChangeView: Reach consensus,org_view=99,cur_changeCycle=1,curView=99,view=100
info|2021-01-28 13:02:16.733625|[g:1][CONSENSUS][SEALER]++++++++++++++++ Generating seal on,blkNum=7,tx=0,nodeIdx=2,hash=777ec5c6...
info|2021-01-28 13:02:16.744629|[g:1][CONSENSUS][PBFT]checkTimeout Succ,view=100,toView=101,nodeIdx=2,changeCycle=1,myNode=ad4aaee5...,timecost=0.327
info|2021-01-28 13:02:16.745687|[g:1][CONSENSUS][PBFT]checkAndChangeView: Reach consensus,org_view=100,cur_changeCycle=1,curView=100,view=101
info|2021-01-28 13:02:17.753088|[g:1][CONSENSUS][PBFT]Trigger fast-viewchange,view=101,toView=101,minView=102,INFO=,reqNum=6,curNum=6,GenIdx=0,Cview=102,view=101,fromIdx=0,fromNode=3c5c0edb...,fromIp=127.0.0.1:36808,hash=9cc7d0dc...,nodeIdx=2,myNode=ad4aaee5...
info|2021-01-28 13:02:17.760370|[g:1][CONSENSUS][PBFT]checkAndChangeView: Reach consensus,org_view=101,cur_changeCycle=2,curView=101,view=102
info|2021-01-28 13:02:17.760488|[g:1][CONSENSUS][PBFT]checkTimeout Succ,view=102,toView=102,nodeIdx=2,changeCycle=2,myNode=ad4aaee5...,timecost=7.39
info|2021-01-28 13:02:18.765507|[g:1][CONSENSUS]addRawPrepare,height=7,reqIdx=0,hash=4406d523...,time=0
info|2021-01-28 13:02:18.765699|[g:1][CONSENSUS][PBFT]checkTimeout Succ,view=102,toView=103,nodeIdx=2,changeCycle=1,myNode=ad4aaee5...,timecost=0.166
info|2021-01-28 13:02:18.772071|[g:1][CONSENSUS][PBFT]checkAndChangeView: Reach consensus,org_view=102,cur_changeCycle=1,curView=102,view=103
