info|2021-01-28 23:00:00.573216|[g:1][CONSENSUS]addRawPrepare,height=25,reqIdx=3,hash=eb73bdaa...,time=0
info|2021-01-28 23:00:00.573402|[g:1][CONSENSUS][PBFT]checkTimeout Succ,view=1115,toView=1116,nodeIdx=2,changeCycle=1,myNode=ad4aaee5...,timecost=0.163
info|2021-01-28 23:00:00.575548|[g:1][CONSENSUS][PBFT]checkAndChangeView: Reach consensus,org_view=1115,cur_changeCycle=1,curView=1115,view=1116
info|2021-01-28 23:00:01.582604|[g:1][CONSENSUS]addRawPrepare,height=25,reqIdx=0,hash=59ee2e51...,time=0
info|2021-01-28 23:00:01.582792|[g:1][CONSENSUS][PBFT]checkTimeout Succ,view=1116,toView=1117,nodeIdx=2,changeCycle=1,myNode=ad4aaee5...,timecost=0.164
info|2021-01-28 23:00:01.585064|[g:1][CONSENSUS][PBFT]checkAndChangeView: Reach consensus,org_view=1116,cur_changeCycle=1,curView=1116,view=1117
info|2021-01-28 23:00:02.589747|[g:1][CONSENSUS]addRawPrepare,height=25,reqIdx=1,hash=d9db3100...,time=0
info|2021-01-28 23:00:02.589951|[g:1][CONSENSUS][PBFT]checkTimeout Succ,view=1117,toView=1118,nodeIdx=2,changeCycle=1,myNode=ad4aaee5...,timecost=0.167
info|2021-01-28 23:00:02.593583|[g:1][CONSENSUS][PBFT]checkAndChangeView: Reach consensus,org_view=1117,cur_changeCycle=1,curView=1117,view=1118
info|2021-01-28 23:00:03.594055|[g:1][CONSENSUS][SEALER]++++++++++++++++ Generating seal on,blkNum=25,tx=0,nodeIdx=2,hash=12a64ff5...
info|2021-01-28 23:00:03.600054|[g:1][CONSENSUS][PBFT]checkTimeout Succ,view=1118,toView=1119,nodeIdx=2,changeCycle=1,myNode=ad4aaee5...,timecost=0.176
info|2021-01-28 23:00:03.601102|[g:1][CONSENSUS][PBFT]checkAndChangeView: Reach consensus,org_view=1118,cur_changeCycle=1,curView=1118,view=1119
info|2021-01-28 23:00:04.612430|[g:1][CONSENSUS]addRawPrepare,height=25,reqIdx=3,hash=a451567a...,time=0
info|2021-01-28 23:00:04.622511|[g:1][CONSENSUS][PBFT]checkTimeout Succ,view=1119,toView=1120,nodeIdx=2,changeCycle=1,myNode=ad4aaee5...,timecost=10.054
info|2021-01-28 23:00:04.623446|[g:1][CONSENSUS][PBFT]checkAndChangeView: Reach consensus,org_view=1119,cur_changeCycle=1,curView=1119,view=1120
info|2021-01-28 23:00:04.989709|[P2P][Service] heartBeat,connected count=3
info|2021-01-28 23:00:05.626172|[g:1][CONSENSUS]addRawPrepare,height=25,reqIdx=0,hash=ff1a8920...,time=0
info|2021-01-28 23:00:05.626382|[g:1][CONSENSUS][PBFT]checkTimeout Succ,view=1120,toView=1121,nodeIdx=2,changeCycle=1,myNode=ad4aaee5...,timecost=0.177
info|2021-01-28 23:00:05.631244|[g:1][CONSENSUS][PBFT]checkAndChangeView: Reach consensus,org_view=1120,cur_changeCycle=1,curView=1120,view=1121
info|2021-01-28 23:00:06.636065|[g:1][CONSENSUS]addRawPrepare,height=25,reqIdx=1,hash=cafea72f...,time=0
info|2021-01-28 23:00:06.636253|[g:1][CONSENSUS][PBFT]checkTimeout Succ,view=1121,toView=1122,nodeIdx=2,changeCycle=1,myNode=ad4aaee5...,timecost=0.164
info|2021-01-28 23:00:06.636992|[g:1][CONSENSUS][PBFT]checkAndChangeView: Reach consensus,org_view=1121,cur_changeCycle=1,curView=1121,view=1122
info|2021-01-28 23:00:07.639315|[g:1][CONSENSUS][SEALER]++++++++++++++++ Generating seal on,blkNum=25,tx=0,nodeIdx=2,hash=b97b7042...
info|2021-01-28 23:00:07.660005|[g:1][CONSENSUS][PBFT]checkTimeout Succ,view=1122,toView=1123,nodeIdx=2,changeCycle=1,myNode=ad4aaee5...,timecost=2.409
info|2021-01-28 23:00:07.661188|[g:1][CONSENSUS][PBFT]checkAndChangeView: Reach consensus,org_view=1122,cur_changeCycle=1,curView=1122,view=1123
info|2021-01-28 23:00:08.663755|[g:1][CONSENSUS]addRawPrepare,height=25,reqIdx=3,hash=563e97f7...,time=0
info|2021-01-28 23:00:08.664042|[g:1][CONSENSUS][PBFT]checkTimeout Succ,view=1123,toView=1124,nodeIdx=2,changeCycle=1,myNode=ad4aaee5...,timecost=0.265
info|2021-01-28 23:00:08.675561|[g:1][CONSENSUS][PBFT]checkAndChangeView: Reach consensus,org_view=1123,cur_changeCycle=1,curView=1123,view=1124
info|2021-01-28 23:00:09.684274|[g:1][CONSENSUS]addRawPrepare,height=25,reqIdx=0,hash=bc271b89...,time=0
info|2021-01-28 23:00:09.684465|[g:1][CONSENSUS][PBFT]checkTimeout Succ,view=1124,toView=1125,nodeIdx=2,changeCycle=1,myNode=ad4aaee5...,timecost=0.166
info|2021-01-28 23:00:09.687667|[g:1][CONSENSUS][PBFT]checkAndChangeView: Reach consensus,org_view=1124,cur_changeCycle=1,curView=1124,view=1125
info|2021-01-28 23:00:10.687697|[g:1][CONSENSUS]addRawPrepare,height=25,reqIdx=1,hash=0ecb6cdb...,time=0
info|2021-01-28 23:00:10.688138|[g:1][CONSENSUS][PBFT]checkTimeout Succ,view=1125,toView=1126,nodeIdx=2,changeCycle=1,myNode=ad4aaee5...,timecost=0.412
info|2021-01-28 23:00:10.692663|[g:1][CONSENSUS][PBFT]checkAndChangeView: Reach consensus,org_view=1125,cur_changeCycle=1,curView=1125,view=1126
info|2021-01-28 23:00:11.693833|[g:1][CONSENSUS][SEALER]++++++++++++++++ Generating seal on,blkNum=25,tx=0,nodeIdx=2,hash=fd451938...
info|2021-01-28 23:00:11.700446|[g:1][CONSENSUS][PBFT]checkTimeout Succ,view=1126,toView=1127,nodeIdx=2,changeCycle=1,myNode=ad4aaee5...,timecost=0.172
info|2021-01-28 23:00:11.701508|[g:1][CONSENSUS][PBFT]checkAndChangeView: Reach consensus,org_view=1126,cur_changeCycle=1,curView=1126,view=1127
info|2021-01-28 23:00:12.708789|[g:1][CONSENSUS]addRawPrepare,height=25,reqIdx=3,hash=03d9e505...,time=0
info|2021-01-28 23:00:12.708975|[g:1][CONSENSUS][PBFT]checkTimeout Succ,view=1127,toView=1128,nodeIdx=2,changeCycle=1,myNode=ad4aaee5...,timecost=0.161
info|2021-01-28 23:00:12.711270|[g:1][CONSENSUS][PBFT]checkAndChangeView: Reach consensus,org_view=1127,cur_changeCycle=1,curView=1127,view=1128
info|2021-01-28 23:00:13.713224|[g:1][CONSENSUS]addRawPrepare,height=25,reqIdx=0,hash=6f1e0544...,time=0
info|2021-01-28 23:00:13.713582|[g:1][CONSENSUS][PBFT]checkTimeout Succ,view=1128,toView=1129,nodeIdx=2,changeCycle=1,myNode=ad4aaee5...,timecost=0.332
info|2021-01-28 23:00:13.720937|[g:1][CONSENSUS][PBFT]checkAndChangeView: Reach consensus,org_view=1128,cur_changeCycle=1,curView=1128,view=1129
info|2021-01-28 23:00:14.723339|[g:1][CONSENSUS]addRawPrepare,height=25,reqIdx=1,hash=315fb9d1...,time=0
info|2021-01-28 23:00:14.723536|[g:1][CONSENSUS][PBFT]checkTimeout Succ,view=1129,toView=1130,nodeIdx=2,changeCycle=1,myNode=ad4aaee5...,timecost=0.168
info|2021-01-28 23:00:14.738827|[g:1][CONSENSUS][PBFT]checkAndChangeView: Reach consensus,org_view=1129,cur_changeCycle=1,curView=1129,view=1130
info|2021-01-28 23:00:14.989980|[P2P][Service] heartBeat,connected count=3
info|2021-01-28 23:00:15.739529|[g:1][CONSENSUS][SEALER]++++++++++++++++ Generating seal on,blkNum=25,tx=0,nodeIdx=2,hash=a68cbd5f...
info|2021-01-28 23:00:15.746015|[g:1][CONSENSUS][PBFT]checkTimeout Succ,view=1130,toView=1131,nodeIdx=2,changeCycle=1,myNode=ad4aaee5...,timecost=0.166
info|2021-01-28 23:00:15.746873|[g:1][CONSENSUS][PBFT]checkAndChangeView: Reach consensus,org_view=1130,cur_changeCycle=1,curView=1130,view=1131
info|2021-01-28 23:00:16.747363|[g:1][CONSENSUS]addRawPrepare,height=25,reqIdx=3,hash=e00770e1...,time=0
info|2021-01-28 23:00:16.747557|[g:1][CONSENSUS][PBFT]checkTimeout Succ,view=1131,toView=1132,nodeIdx=2,changeCycle=1,myNode=ad4aaee5...,timecost=0.168
info|2021-01-28 23:00:16.750310|[g:1][CONSENSUS][PBFT]checkAndChangeView: Reach consensus,org_view=1131,cur_changeCycle=1,curView=1131,view=1132
info|2021-01-28 23:00:17.754267|[g:1][CONSENSUS]addRawPrepare,height=25,reqIdx=0,hash=acf3f61e...,time=0
info|2021-01-28 23:00:17.754461|[g:1][CONSENSUS][PBFT]checkTimeout Succ,view=1132,toView=1133,nodeIdx=2,changeCycle=1,myNode=ad4aaee5...,timecost=0.167
info|2021-01-28 23:00:17.759471|[g:1][CONSENSUS][PBFT]checkAndChangeView: Reach consensus,org_view=1132,cur_changeCycle=1,curView=1132,view=1133
info|2021-01-28 23:00:18.758351|[g:1][CONSENSUS]addRawPrepare,height=25,reqIdx=1,hash=04cb69f9...,time=0
info|2021-01-28 23:00:18.758549|[g:1][CONSENSUS][PBFT]checkTimeout Succ,view=1133,toView=1134,nodeIdx=2,changeCycle=1,myNode=ad4aaee5...,timecost=0.171
info|2021-01-28 23:00:18.762351|[g:1][CONSENSUS][PBFT]checkAndChangeView: Reach consensus,org_view=1133,cur_changeCycle=1,curView=1133,view=1134
info|2021-01-28 23:00:19.762243|[g:1][CONSENSUS][SEALER]++++++++++++++++ Generating seal on,blkNum=25,tx=0,nodeIdx=2,hash=1c120aec...
info|2021-01-28 23:00:19.768345|[g:1][CONSENSUS][PBFT]checkTimeout Succ,view=1134,toView=1135,nodeIdx=2,changeCycle=1,myNode=ad4aaee5...,timecost=0.172
info|2021-01-28 23:00:19.769529|[g:1][CONSENSUS][PBFT]checkAndChangeView: Reach consensus,org_view=1134,cur_changeCycle=1,curView=1134,view=1135
info|2021-01-28 23:00:20.769107|[g:1][CONSENSUS]addRawPrepare,height=25,reqIdx=3,hash=d4242d3c...,time=0
info|2021-01-28 23:00:20.769430|[g:1][CONSENSUS][PBFT]checkTimeout Succ,view=1135,toView=1136,nodeIdx=2,changeCycle=1,myNode=ad4aaee5...,timecost=0.303
info|2021-01-28 23:00:20.772008|[g:1][CONSENSUS][PBFT]checkAndChangeView: Reach consensus,org_view=1135,cur_changeCycle=1,curView=1135,view=1136
info|2021-01-28 23:00:21.773776|[g:1][CONSENSUS]addRawPrepare,height=25,reqIdx=0,hash=b9f81830...,time=0
info|2021-01-28 23:00:21.773962|[g:1][CONSENSUS][PBFT]checkTimeout Succ,view=1136,toView=1137,nodeIdx=2,changeCycle=1,myNode=ad4aaee5...,timecost=0.161
info|2021-01-28 23:00:21.777821|[g:1][CONSENSUS][PBFT]checkAndChangeView: Reach consensus,org_view=1136,cur_changeCycle=1,curView=1136,view=1137
info|2021-01-28 23:00:22.780117|[g:1][CONSENSUS]addRawPrepare,height=25,reqIdx=1,hash=f4ea942a...,time=0
info|2021-01-28 23:00:22.784592|[g:1][CONSENSUS][PBFT]checkTimeout Succ,view=1137,toView=1138,nodeIdx=2,changeCycle=1,myNode=ad4aaee5...,timecost=0.164
info|2021-01-28 23:00:22.786578|[g:1][CONSENSUS][PBFT]checkAndChangeView: Reach consensus,org_view=1137,cur_changeCycle=1,curView=1137,view=1138
info|2021-01-28 23:00:23.787494|[g:1][CONSENSUS][SEALER]++++++++++++++++ Generating seal on,blkNum=25,tx=0,nodeIdx=2,hash=a8366dcb...
info|2021-01-28 23:00:23.793581|[g:1][CONSENSUS][PBFT]checkTimeout Succ,view=1138,toView=1139,nodeIdx=2,changeCycle=1,myNode=ad4aaee5...,timecost=0.168
info|2021-01-28 23:00:23.794877|[g:1][CONSENSUS][PBFT]checkAndChangeView: Reach consensus,org_view=1138,cur_changeCycle=1,curView=1138,view=1139
info|2021-01-28 23:00:24.793936|[g:1][CONSENSUS]addRawPrepare,height=25,reqIdx=3,hash=3ffd12d6...,time=0
info|2021-01-28 23:00:24.794127|[g:1][CONSENSUS][PBFT]checkTimeout Succ,view=1139,toView=1140,nodeIdx=2,changeCycle=1,myNode=ad4aaee5...,timecost=0.165
info|2021-01-28 23:00:24.798503|[g:1][CONSENSUS][PBFT]checkAndChangeView: Reach consensus,org_view=1139,cur_changeCycle=1,curView=1139,view=1140
info|2021-01-28 23:00:24.990193|[P2P][Service] heartBeat,connected count=3
info|2021-01-28 23:00:25.798120|[g:1][CONSENSUS]addRawPrepare,height=25,reqIdx=0,hash=0f2f32a1...,time=0
info|2021-01-28 23:00:25.798310|[g:1][CONSENSUS][PBFT]checkTimeout Succ,view=1140,toView=1141,nodeIdx=2,changeCycle=1,myNode=ad4aaee5...,timecost=0.163
info|2021-01-28 23:00:25.801955|[g:1][CONSENSUS][PBFT]checkAndChangeView: Reach consensus,org_view=1140,cur_changeCycle=1,curView=1140,view=1141
info|2021-01-28 23:00:26.801329|[g:1][CONSENSUS]addRawPrepare,height=25,reqIdx=1,hash=e3baa4ed...,time=0
info|2021-01-28 23:00:26.801522|[g:1][CONSENSUS][PBFT]checkTimeout Succ,view=1141,toView=1142,nodeIdx=2,changeCycle=1,myNode=ad4aaee5...,timecost=0.166
info|2021-01-28 23:00:26.804668|[g:1][CONSENSUS][PBFT]checkAndChangeView: Reach consensus,org_view=1141,cur_changeCycle=1,curView=1141,view=1142
info|2021-01-28 23:00:27.805209|[g:1][CONSENSUS][SEALER]++++++++++++++++ Generating seal on,blkNum=25,tx=0,nodeIdx=2,hash=95d29f25...
info|2021-01-28 23:00:27.812203|[g:1][CONSENSUS][PBFT]checkTimeout Succ,view=1142,toView=1143,nodeIdx=2,changeCycle=1,myNode=ad4aaee5...,timecost=0.167
info|2021-01-28 23:00:27.813275|[g:1][CONSENSUS][PBFT]checkAndChangeView: Reach consensus,org_view=1142,cur_changeCycle=1,curView=1142,view=1143
