info|2021-01-28 23:00:00.572648|[g:1][CONSENSUS]addRawPrepare,height=25,reqIdx=3,hash=eb73bdaa...,time=0
info|2021-01-28 23:00:00.572938|[g:1][CONSENSUS][PBFT]checkTimeout Succ,view=1115,toView=1116,nodeIdx=1,changeCycle=1,myNode=8767659a...,timecost=0.267
info|2021-01-28 23:00:00.576399|[g:1][CONSENSUS][PBFT]checkAndChangeView: Reach consensus,org_view=1115,cur_changeCycle=1,curView=1115,view=1116
info|2021-01-28 23:00:01.583217|[g:1][CONSENSUS]addRawPrepare,height=25,reqIdx=0,hash=59ee2e51...,time=0
info|2021-01-28 23:00:01.583421|[g:1][CONSENSUS][PBFT]checkTimeout Succ,view=1116,toView=1117,nodeIdx=1,changeCycle=1,myNode=8767659a...,timecost=0.162
info|2021-01-28 23:00:01.585875|[g:1][CONSENSUS][PBFT]checkAndChangeView: Reach consensus,org_view=1116,cur_changeCycle=1,curView=1116,view=1117
info|2021-01-28 23:00:02.587778|[g:1][CONSENSUS][SEALER]++++++++++++++++ Generating seal on,blkNum=25,tx=0,nodeIdx=1,hash=d9db3100...
info|2021-01-28 23:00:02.595130|[g:1][CONSENSUS][PBFT]checkTimeout Succ,view=1117,toView=1118,nodeIdx=1,changeCycle=1,myNode=8767659a...,timecost=0.43
info|2021-01-28 23:00:02.596036|[g:1][CONSENSUS][PBFT]checkAndChangeView: Reach consensus,org_view=1117,cur_changeCycle=1,curView=1117,view=1118
info|2021-01-28 23:00:03.594983|[g:1][CONSENSUS]addRawPrepare,height=25,reqIdx=2,hash=12a64ff5...,time=0
info|2021-01-28 23:00:03.595187|[g:1][CONSENSUS][PBFT]checkTimeout Succ,view=1118,toView=1119,nodeIdx=1,changeCycle=1,myNode=8767659a...,timecost=0.174
info|2021-01-28 23:00:03.599220|[g:1][CONSENSUS][PBFT]checkAndChangeView: Reach consensus,org_view=1118,cur_changeCycle=1,curView=1118,view=1119
info|2021-01-28 23:00:04.606602|[g:1][CONSENSUS]addRawPrepare,height=25,reqIdx=3,hash=a451567a...,time=0
info|2021-01-28 23:00:04.606814|[g:1][CONSENSUS][PBFT]checkTimeout Succ,view=1119,toView=1120,nodeIdx=1,changeCycle=1,myNode=8767659a...,timecost=0.197
info|2021-01-28 23:00:04.621485|[g:1][CONSENSUS][PBFT]checkAndChangeView: Reach consensus,org_view=1119,cur_changeCycle=1,curView=1119,view=1120
info|2021-01-28 23:00:04.992222|[P2P][Service] heartBeat,connected count=3
info|2021-01-28 23:00:05.627039|[g:1][CONSENSUS]addRawPrepare,height=25,reqIdx=0,hash=ff1a8920...,time=0
info|2021-01-28 23:00:05.627305|[g:1][CONSENSUS][PBFT]checkTimeout Succ,view=1120,toView=1121,nodeIdx=1,changeCycle=1,myNode=8767659a...,timecost=0.216
info|2021-01-28 23:00:05.629689|[g:1][CONSENSUS][PBFT]checkAndChangeView: Reach consensus,org_view=1120,cur_changeCycle=1,curView=1120,view=1121
info|2021-01-28 23:00:06.632087|[g:1][CONSENSUS][SEALER]++++++++++++++++ Generating seal on,blkNum=25,tx=0,nodeIdx=1,hash=cafea72f...
info|2021-01-28 23:00:06.639898|[g:1][CONSENSUS][PBFT]checkTimeout Succ,view=1121,toView=1122,nodeIdx=1,changeCycle=1,myNode=8767659a...,timecost=0.562
info|2021-01-28 23:00:06.641738|[g:1][CONSENSUS][PBFT]checkAndChangeView: Reach consensus,org_view=1121,cur_changeCycle=1,curView=1121,view=1122
info|2021-01-28 23:00:07.644353|[g:1][CONSENSUS]addRawPrepare,height=25,reqIdx=2,hash=b97b7042...,time=0
info|2021-01-28 23:00:07.644553|[g:1][CONSENSUS][PBFT]checkTimeout Succ,view=1122,toView=1123,nodeIdx=1,changeCycle=1,myNode=8767659a...,timecost=0.171
info|2021-01-28 23:00:07.650696|[g:1][CONSENSUS][PBFT]checkAndChangeView: Reach consensus,org_view=1122,cur_changeCycle=1,curView=1122,view=1123
info|2021-01-28 23:00:08.662897|[g:1][CONSENSUS]addRawPrepare,height=25,reqIdx=3,hash=563e97f7...,time=0
info|2021-01-28 23:00:08.663260|[g:1][CONSENSUS][PBFT]checkTimeout Succ,view=1123,toView=1124,nodeIdx=1,changeCycle=1,myNode=8767659a...,timecost=0.335
info|2021-01-28 23:00:08.678419|[g:1][CONSENSUS][PBFT]checkAndChangeView: Reach consensus,org_view=1123,cur_changeCycle=1,curView=1123,view=1124
info|2021-01-28 23:00:09.682936|[g:1][CONSENSUS]addRawPrepare,height=25,reqIdx=0,hash=bc271b89...,time=0
info|2021-01-28 23:00:09.683124|[g:1][CONSENSUS][PBFT]checkTimeout Succ,view=1124,toView=1125,nodeIdx=1,changeCycle=1,myNode=8767659a...,timecost=0.162
info|2021-01-28 23:00:09.686373|[g:1][CONSENSUS][PBFT]checkAndChangeView: Reach consensus,org_view=1124,cur_changeCycle=1,curView=1124,view=1125
info|2021-01-28 23:00:10.686434|[g:1][CONSENSUS][SEALER]++++++++++++++++ Generating seal on,blkNum=25,tx=0,nodeIdx=1,hash=0ecb6cdb...
info|2021-01-28 23:00:10.693532|[g:1][CONSENSUS][PBFT]checkTimeout Succ,view=1125,toView=1126,nodeIdx=1,changeCycle=1,myNode=8767659a...,timecost=0.396
info|2021-01-28 23:00:10.694967|[g:1][CONSENSUS][PBFT]checkAndChangeView: Reach consensus,org_view=1125,cur_changeCycle=1,curView=1125,view=1126
info|2021-01-28 23:00:11.695105|[g:1][CONSENSUS]addRawPrepare,height=25,reqIdx=2,hash=fd451938...,time=0
info|2021-01-28 23:00:11.695413|[g:1][CONSENSUS][PBFT]checkTimeout Succ,view=1126,toView=1127,nodeIdx=1,changeCycle=1,myNode=8767659a...,timecost=0.278
info|2021-01-28 23:00:11.699864|[g:1][CONSENSUS][PBFT]checkAndChangeView: Reach consensus,org_view=1126,cur_changeCycle=1,curView=1126,view=1127
info|2021-01-28 23:00:12.708187|[g:1][CONSENSUS]addRawPrepare,height=25,reqIdx=3,hash=03d9e505...,time=0
info|2021-01-28 23:00:12.708375|[g:1][CONSENSUS][PBFT]checkTimeout Succ,view=1127,toView=1128,nodeIdx=1,changeCycle=1,myNode=8767659a...,timecost=0.164
info|2021-01-28 23:00:12.710787|[g:1][CONSENSUS][PBFT]checkAndChangeView: Reach consensus,org_view=1127,cur_changeCycle=1,curView=1127,view=1128
info|2021-01-28 23:00:13.713855|[g:1][CONSENSUS]addRawPrepare,height=25,reqIdx=0,hash=6f1e0544...,time=0
info|2021-01-28 23:00:13.714043|[g:1][CONSENSUS][PBFT]checkTimeout Succ,view=1128,toView=1129,nodeIdx=1,changeCycle=1,myNode=8767659a...,timecost=0.164
info|2021-01-28 23:00:13.720085|[g:1][CONSENSUS][PBFT]checkAndChangeView: Reach consensus,org_view=1128,cur_changeCycle=1,curView=1128,view=1129
info|2021-01-28 23:00:14.722314|[g:1][CONSENSUS][SEALER]++++++++++++++++ Generating seal on,blkNum=25,tx=0,nodeIdx=1,hash=315fb9d1...
info|2021-01-28 23:00:14.739464|[g:1][CONSENSUS][PBFT]checkTimeout Succ,view=1129,toView=1130,nodeIdx=1,changeCycle=1,myNode=8767659a...,timecost=0.194
info|2021-01-28 23:00:14.743414|[g:1][CONSENSUS][PBFT]checkAndChangeView: Reach consensus,org_view=1129,cur_changeCycle=1,curView=1129,view=1130
info|2021-01-28 23:00:14.992359|[P2P][Service] heartBeat,connected count=3
info|2021-01-28 23:00:15.740617|[g:1][CONSENSUS]addRawPrepare,height=25,reqIdx=2,hash=a68cbd5f...,time=0
info|2021-01-28 23:00:15.740813|[g:1][CONSENSUS][PBFT]checkTimeout Succ,view=1130,toView=1131,nodeIdx=1,changeCycle=1,myNode=8767659a...,timecost=0.169
info|2021-01-28 23:00:15.744518|[g:1][CONSENSUS][PBFT]checkAndChangeView: Reach consensus,org_view=1130,cur_changeCycle=1,curView=1130,view=1131
info|2021-01-28 23:00:16.746640|[g:1][CONSENSUS]addRawPrepare,height=25,reqIdx=3,hash=e00770e1...,time=0
info|2021-01-28 23:00:16.746829|[g:1][CONSENSUS][PBFT]checkTimeout Succ,view=1131,toView=1132,nodeIdx=1,changeCycle=1,myNode=8767659a...,timecost=0.165
info|2021-01-28 23:00:16.749466|[g:1][CONSENSUS][PBFT]checkAndChangeView: Reach consensus,org_view=1131,cur_changeCycle=1,curView=1131,view=1132
info|2021-01-28 23:00:17.756022|[g:1][CONSENSUS]addRawPrepare,height=25,reqIdx=0,hash=acf3f61e...,time=0
info|2021-01-28 23:00:17.756212|[g:1][CONSENSUS][PBFT]checkTimeout Succ,view=1132,toView=1133,nodeIdx=1,changeCycle=1,myNode=8767659a...,timecost=0.165
info|2021-01-28 23:00:17.756837|[g:1][CONSENSUS][PBFT]checkAndChangeView: Reach consensus,org_view=1132,cur_changeCycle=1,curView=1132,view=1133
info|2021-01-28 23:00:18.757247|[g:1][CONSENSUS][SEALER]++++++++++++++++ Generating seal on,blkNum=25,tx=0,nodeIdx=1,hash=04cb69f9...
info|2021-01-28 23:00:18.763317|[g:1][CONSENSUS][PBFT]checkTimeout Succ,view=1133,toView=1134,nodeIdx=1,changeCycle=1,myNode=8767659a...,timecost=0.168
info|2021-01-28 23:00:18.764374|[g:1][CONSENSUS][PBFT]checkAndChangeView: Reach consensus,org_view=1133,cur_changeCycle=1,curView=1133,view=1134
info|2021-01-28 23:00:19.763131|[g:1][CONSENSUS]addRawPrepare,height=25,reqIdx=2,hash=1c120aec...,time=0
info|2021-01-28 23:00:19.763327|[g:1][CONSENSUS][PBFT]checkTimeout Succ,view=1134,toView=1135,nodeIdx=1,changeCycle=1,myNode=8767659a...,timecost=0.169
info|2021-01-28 23:00:19.767263|[g:1][CONSENSUS][PBFT]checkAndChangeView: Reach consensus,org_view=1134,cur_changeCycle=1,curView=1134,view=1135
info|2021-01-28 23:00:20.770327|[g:1][CONSENSUS]addRawPrepare,height=25,reqIdx=3,hash=d4242d3c...,time=0
info|2021-01-28 23:00:20.770510|[g:1][CONSENSUS][PBFT]checkTimeout Succ,view=1135,toView=1136,nodeIdx=1,changeCycle=1,myNode=8767659a...,timecost=0.16
info|2021-01-28 23:00:20.770836|[g:1][CONSENSUS][PBFT]checkAndChangeView: Reach consensus,org_view=1135,cur_changeCycle=1,curView=1135,view=1136
info|2021-01-28 23:00:21.774229|[g:1][CONSENSUS]addRawPrepare,height=25,reqIdx=0,hash=b9f81830...,time=0
info|2021-01-28 23:00:21.774683|[g:1][CONSENSUS][PBFT]checkTimeout Succ,view=1136,toView=1137,nodeIdx=1,changeCycle=1,myNode=8767659a...,timecost=0.432
info|2021-01-28 23:00:21.777673|[g:1][CONSENSUS][PBFT]checkAndChangeView: Reach consensus,org_view=1136,cur_changeCycle=1,curView=1136,view=1137
info|2021-01-28 23:00:22.778316|[g:1][CONSENSUS][SEALER]++++++++++++++++ Generating seal on,blkNum=25,tx=0,nodeIdx=1,hash=f4ea942a...
info|2021-01-28 23:00:22.787160|[g:1][CONSENSUS][PBFT]checkTimeout Succ,view=1137,toView=1138,nodeIdx=1,changeCycle=1,myNode=8767659a...,timecost=0.225
info|2021-01-28 23:00:22.788295|[g:1][CONSENSUS][PBFT]checkAndChangeView: Reach consensus,org_view=1137,cur_changeCycle=1,curView=1137,view=1138
info|2021-01-28 23:00:23.788403|[g:1][CONSENSUS]addRawPrepare,height=25,reqIdx=2,hash=a8366dcb...,time=0
info|2021-01-28 23:00:23.788603|[g:1][CONSENSUS][PBFT]checkTimeout Succ,view=1138,toView=1139,nodeIdx=1,changeCycle=1,myNode=8767659a...,timecost=0.169
info|2021-01-28 23:00:23.792554|[g:1][CONSENSUS][PBFT]checkAndChangeView: Reach consensus,org_view=1138,cur_changeCycle=1,curView=1138,view=1139
info|2021-01-28 23:00:24.793195|[g:1][CONSENSUS]addRawPrepare,height=25,reqIdx=3,hash=3ffd12d6...,time=0
info|2021-01-28 23:00:24.793391|[g:1][CONSENSUS][PBFT]checkTimeout Succ,view=1139,toView=1140,nodeIdx=1,changeCycle=1,myNode=8767659a...,timecost=0.169
info|2021-01-28 23:00:24.798695|[g:1][CONSENSUS][PBFT]checkAndChangeView: Reach consensus,org_view=1139,cur_changeCycle=1,curView=1139,view=1140
info|2021-01-28 23:00:24.992459|[P2P][Service] heartBeat,connected count=3
info|2021-01-28 23:00:25.798580|[g:1][CONSENSUS]addRawPrepare,height=25,reqIdx=0,hash=0f2f32a1...,time=0
info|2021-01-28 23:00:25.798766|[g:1][CONSENSUS][PBFT]checkTimeout Succ,view=1140,toView=1141,nodeIdx=1,changeCycle=1,myNode=8767659a...,timecost=0.162
info|2021-01-28 23:00:25.800454|[g:1][CONSENSUS][PBFT]checkAndChangeView: Reach consensus,org_view=1140,cur_changeCycle=1,curView=1140,view=1141
info|2021-01-28 23:00:26.799855|[g:1][CONSENSUS][SEALER]++++++++++++++++ Generating seal on,blkNum=25,tx=0,nodeIdx=1,hash=e3baa4ed...
info|2021-01-28 23:00:26.805659|[g:1][CONSENSUS][PBFT]checkTimeout Succ,view=1141,toView=1142,nodeIdx=1,changeCycle=1,myNode=8767659a...,timecost=0.169
info|2021-01-28 23:00:26.807000|[g:1][CONSENSUS][PBFT]checkAndChangeView: Reach consensus,org_view=1141,cur_changeCycle=1,curView=1141,view=1142
info|2021-01-28 23:00:27.807089|[g:1][CONSENSUS]addRawPrepare,height=25,reqIdx=2,hash=95d29f25...,time=0
info|2021-01-28 23:00:27.807342|[g:1][CONSENSUS][PBFT]checkTimeout Succ,view=1142,toView=1143,nodeIdx=1,changeCycle=1,myNode=8767659a...,timecost=0.225
info|2021-01-28 23:00:27.810954|[g:1][CONSENSUS][PBFT]checkAndChangeView: Reach consensus,org_view=1142,cur_changeCycle=1,curView=1142,view=1143
